2025-03-13 13:37:59 スクリプト開始
2025-03-13 13:37:59 取得したコンテンツID: ['コンテンツID', 'A1005377', 'A1005402', 'A1005403']
2025-03-13 13:38:23 ログイン成功
2025-03-13 13:38:25 検索条件入力完了: コンテンツID
2025-03-13 13:38:29 Error processing content_id コンテンツID: Alert Text: コンテンツIDは半角英数字で入力してください。
Message: unexpected alert open: {Alert text : コンテンツIDは半角英数字で入力してください。}
  (Session info: MicrosoftEdge=134.0.3124.66)
Stacktrace:
	GetHandleVerifier [0x00007FF7625FA7D5+20677]
	simdutf::get_active_implementation [0x00007FF762556F80+492656]
	Microsoft::Applications::Events::EventProperty::to_string [0x00007FF76284DC8A+1807418]
	(No symbol) [0x00007FF7623D636A]
	(No symbol) [0x00007FF7623B81C3]
	(No symbol) [0x00007FF76238CC36]
	(No symbol) [0x00007FF76238C0C4]
	(No symbol) [0x00007FF76238CA63]
	(No symbol) [0x00007FF7624758DD]
	(No symbol) [0x00007FF762481D42]
	(No symbol) [0x00007FF76247A703]
	Microsoft::Applications::Events::EventProperty::to_string [0x00007FF7626D47DA+262026]
	simdutf::get_active_implementation [0x00007FF7625646B1+547745]
	simdutf::get_active_implementation [0x00007FF76255D964+519764]
	simdutf::get_active_implementation [0x00007FF76255DAA9+520089]
	simdutf::get_active_implementation [0x00007FF76254F656+461638]
	BaseThreadInitThunk [0x00007FFB1F107AC4+20]
	RtlUserThreadStart [0x00007FFB219FA8C1+33]

2025-03-13 13:38:29 完了: コンテンツID
2025-03-13 13:38:31 検索条件入力完了: A1005377
2025-03-13 13:38:39 詳細ウィンドウが表示されました。
2025-03-13 13:38:40 コンテンツ情報の修正ボタンをクリックしました。
2025-03-13 13:38:42 コンテンツ情報修正後のアラートOKを押下しました。
2025-03-13 13:38:44 【申請】ボタンをクリックしました。
2025-03-13 13:38:46 【申請】確認アラートのOKを押下しました。
2025-03-13 13:38:50 【承認】ボタンをクリックしました。
2025-03-13 13:38:52 【承認】確認アラートのOKを押下しました。
2025-03-13 13:38:55 【公開】ボタンをクリックしました。
2025-03-13 13:38:57 【公開】確認アラートのOKを押下しました。
2025-03-13 13:38:59 詳細ウィンドウを閉じました。
2025-03-13 13:38:59 検索画面に戻りました。
2025-03-13 13:39:01 処理完了: A1005377
2025-03-13 13:39:03 完了: A1005377
2025-03-13 13:39:05 検索条件入力完了: A1005402
2025-03-13 13:39:13 詳細ウィンドウが表示されました。
2025-03-13 13:39:14 コンテンツ情報の修正ボタンをクリックしました。
2025-03-13 13:39:16 コンテンツ情報修正後のアラートOKを押下しました。
2025-03-13 13:39:18 【申請】ボタンをクリックしました。
2025-03-13 13:39:20 【申請】確認アラートのOKを押下しました。
2025-03-13 13:39:24 【承認】ボタンをクリックしました。
2025-03-13 13:39:26 【承認】確認アラートのOKを押下しました。
2025-03-13 13:39:28 【公開】ボタンをクリックしました。
2025-03-13 13:39:30 【公開】確認アラートのOKを押下しました。
2025-03-13 13:39:32 詳細ウィンドウを閉じました。
2025-03-13 13:39:32 検索画面に戻りました。
2025-03-13 13:39:34 処理完了: A1005402
2025-03-13 13:39:36 完了: A1005402
2025-03-13 13:39:38 検索条件入力完了: A1005403
2025-03-13 13:39:46 詳細ウィンドウが表示されました。
2025-03-13 13:39:48 コンテンツ情報の修正ボタンをクリックしました。
2025-03-13 13:39:50 コンテンツ情報修正後のアラートOKを押下しました。
2025-03-13 13:39:52 【申請】ボタンをクリックしました。
2025-03-13 13:39:54 【申請】確認アラートのOKを押下しました。
2025-03-13 13:39:57 【承認】ボタンをクリックしました。
2025-03-13 13:39:59 【承認】確認アラートのOKを押下しました。
2025-03-13 13:40:01 【公開】ボタンをクリックしました。
2025-03-13 13:40:03 【公開】確認アラートのOKを押下しました。
2025-03-13 13:40:06 詳細ウィンドウを閉じました。
2025-03-13 13:40:06 検索画面に戻りました。
2025-03-13 13:40:08 処理完了: A1005403
2025-03-13 13:40:10 完了: A1005403
2025-03-13 13:40:12 全ての検索処理が完了しました。
