2025-03-12 16:51:43 スクリプト開始
2025-03-12 16:51:43 スクリプト開始
2025-03-12 16:51:44 取得したコンテンツID: ['A1005377']
2025-03-12 16:51:44 ====== WebDriver manager ======
2025-03-12 16:51:47 Get LATEST edgedriver version for Edge 134.0.3124
2025-03-12 16:51:47 Get LATEST edgedriver version for Edge 134.0.3124
2025-03-12 16:51:47 Driver [C:\Users\10005898\.wdm\drivers\edgedriver\win64\134.0.3124.51\msedgedriver.exe] found in cache
2025-03-12 16:51:56 検索条件入力完了: A1005377
2025-03-12 16:52:04 詳細ウィンドウが表示されました。
2025-03-12 16:52:06 コンテンツ情報の修正ボタンをクリックしました。
2025-03-12 16:52:08 コンテンツ情報修正後のアラートOKを押下しました。
2025-03-12 16:52:10 【申請】ボタンをクリックしました。
2025-03-12 16:52:12 【申請】確認アラートのOKを押下しました。
2025-03-12 16:52:14 【承認】ボタンをクリックしました。
2025-03-12 16:52:16 【承認】確認アラートのOKを押下しました。
2025-03-12 16:52:18 【公開】ボタンをクリックしました。
2025-03-12 16:52:20 【公開】確認アラートのOKを押下しました。
2025-03-12 16:52:22 詳細ウィンドウを閉じました。
2025-03-12 16:52:22 検索画面に戻りました。
2025-03-12 16:52:24 処理完了: A1005377
2025-03-12 16:52:26 完了: A1005377
2025-03-12 16:52:28 全ての検索処理が完了しました。
2025-03-12 16:52:28 Enterキーを押すと終了します...
