2025-03-11 13:24:23 スクリプト開始
2025-03-11 13:24:24 取得したコンテンツID: ['A3004387', 'A3004388', 'A3004389']
2025-03-11 13:24:24 ====== WebDriver manager ======
2025-03-11 13:24:25 Get LATEST edgedriver version for Edge 134.0.3124
2025-03-11 13:24:25 Get LATEST edgedriver version for Edge 134.0.3124
2025-03-11 13:24:25 Driver [C:\Users\10005898\.wdm\drivers\edgedriver\win64\134.0.3124.51\msedgedriver.exe] found in cache
2025-03-11 13:24:34 検索条件入力完了: A3004387
2025-03-11 13:24:42 詳細ウィンドウが表示されました。
2025-03-11 13:24:42 タイトル枠の値: ▼中学校数学の世界１指導者用デジタル教科書
2025-03-11 13:24:44 コンテンツ情報の修正ボタンをクリックしました。
2025-03-11 13:24:46 コンテンツ情報修正後のアラートOKを押下しました。
2025-03-11 13:24:48 SALE_STAT_CL_ID_2は既に選択されています。
2025-03-11 13:24:48 【申請】ボタンをクリックしました。
2025-03-11 13:24:50 【申請】確認アラートのOKを押下しました。
2025-03-11 13:24:53 【承認】ボタンをクリックしました。
2025-03-11 13:24:55 【承認】確認アラートのOKを押下しました。
2025-03-11 13:24:58 【公開】ボタンをクリックしました。
2025-03-11 13:25:00 【公開】確認アラートのOKを押下しました。
2025-03-11 13:25:02 詳細ウィンドウを閉じました。
2025-03-11 13:25:02 検索画面に戻りました。
2025-03-11 13:25:04 処理完了: A3004387
2025-03-11 13:25:06 完了: A3004387
2025-03-11 13:25:08 検索条件入力完了: A3004388
2025-03-11 13:25:16 詳細ウィンドウが表示されました。
2025-03-11 13:25:16 タイトル枠の値: ▼中学校数学の世界２指導者用デジタル教科書
2025-03-11 13:25:18 コンテンツ情報の修正ボタンをクリックしました。
2025-03-11 13:25:20 コンテンツ情報修正後のアラートOKを押下しました。
2025-03-11 13:25:22 SALE_STAT_CL_ID_2は既に選択されています。
2025-03-11 13:25:22 【申請】ボタンをクリックしました。
2025-03-11 13:25:24 【申請】確認アラートのOKを押下しました。
2025-03-11 13:25:28 【承認】ボタンをクリックしました。
2025-03-11 13:25:30 【承認】確認アラートのOKを押下しました。
2025-03-11 13:25:32 【公開】ボタンをクリックしました。
2025-03-11 13:25:34 【公開】確認アラートのOKを押下しました。
2025-03-11 13:25:36 詳細ウィンドウを閉じました。
2025-03-11 13:25:36 検索画面に戻りました。
2025-03-11 13:25:38 処理完了: A3004388
2025-03-11 13:25:40 完了: A3004388
2025-03-11 13:25:42 検索条件入力完了: A3004389
2025-03-11 13:25:51 詳細ウィンドウが表示されました。
2025-03-11 13:25:51 タイトル枠の値: ▼中学校数学の世界３指導者用デジタル教科書
2025-03-11 13:25:52 コンテンツ情報の修正ボタンをクリックしました。
2025-03-11 13:25:54 コンテンツ情報修正後のアラートOKを押下しました。
2025-03-11 13:25:56 SALE_STAT_CL_ID_2は既に選択されています。
2025-03-11 13:25:56 【申請】ボタンをクリックしました。
2025-03-11 13:25:58 【申請】確認アラートのOKを押下しました。
2025-03-11 13:26:01 【承認】ボタンをクリックしました。
2025-03-11 13:26:03 【承認】確認アラートのOKを押下しました。
2025-03-11 13:26:06 【公開】ボタンをクリックしました。
2025-03-11 13:26:08 【公開】確認アラートのOKを押下しました。
2025-03-11 13:26:10 詳細ウィンドウを閉じました。
2025-03-11 13:26:10 検索画面に戻りました。
2025-03-11 13:26:12 処理完了: A3004389
2025-03-11 13:26:14 完了: A3004389
2025-03-11 13:26:16 全ての検索処理が完了しました。
2025-03-11 13:26:16 Enterキーを押すと終了します...
