2025-03-12 16:48:26 スクリプト開始
2025-03-12 16:48:26 スクリプト開始
2025-03-12 16:48:27 取得したコンテンツID: ['A1005377', 'A1005402', 'A1005403']
2025-03-12 16:48:27 ====== WebDriver manager ======
2025-03-12 16:48:31 Get LATEST edgedriver version for Edge 134.0.3124
2025-03-12 16:48:31 Get LATEST edgedriver version for Edge 134.0.3124
2025-03-12 16:48:31 Driver [C:\Users\10005898\.wdm\drivers\edgedriver\win64\134.0.3124.51\msedgedriver.exe] found in cache
2025-03-12 16:48:40 検索条件入力完了: A1005377
2025-03-12 16:48:48 詳細ウィンドウが表示されました。
2025-03-12 16:48:50 コンテンツ情報の修正ボタンをクリックしました。
2025-03-12 16:48:52 コンテンツ情報修正後のアラートOKを押下しました。
2025-03-12 16:48:54 【申請】ボタンをクリックしました。
2025-03-12 16:48:56 【申請】確認アラートのOKを押下しました。
2025-03-12 16:49:00 【承認】ボタンをクリックしました。
2025-03-12 16:49:02 【承認】確認アラートのOKを押下しました。
2025-03-12 16:49:04 【公開】ボタンをクリックしました。
2025-03-12 16:49:06 【公開】確認アラートのOKを押下しました。
2025-03-12 16:49:08 詳細ウィンドウを閉じました。
2025-03-12 16:49:08 検索画面に戻りました。
2025-03-12 16:49:10 処理完了: A1005377
2025-03-12 16:49:12 完了: A1005377
2025-03-12 16:49:14 検索条件入力完了: A1005402
2025-03-12 16:49:23 詳細ウィンドウが表示されました。
2025-03-12 16:49:24 コンテンツ情報の修正ボタンをクリックしました。
2025-03-12 16:49:26 コンテンツ情報修正後のアラートOKを押下しました。
2025-03-12 16:49:28 【申請】ボタンをクリックしました。
2025-03-12 16:49:30 【申請】確認アラートのOKを押下しました。
2025-03-12 16:49:32 【承認】ボタンをクリックしました。
2025-03-12 16:49:34 【承認】確認アラートのOKを押下しました。
2025-03-12 16:49:36 【公開】ボタンをクリックしました。
2025-03-12 16:49:38 【公開】確認アラートのOKを押下しました。
2025-03-12 16:49:41 詳細ウィンドウを閉じました。
2025-03-12 16:49:41 検索画面に戻りました。
2025-03-12 16:49:43 処理完了: A1005402
2025-03-12 16:49:45 完了: A1005402
2025-03-12 16:49:47 検索条件入力完了: A1005403
2025-03-12 16:49:55 詳細ウィンドウが表示されました。
2025-03-12 16:49:56 コンテンツ情報の修正ボタンをクリックしました。
2025-03-12 16:49:58 コンテンツ情報修正後のアラートOKを押下しました。
2025-03-12 16:50:01 【申請】ボタンをクリックしました。
2025-03-12 16:50:03 【申請】確認アラートのOKを押下しました。
2025-03-12 16:50:06 【承認】ボタンをクリックしました。
2025-03-12 16:50:08 【承認】確認アラートのOKを押下しました。
2025-03-12 16:50:10 【公開】ボタンをクリックしました。
2025-03-12 16:50:12 【公開】確認アラートのOKを押下しました。
2025-03-12 16:50:14 詳細ウィンドウを閉じました。
2025-03-12 16:50:14 検索画面に戻りました。
2025-03-12 16:50:16 処理完了: A1005403
2025-03-12 16:50:18 完了: A1005403
2025-03-12 16:50:20 全ての検索処理が完了しました。
2025-03-12 16:50:20 Enterキーを押すと終了します...
