2025-03-13 10:03:13 スクリプト開始
2025-03-13 10:03:14 取得したコンテンツID: ['BO004730', 'BO004737', 'BO004738', 'BO004739', 'BO004740', 'BO004741', 'BO004742', 'BO004749', 'BO004750', 'BO004751', 'BO004752', 'BO004753', 'BO004754', 'BO004755', 'BO004756', 'BO004757', 'BO004758', 'BO004759', 'BO004760', 'BU005995', 'BU005996', 'BU005997', 'BU005998', 'BU005999', 'BU006000', 'BU006003', 'BU006004', 'BU006005', 'Z9002872', 'Z9002952', 'Z9003676', 'Z9003723', 'BO004304', 'BO004731', 'BO004732', 'BO004733', 'BO004734', 'BO004735', 'BO004736', 'BO004743', 'BO004744', 'BO004745', 'BO004746', 'BO004747', 'BO004748', 'XX000318', 'Z9004302', 'Z9006262', 'Z9009421', 'ZZ003754', 'ZZ004281', 'ZZ005952', 'ZZ008396', 'ZZ008733']
2025-03-13 10:03:27 ログイン成功
2025-03-13 10:03:32 検索条件入力完了: BO004730
2025-03-13 10:03:40 詳細ウィンドウが表示されました。
2025-03-13 10:03:41 コンテンツ情報の修正ボタンをクリックしました。
2025-03-13 10:03:43 コンテンツ情報修正後のアラートOKを押下しました。
2025-03-13 10:03:45 【申請】ボタンをクリックしました。
2025-03-13 10:03:47 【申請】確認アラートのOKを押下しました。
2025-03-13 10:03:51 【承認】ボタンをクリックしました。
2025-03-13 10:03:53 【承認】確認アラートのOKを押下しました。
2025-03-13 10:03:56 【公開】ボタンをクリックしました。
2025-03-13 10:03:58 【公開】確認アラートのOKを押下しました。
2025-03-13 10:04:00 詳細ウィンドウを閉じました。
2025-03-13 10:04:00 検索画面に戻りました。
2025-03-13 10:04:02 処理完了: BO004730
2025-03-13 10:04:04 完了: BO004730
2025-03-13 10:04:06 検索条件入力完了: BO004737
2025-03-13 10:04:14 詳細ウィンドウが表示されました。
2025-03-13 10:04:15 コンテンツ情報の修正ボタンをクリックしました。
2025-03-13 10:04:17 コンテンツ情報修正後のアラートOKを押下しました。
2025-03-13 10:04:19 【申請】ボタンをクリックしました。
2025-03-13 10:04:21 【申請】確認アラートのOKを押下しました。
2025-03-13 10:04:25 【承認】ボタンをクリックしました。
2025-03-13 10:04:27 【承認】確認アラートのOKを押下しました。
2025-03-13 10:04:29 【公開】ボタンをクリックしました。
2025-03-13 10:04:31 【公開】確認アラートのOKを押下しました。
2025-03-13 10:04:33 詳細ウィンドウを閉じました。
2025-03-13 10:04:33 検索画面に戻りました。
2025-03-13 10:04:35 処理完了: BO004737
2025-03-13 10:04:37 完了: BO004737
2025-03-13 10:04:39 検索条件入力完了: BO004738
2025-03-13 10:04:47 詳細ウィンドウが表示されました。
2025-03-13 10:04:49 コンテンツ情報の修正ボタンをクリックしました。
2025-03-13 10:04:51 コンテンツ情報修正後のアラートOKを押下しました。
2025-03-13 10:04:53 【申請】ボタンをクリックしました。
2025-03-13 10:04:55 【申請】確認アラートのOKを押下しました。
2025-03-13 10:04:59 【承認】ボタンをクリックしました。
2025-03-13 10:05:01 【承認】確認アラートのOKを押下しました。
2025-03-13 10:05:03 【公開】ボタンをクリックしました。
2025-03-13 10:05:05 【公開】確認アラートのOKを押下しました。
2025-03-13 10:05:07 詳細ウィンドウを閉じました。
2025-03-13 10:05:07 検索画面に戻りました。
2025-03-13 10:05:09 処理完了: BO004738
2025-03-13 10:05:11 完了: BO004738
2025-03-13 10:05:13 検索条件入力完了: BO004739
2025-03-13 10:05:22 詳細ウィンドウが表示されました。
2025-03-13 10:05:23 コンテンツ情報の修正ボタンをクリックしました。
2025-03-13 10:05:25 コンテンツ情報修正後のアラートOKを押下しました。
2025-03-13 10:05:27 【申請】ボタンをクリックしました。
2025-03-13 10:05:29 【申請】確認アラートのOKを押下しました。
2025-03-13 10:05:32 【承認】ボタンをクリックしました。
2025-03-13 10:05:34 【承認】確認アラートのOKを押下しました。
2025-03-13 10:05:36 【公開】ボタンをクリックしました。
2025-03-13 10:05:38 【公開】確認アラートのOKを押下しました。
2025-03-13 10:05:40 詳細ウィンドウを閉じました。
2025-03-13 10:05:40 検索画面に戻りました。
2025-03-13 10:05:42 処理完了: BO004739
2025-03-13 10:05:44 完了: BO004739
2025-03-13 10:05:46 検索条件入力完了: BO004740
2025-03-13 10:05:54 詳細ウィンドウが表示されました。
2025-03-13 10:05:55 コンテンツ情報の修正ボタンをクリックしました。
2025-03-13 10:05:57 コンテンツ情報修正後のアラートOKを押下しました。
2025-03-13 10:06:00 【申請】ボタンをクリックしました。
2025-03-13 10:06:02 【申請】確認アラートのOKを押下しました。
2025-03-13 10:06:05 【承認】ボタンをクリックしました。
2025-03-13 10:06:07 【承認】確認アラートのOKを押下しました。
2025-03-13 10:06:10 【公開】ボタンをクリックしました。
2025-03-13 10:06:12 【公開】確認アラートのOKを押下しました。
2025-03-13 10:06:14 詳細ウィンドウを閉じました。
2025-03-13 10:06:14 検索画面に戻りました。
2025-03-13 10:06:16 処理完了: BO004740
2025-03-13 10:06:18 完了: BO004740
2025-03-13 10:06:20 検索条件入力完了: BO004741
2025-03-13 10:06:28 詳細ウィンドウが表示されました。
2025-03-13 10:06:29 コンテンツ情報の修正ボタンをクリックしました。
2025-03-13 10:06:31 コンテンツ情報修正後のアラートOKを押下しました。
2025-03-13 10:06:33 【申請】ボタンをクリックしました。
2025-03-13 10:06:35 【申請】確認アラートのOKを押下しました。
2025-03-13 10:06:39 【承認】ボタンをクリックしました。
2025-03-13 10:06:41 【承認】確認アラートのOKを押下しました。
2025-03-13 10:06:44 【公開】ボタンをクリックしました。
2025-03-13 10:06:46 【公開】確認アラートのOKを押下しました。
2025-03-13 10:06:48 詳細ウィンドウを閉じました。
2025-03-13 10:06:48 検索画面に戻りました。
2025-03-13 10:06:50 処理完了: BO004741
2025-03-13 10:06:52 完了: BO004741
2025-03-13 10:06:54 検索条件入力完了: BO004742
2025-03-13 10:07:02 詳細ウィンドウが表示されました。
2025-03-13 10:07:04 コンテンツ情報の修正ボタンをクリックしました。
2025-03-13 10:07:06 コンテンツ情報修正後のアラートOKを押下しました。
2025-03-13 10:07:08 【申請】ボタンをクリックしました。
2025-03-13 10:07:10 【申請】確認アラートのOKを押下しました。
2025-03-13 10:07:13 【承認】ボタンをクリックしました。
2025-03-13 10:07:16 【承認】確認アラートのOKを押下しました。
2025-03-13 10:07:18 【公開】ボタンをクリックしました。
2025-03-13 10:07:20 【公開】確認アラートのOKを押下しました。
2025-03-13 10:07:24 詳細ウィンドウを閉じました。
2025-03-13 10:07:24 検索画面に戻りました。
2025-03-13 10:07:27 処理完了: BO004742
2025-03-13 10:07:29 完了: BO004742
2025-03-13 10:07:33 検索条件入力完了: BO004749
2025-03-13 10:07:43 詳細ウィンドウが表示されました。
2025-03-13 10:07:45 コンテンツ情報の修正ボタンをクリックしました。
2025-03-13 10:07:47 コンテンツ情報修正後のアラートOKを押下しました。
2025-03-13 10:07:49 【申請】ボタンをクリックしました。
2025-03-13 10:07:51 【申請】確認アラートのOKを押下しました。
2025-03-13 10:07:53 【承認】ボタンをクリックしました。
2025-03-13 10:07:55 【承認】確認アラートのOKを押下しました。
2025-03-13 10:07:57 【公開】ボタンをクリックしました。
2025-03-13 10:07:59 【公開】確認アラートのOKを押下しました。
2025-03-13 10:08:02 詳細ウィンドウを閉じました。
2025-03-13 10:08:02 検索画面に戻りました。
2025-03-13 10:08:04 処理完了: BO004749
2025-03-13 10:08:06 完了: BO004749
2025-03-13 10:08:08 検索条件入力完了: BO004750
2025-03-13 10:08:17 詳細ウィンドウが表示されました。
2025-03-13 10:08:18 コンテンツ情報の修正ボタンをクリックしました。
2025-03-13 10:08:20 コンテンツ情報修正後のアラートOKを押下しました。
2025-03-13 10:08:22 【申請】ボタンをクリックしました。
2025-03-13 10:08:24 【申請】確認アラートのOKを押下しました。
2025-03-13 10:08:27 【承認】ボタンをクリックしました。
2025-03-13 10:08:29 【承認】確認アラートのOKを押下しました。
2025-03-13 10:08:31 【公開】ボタンをクリックしました。
2025-03-13 10:08:33 【公開】確認アラートのOKを押下しました。
2025-03-13 10:08:35 詳細ウィンドウを閉じました。
2025-03-13 10:08:35 検索画面に戻りました。
2025-03-13 10:08:37 処理完了: BO004750
2025-03-13 10:08:39 完了: BO004750
2025-03-13 10:08:41 検索条件入力完了: BO004751
2025-03-13 10:08:50 詳細ウィンドウが表示されました。
2025-03-13 10:08:51 コンテンツ情報の修正ボタンをクリックしました。
2025-03-13 10:08:53 コンテンツ情報修正後のアラートOKを押下しました。
2025-03-13 10:08:55 【申請】ボタンをクリックしました。
2025-03-13 10:08:57 【申請】確認アラートのOKを押下しました。
2025-03-13 10:09:01 【承認】ボタンをクリックしました。
2025-03-13 10:09:03 【承認】確認アラートのOKを押下しました。
2025-03-13 10:09:05 【公開】ボタンをクリックしました。
2025-03-13 10:09:07 【公開】確認アラートのOKを押下しました。
2025-03-13 10:09:09 詳細ウィンドウを閉じました。
2025-03-13 10:09:10 検索画面に戻りました。
2025-03-13 10:09:12 処理完了: BO004751
2025-03-13 10:09:14 完了: BO004751
2025-03-13 10:09:16 検索条件入力完了: BO004752
2025-03-13 10:09:24 詳細ウィンドウが表示されました。
2025-03-13 10:09:25 コンテンツ情報の修正ボタンをクリックしました。
2025-03-13 10:09:27 コンテンツ情報修正後のアラートOKを押下しました。
2025-03-13 10:09:29 【申請】ボタンをクリックしました。
2025-03-13 10:09:31 【申請】確認アラートのOKを押下しました。
2025-03-13 10:09:33 【承認】ボタンをクリックしました。
2025-03-13 10:09:36 【承認】確認アラートのOKを押下しました。
2025-03-13 10:09:38 【公開】ボタンをクリックしました。
2025-03-13 10:09:40 【公開】確認アラートのOKを押下しました。
2025-03-13 10:09:42 詳細ウィンドウを閉じました。
2025-03-13 10:09:42 検索画面に戻りました。
2025-03-13 10:09:44 処理完了: BO004752
2025-03-13 10:09:46 完了: BO004752
2025-03-13 10:09:48 検索条件入力完了: BO004753
2025-03-13 10:09:56 詳細ウィンドウが表示されました。
2025-03-13 10:09:57 コンテンツ情報の修正ボタンをクリックしました。
2025-03-13 10:09:59 コンテンツ情報修正後のアラートOKを押下しました。
2025-03-13 10:10:02 【申請】ボタンをクリックしました。
2025-03-13 10:10:04 【申請】確認アラートのOKを押下しました。
2025-03-13 10:10:07 【承認】ボタンをクリックしました。
2025-03-13 10:10:09 【承認】確認アラートのOKを押下しました。
2025-03-13 10:10:12 【公開】ボタンをクリックしました。
2025-03-13 10:10:14 【公開】確認アラートのOKを押下しました。
2025-03-13 10:10:16 詳細ウィンドウを閉じました。
2025-03-13 10:10:16 検索画面に戻りました。
2025-03-13 10:10:18 処理完了: BO004753
2025-03-13 10:10:20 完了: BO004753
2025-03-13 10:10:22 検索条件入力完了: BO004754
2025-03-13 10:10:31 詳細ウィンドウが表示されました。
2025-03-13 10:10:32 コンテンツ情報の修正ボタンをクリックしました。
2025-03-13 10:10:34 コンテンツ情報修正後のアラートOKを押下しました。
2025-03-13 10:10:36 【申請】ボタンをクリックしました。
2025-03-13 10:10:38 【申請】確認アラートのOKを押下しました。
2025-03-13 10:10:41 【承認】ボタンをクリックしました。
2025-03-13 10:10:43 【承認】確認アラートのOKを押下しました。
2025-03-13 10:10:46 【公開】ボタンをクリックしました。
2025-03-13 10:10:48 【公開】確認アラートのOKを押下しました。
2025-03-13 10:10:50 詳細ウィンドウを閉じました。
2025-03-13 10:10:50 検索画面に戻りました。
2025-03-13 10:10:52 処理完了: BO004754
2025-03-13 10:10:54 完了: BO004754
2025-03-13 10:10:56 検索条件入力完了: BO004755
2025-03-13 10:11:04 詳細ウィンドウが表示されました。
2025-03-13 10:11:05 コンテンツ情報の修正ボタンをクリックしました。
2025-03-13 10:11:07 コンテンツ情報修正後のアラートOKを押下しました。
2025-03-13 10:11:10 【申請】ボタンをクリックしました。
2025-03-13 10:11:12 【申請】確認アラートのOKを押下しました。
2025-03-13 10:11:15 【承認】ボタンをクリックしました。
2025-03-13 10:11:17 【承認】確認アラートのOKを押下しました。
2025-03-13 10:11:19 【公開】ボタンをクリックしました。
2025-03-13 10:11:21 【公開】確認アラートのOKを押下しました。
2025-03-13 10:11:23 詳細ウィンドウを閉じました。
2025-03-13 10:11:23 検索画面に戻りました。
2025-03-13 10:11:25 処理完了: BO004755
2025-03-13 10:11:27 完了: BO004755
2025-03-13 10:11:30 検索条件入力完了: BO004756
2025-03-13 10:11:38 詳細ウィンドウが表示されました。
2025-03-13 10:11:39 コンテンツ情報の修正ボタンをクリックしました。
2025-03-13 10:11:41 コンテンツ情報修正後のアラートOKを押下しました。
2025-03-13 10:11:43 【申請】ボタンをクリックしました。
2025-03-13 10:11:45 【申請】確認アラートのOKを押下しました。
2025-03-13 10:11:49 【承認】ボタンをクリックしました。
2025-03-13 10:11:51 【承認】確認アラートのOKを押下しました。
2025-03-13 10:11:53 【公開】ボタンをクリックしました。
2025-03-13 10:11:55 【公開】確認アラートのOKを押下しました。
2025-03-13 10:11:57 詳細ウィンドウを閉じました。
2025-03-13 10:11:57 検索画面に戻りました。
2025-03-13 10:11:59 処理完了: BO004756
2025-03-13 10:12:01 完了: BO004756
2025-03-13 10:12:03 検索条件入力完了: BO004757
2025-03-13 10:12:11 詳細ウィンドウが表示されました。
2025-03-13 10:12:13 コンテンツ情報の修正ボタンをクリックしました。
2025-03-13 10:12:15 コンテンツ情報修正後のアラートOKを押下しました。
2025-03-13 10:12:17 【申請】ボタンをクリックしました。
2025-03-13 10:12:19 【申請】確認アラートのOKを押下しました。
2025-03-13 10:12:22 【承認】ボタンをクリックしました。
2025-03-13 10:12:24 【承認】確認アラートのOKを押下しました。
2025-03-13 10:12:27 【公開】ボタンをクリックしました。
2025-03-13 10:12:29 【公開】確認アラートのOKを押下しました。
2025-03-13 10:12:31 詳細ウィンドウを閉じました。
2025-03-13 10:12:31 検索画面に戻りました。
2025-03-13 10:12:33 処理完了: BO004757
2025-03-13 10:12:35 完了: BO004757
2025-03-13 10:12:37 検索条件入力完了: BO004758
2025-03-13 10:12:45 詳細ウィンドウが表示されました。
2025-03-13 10:12:47 コンテンツ情報の修正ボタンをクリックしました。
2025-03-13 10:12:49 コンテンツ情報修正後のアラートOKを押下しました。
2025-03-13 10:12:51 【申請】ボタンをクリックしました。
2025-03-13 10:12:53 【申請】確認アラートのOKを押下しました。
2025-03-13 10:12:55 【承認】ボタンをクリックしました。
2025-03-13 10:12:57 【承認】確認アラートのOKを押下しました。
2025-03-13 10:12:59 【公開】ボタンをクリックしました。
2025-03-13 10:13:01 【公開】確認アラートのOKを押下しました。
2025-03-13 10:13:03 詳細ウィンドウを閉じました。
2025-03-13 10:13:03 検索画面に戻りました。
2025-03-13 10:13:05 処理完了: BO004758
2025-03-13 10:13:07 完了: BO004758
2025-03-13 10:13:09 検索条件入力完了: BO004759
2025-03-13 10:13:18 詳細ウィンドウが表示されました。
2025-03-13 10:13:19 コンテンツ情報の修正ボタンをクリックしました。
2025-03-13 10:13:21 コンテンツ情報修正後のアラートOKを押下しました。
2025-03-13 10:13:23 【申請】ボタンをクリックしました。
2025-03-13 10:13:25 【申請】確認アラートのOKを押下しました。
2025-03-13 10:13:27 【承認】ボタンをクリックしました。
2025-03-13 10:13:29 【承認】確認アラートのOKを押下しました。
2025-03-13 10:13:31 【公開】ボタンをクリックしました。
2025-03-13 10:13:33 【公開】確認アラートのOKを押下しました。
2025-03-13 10:13:36 詳細ウィンドウを閉じました。
2025-03-13 10:13:36 検索画面に戻りました。
2025-03-13 10:13:38 処理完了: BO004759
2025-03-13 10:13:40 完了: BO004759
2025-03-13 10:13:42 検索条件入力完了: BO004760
2025-03-13 10:13:50 詳細ウィンドウが表示されました。
2025-03-13 10:13:52 コンテンツ情報の修正ボタンをクリックしました。
2025-03-13 10:13:54 コンテンツ情報修正後のアラートOKを押下しました。
2025-03-13 10:13:56 【申請】ボタンをクリックしました。
2025-03-13 10:13:58 【申請】確認アラートのOKを押下しました。
2025-03-13 10:14:02 【承認】ボタンをクリックしました。
2025-03-13 10:14:04 【承認】確認アラートのOKを押下しました。
2025-03-13 10:14:06 【公開】ボタンをクリックしました。
2025-03-13 10:14:08 【公開】確認アラートのOKを押下しました。
2025-03-13 10:14:10 詳細ウィンドウを閉じました。
2025-03-13 10:14:10 検索画面に戻りました。
2025-03-13 10:14:12 処理完了: BO004760
2025-03-13 10:14:14 完了: BO004760
2025-03-13 10:14:16 検索条件入力完了: BU005995
2025-03-13 10:14:25 詳細ウィンドウが表示されました。
2025-03-13 10:14:26 コンテンツ情報の修正ボタンをクリックしました。
2025-03-13 10:14:28 コンテンツ情報修正後のアラートOKを押下しました。
2025-03-13 10:14:30 【申請】ボタンをクリックしました。
2025-03-13 10:14:32 【申請】確認アラートのOKを押下しました。
2025-03-13 10:14:36 【承認】ボタンをクリックしました。
2025-03-13 10:14:38 【承認】確認アラートのOKを押下しました。
2025-03-13 10:14:40 【公開】ボタンをクリックしました。
2025-03-13 10:14:42 【公開】確認アラートのOKを押下しました。
2025-03-13 10:14:44 詳細ウィンドウを閉じました。
2025-03-13 10:14:44 検索画面に戻りました。
2025-03-13 10:14:46 処理完了: BU005995
2025-03-13 10:14:48 完了: BU005995
2025-03-13 10:14:50 検索条件入力完了: BU005996
2025-03-13 10:14:58 詳細ウィンドウが表示されました。
2025-03-13 10:14:59 コンテンツ情報の修正ボタンをクリックしました。
2025-03-13 10:15:01 コンテンツ情報修正後のアラートOKを押下しました。
2025-03-13 10:15:04 【申請】ボタンをクリックしました。
2025-03-13 10:15:06 【申請】確認アラートのOKを押下しました。
2025-03-13 10:15:09 【承認】ボタンをクリックしました。
2025-03-13 10:15:11 【承認】確認アラートのOKを押下しました。
2025-03-13 10:15:13 【公開】ボタンをクリックしました。
2025-03-13 10:15:15 【公開】確認アラートのOKを押下しました。
2025-03-13 10:15:18 詳細ウィンドウを閉じました。
2025-03-13 10:15:18 検索画面に戻りました。
2025-03-13 10:15:20 処理完了: BU005996
2025-03-13 10:15:22 完了: BU005996
2025-03-13 10:15:24 検索条件入力完了: BU005997
2025-03-13 10:15:32 詳細ウィンドウが表示されました。
2025-03-13 10:15:33 コンテンツ情報の修正ボタンをクリックしました。
2025-03-13 10:15:35 コンテンツ情報修正後のアラートOKを押下しました。
2025-03-13 10:15:37 【申請】ボタンをクリックしました。
2025-03-13 10:15:39 【申請】確認アラートのOKを押下しました。
2025-03-13 10:15:44 【承認】ボタンをクリックしました。
2025-03-13 10:15:46 【承認】確認アラートのOKを押下しました。
2025-03-13 10:15:48 【公開】ボタンをクリックしました。
2025-03-13 10:15:50 【公開】確認アラートのOKを押下しました。
2025-03-13 10:15:52 詳細ウィンドウを閉じました。
2025-03-13 10:15:52 検索画面に戻りました。
2025-03-13 10:15:54 処理完了: BU005997
2025-03-13 10:15:56 完了: BU005997
2025-03-13 10:15:58 検索条件入力完了: BU005998
2025-03-13 10:16:06 詳細ウィンドウが表示されました。
2025-03-13 10:16:07 コンテンツ情報の修正ボタンをクリックしました。
2025-03-13 10:16:09 コンテンツ情報修正後のアラートOKを押下しました。
2025-03-13 10:16:12 【申請】ボタンをクリックしました。
2025-03-13 10:16:14 【申請】確認アラートのOKを押下しました。
2025-03-13 10:16:17 【承認】ボタンをクリックしました。
2025-03-13 10:16:19 【承認】確認アラートのOKを押下しました。
2025-03-13 10:16:22 【公開】ボタンをクリックしました。
2025-03-13 10:16:24 【公開】確認アラートのOKを押下しました。
2025-03-13 10:16:26 詳細ウィンドウを閉じました。
2025-03-13 10:16:26 検索画面に戻りました。
2025-03-13 10:16:28 処理完了: BU005998
2025-03-13 10:16:30 完了: BU005998
2025-03-13 10:16:32 検索条件入力完了: BU005999
2025-03-13 10:16:40 詳細ウィンドウが表示されました。
2025-03-13 10:16:42 コンテンツ情報の修正ボタンをクリックしました。
2025-03-13 10:16:44 コンテンツ情報修正後のアラートOKを押下しました。
2025-03-13 10:16:46 【申請】ボタンをクリックしました。
2025-03-13 10:16:48 【申請】確認アラートのOKを押下しました。
2025-03-13 10:16:52 【承認】ボタンをクリックしました。
2025-03-13 10:16:54 【承認】確認アラートのOKを押下しました。
2025-03-13 10:16:56 【公開】ボタンをクリックしました。
2025-03-13 10:16:58 【公開】確認アラートのOKを押下しました。
2025-03-13 10:17:00 詳細ウィンドウを閉じました。
2025-03-13 10:17:00 検索画面に戻りました。
2025-03-13 10:17:02 処理完了: BU005999
2025-03-13 10:17:04 完了: BU005999
2025-03-13 10:17:06 検索条件入力完了: BU006000
2025-03-13 10:17:14 詳細ウィンドウが表示されました。
2025-03-13 10:17:15 コンテンツ情報の修正ボタンをクリックしました。
2025-03-13 10:17:17 コンテンツ情報修正後のアラートOKを押下しました。
2025-03-13 10:17:19 【申請】ボタンをクリックしました。
2025-03-13 10:17:21 【申請】確認アラートのOKを押下しました。
2025-03-13 10:17:25 【承認】ボタンをクリックしました。
2025-03-13 10:17:27 【承認】確認アラートのOKを押下しました。
2025-03-13 10:17:29 【公開】ボタンをクリックしました。
2025-03-13 10:17:32 【公開】確認アラートのOKを押下しました。
2025-03-13 10:17:34 詳細ウィンドウを閉じました。
2025-03-13 10:17:34 検索画面に戻りました。
2025-03-13 10:17:36 処理完了: BU006000
2025-03-13 10:17:38 完了: BU006000
2025-03-13 10:17:40 検索条件入力完了: BU006003
2025-03-13 10:17:48 詳細ウィンドウが表示されました。
2025-03-13 10:17:50 コンテンツ情報の修正ボタンをクリックしました。
2025-03-13 10:17:52 コンテンツ情報修正後のアラートOKを押下しました。
2025-03-13 10:17:54 【申請】ボタンをクリックしました。
2025-03-13 10:17:56 【申請】確認アラートのOKを押下しました。
2025-03-13 10:17:59 【承認】ボタンをクリックしました。
2025-03-13 10:18:01 【承認】確認アラートのOKを押下しました。
2025-03-13 10:18:03 【公開】ボタンをクリックしました。
2025-03-13 10:18:05 【公開】確認アラートのOKを押下しました。
2025-03-13 10:18:07 詳細ウィンドウを閉じました。
2025-03-13 10:18:07 検索画面に戻りました。
2025-03-13 10:18:09 処理完了: BU006003
2025-03-13 10:18:11 完了: BU006003
2025-03-13 10:18:13 検索条件入力完了: BU006004
2025-03-13 10:18:22 詳細ウィンドウが表示されました。
2025-03-13 10:18:23 コンテンツ情報の修正ボタンをクリックしました。
2025-03-13 10:18:25 コンテンツ情報修正後のアラートOKを押下しました。
2025-03-13 10:18:27 【申請】ボタンをクリックしました。
2025-03-13 10:18:29 【申請】確認アラートのOKを押下しました。
2025-03-13 10:18:33 【承認】ボタンをクリックしました。
2025-03-13 10:18:35 【承認】確認アラートのOKを押下しました。
2025-03-13 10:18:37 【公開】ボタンをクリックしました。
2025-03-13 10:18:39 【公開】確認アラートのOKを押下しました。
2025-03-13 10:18:41 詳細ウィンドウを閉じました。
2025-03-13 10:18:41 検索画面に戻りました。
2025-03-13 10:18:43 処理完了: BU006004
2025-03-13 10:18:45 完了: BU006004
2025-03-13 10:18:47 検索条件入力完了: BU006005
2025-03-13 10:18:56 詳細ウィンドウが表示されました。
2025-03-13 10:18:57 コンテンツ情報の修正ボタンをクリックしました。
2025-03-13 10:18:59 コンテンツ情報修正後のアラートOKを押下しました。
2025-03-13 10:19:02 【申請】ボタンをクリックしました。
2025-03-13 10:19:04 【申請】確認アラートのOKを押下しました。
2025-03-13 10:19:07 【承認】ボタンをクリックしました。
2025-03-13 10:19:09 【承認】確認アラートのOKを押下しました。
2025-03-13 10:19:12 【公開】ボタンをクリックしました。
2025-03-13 10:19:14 【公開】確認アラートのOKを押下しました。
2025-03-13 10:19:16 詳細ウィンドウを閉じました。
2025-03-13 10:19:16 検索画面に戻りました。
2025-03-13 10:19:18 処理完了: BU006005
2025-03-13 10:19:20 完了: BU006005
2025-03-13 10:19:22 検索条件入力完了: Z9002872
2025-03-13 10:19:30 詳細ウィンドウが表示されました。
2025-03-13 10:19:32 コンテンツ情報の修正ボタンをクリックしました。
2025-03-13 10:19:34 コンテンツ情報修正後のアラートOKを押下しました。
2025-03-13 10:19:36 【申請】ボタンをクリックしました。
2025-03-13 10:19:58 Error: 【申請】ボタンの押下に失敗しました。 次の【承認】ステージに進みます。 Message: 
Stacktrace:
	GetHandleVerifier [0x00007FF766D9A7D5+20677]
	simdutf::get_active_implementation [0x00007FF766CF6F80+492656]
	Microsoft::Applications::Events::EventProperty::to_string [0x00007FF766FEDC8A+1807418]
	(No symbol) [0x00007FF766B372AC]
	(No symbol) [0x00007FF766B3758B]
	(No symbol) [0x00007FF766B785A7]
	(No symbol) [0x00007FF766B5849F]
	(No symbol) [0x00007FF766B2D6ED]
	(No symbol) [0x00007FF766B75D61]
	(No symbol) [0x00007FF766B581C3]
	(No symbol) [0x00007FF766B2CC36]
	(No symbol) [0x00007FF766B2C0C4]
	(No symbol) [0x00007FF766B2CA63]
	(No symbol) [0x00007FF766C158DD]
	(No symbol) [0x00007FF766C21D42]
	(No symbol) [0x00007FF766C1A703]
	Microsoft::Applications::Events::EventProperty::to_string [0x00007FF766E747DA+262026]
	simdutf::get_active_implementation [0x00007FF766D046B1+547745]
	simdutf::get_active_implementation [0x00007FF766CFD964+519764]
	simdutf::get_active_implementation [0x00007FF766CFDAA9+520089]
	simdutf::get_active_implementation [0x00007FF766CEF656+461638]
	BaseThreadInitThunk [0x00007FFAA9157374+20]
	RtlUserThreadStart [0x00007FFAA9C5CC91+33]

2025-03-13 10:19:58 【承認】ボタンをクリックしました。
2025-03-13 10:20:20 Error: 【承認】ボタンの押下に失敗しました。 次の【公開】ステージに進みます。 Message: 
Stacktrace:
	GetHandleVerifier [0x00007FF766D9A7D5+20677]
	simdutf::get_active_implementation [0x00007FF766CF6F80+492656]
	Microsoft::Applications::Events::EventProperty::to_string [0x00007FF766FEDC8A+1807418]
	(No symbol) [0x00007FF766B372AC]
	(No symbol) [0x00007FF766B3758B]
	(No symbol) [0x00007FF766B785A7]
	(No symbol) [0x00007FF766B5849F]
	(No symbol) [0x00007FF766B2D6ED]
	(No symbol) [0x00007FF766B75D61]
	(No symbol) [0x00007FF766B581C3]
	(No symbol) [0x00007FF766B2CC36]
	(No symbol) [0x00007FF766B2C0C4]
	(No symbol) [0x00007FF766B2CA63]
	(No symbol) [0x00007FF766C158DD]
	(No symbol) [0x00007FF766C21D42]
	(No symbol) [0x00007FF766C1A703]
	Microsoft::Applications::Events::EventProperty::to_string [0x00007FF766E747DA+262026]
	simdutf::get_active_implementation [0x00007FF766D046B1+547745]
	simdutf::get_active_implementation [0x00007FF766CFD964+519764]
	simdutf::get_active_implementation [0x00007FF766CFDAA9+520089]
	simdutf::get_active_implementation [0x00007FF766CEF656+461638]
	BaseThreadInitThunk [0x00007FFAA9157374+20]
	RtlUserThreadStart [0x00007FFAA9C5CC91+33]

2025-03-13 10:20:20 【公開】ボタンをクリックしました。
2025-03-13 10:20:43 Error: 【公開】ボタンの押下に失敗しました。 サブウィンドウを閉じ、検索画面に戻ります。 Message: 
Stacktrace:
	GetHandleVerifier [0x00007FF766D9A7D5+20677]
	simdutf::get_active_implementation [0x00007FF766CF6F80+492656]
	Microsoft::Applications::Events::EventProperty::to_string [0x00007FF766FEDC8A+1807418]
	(No symbol) [0x00007FF766B372AC]
	(No symbol) [0x00007FF766B3758B]
	(No symbol) [0x00007FF766B785A7]
	(No symbol) [0x00007FF766B5849F]
	(No symbol) [0x00007FF766B2D6ED]
	(No symbol) [0x00007FF766B75D61]
	(No symbol) [0x00007FF766B581C3]
	(No symbol) [0x00007FF766B2CC36]
	(No symbol) [0x00007FF766B2C0C4]
	(No symbol) [0x00007FF766B2CA63]
	(No symbol) [0x00007FF766C158DD]
	(No symbol) [0x00007FF766C21D42]
	(No symbol) [0x00007FF766C1A703]
	Microsoft::Applications::Events::EventProperty::to_string [0x00007FF766E747DA+262026]
	simdutf::get_active_implementation [0x00007FF766D046B1+547745]
	simdutf::get_active_implementation [0x00007FF766CFD964+519764]
	simdutf::get_active_implementation [0x00007FF766CFDAA9+520089]
	simdutf::get_active_implementation [0x00007FF766CEF656+461638]
	BaseThreadInitThunk [0x00007FFAA9157374+20]
	RtlUserThreadStart [0x00007FFAA9C5CC91+33]

2025-03-13 10:20:43 詳細ウィンドウを閉じました。
2025-03-13 10:20:43 検索画面に戻りました。
2025-03-13 10:20:45 処理完了: Z9002872
2025-03-13 10:20:47 完了: Z9002872
2025-03-13 10:20:49 検索条件入力完了: Z9002952
2025-03-13 10:20:57 詳細ウィンドウが表示されました。
2025-03-13 10:20:58 コンテンツ情報の修正ボタンをクリックしました。
2025-03-13 10:21:00 コンテンツ情報修正後のアラートOKを押下しました。
2025-03-13 10:21:03 【申請】ボタンをクリックしました。
2025-03-13 10:21:25 Error: 【申請】ボタンの押下に失敗しました。 次の【承認】ステージに進みます。 Message: 
Stacktrace:
	GetHandleVerifier [0x00007FF766D9A7D5+20677]
	simdutf::get_active_implementation [0x00007FF766CF6F80+492656]
	Microsoft::Applications::Events::EventProperty::to_string [0x00007FF766FEDC8A+1807418]
	(No symbol) [0x00007FF766B372AC]
	(No symbol) [0x00007FF766B3758B]
	(No symbol) [0x00007FF766B785A7]
	(No symbol) [0x00007FF766B5849F]
	(No symbol) [0x00007FF766B2D6ED]
	(No symbol) [0x00007FF766B75D61]
	(No symbol) [0x00007FF766B581C3]
	(No symbol) [0x00007FF766B2CC36]
	(No symbol) [0x00007FF766B2C0C4]
	(No symbol) [0x00007FF766B2CA63]
	(No symbol) [0x00007FF766C158DD]
	(No symbol) [0x00007FF766C21D42]
	(No symbol) [0x00007FF766C1A703]
	Microsoft::Applications::Events::EventProperty::to_string [0x00007FF766E747DA+262026]
	simdutf::get_active_implementation [0x00007FF766D046B1+547745]
	simdutf::get_active_implementation [0x00007FF766CFD964+519764]
	simdutf::get_active_implementation [0x00007FF766CFDAA9+520089]
	simdutf::get_active_implementation [0x00007FF766CEF656+461638]
	BaseThreadInitThunk [0x00007FFAA9157374+20]
	RtlUserThreadStart [0x00007FFAA9C5CC91+33]

2025-03-13 10:21:25 【承認】ボタンをクリックしました。
2025-03-13 10:21:48 Error: 【承認】ボタンの押下に失敗しました。 次の【公開】ステージに進みます。 Message: 
Stacktrace:
	GetHandleVerifier [0x00007FF766D9A7D5+20677]
	simdutf::get_active_implementation [0x00007FF766CF6F80+492656]
	Microsoft::Applications::Events::EventProperty::to_string [0x00007FF766FEDC8A+1807418]
	(No symbol) [0x00007FF766B372AC]
	(No symbol) [0x00007FF766B3758B]
	(No symbol) [0x00007FF766B785A7]
	(No symbol) [0x00007FF766B5849F]
	(No symbol) [0x00007FF766B2D6ED]
	(No symbol) [0x00007FF766B75D61]
	(No symbol) [0x00007FF766B581C3]
	(No symbol) [0x00007FF766B2CC36]
	(No symbol) [0x00007FF766B2C0C4]
	(No symbol) [0x00007FF766B2CA63]
	(No symbol) [0x00007FF766C158DD]
	(No symbol) [0x00007FF766C21D42]
	(No symbol) [0x00007FF766C1A703]
	Microsoft::Applications::Events::EventProperty::to_string [0x00007FF766E747DA+262026]
	simdutf::get_active_implementation [0x00007FF766D046B1+547745]
	simdutf::get_active_implementation [0x00007FF766CFD964+519764]
	simdutf::get_active_implementation [0x00007FF766CFDAA9+520089]
	simdutf::get_active_implementation [0x00007FF766CEF656+461638]
	BaseThreadInitThunk [0x00007FFAA9157374+20]
	RtlUserThreadStart [0x00007FFAA9C5CC91+33]

2025-03-13 10:21:48 【公開】ボタンをクリックしました。
2025-03-13 10:22:10 Error: 【公開】ボタンの押下に失敗しました。 サブウィンドウを閉じ、検索画面に戻ります。 Message: 
Stacktrace:
	GetHandleVerifier [0x00007FF766D9A7D5+20677]
	simdutf::get_active_implementation [0x00007FF766CF6F80+492656]
	Microsoft::Applications::Events::EventProperty::to_string [0x00007FF766FEDC8A+1807418]
	(No symbol) [0x00007FF766B372AC]
	(No symbol) [0x00007FF766B3758B]
	(No symbol) [0x00007FF766B785A7]
	(No symbol) [0x00007FF766B5849F]
	(No symbol) [0x00007FF766B2D6ED]
	(No symbol) [0x00007FF766B75D61]
	(No symbol) [0x00007FF766B581C3]
	(No symbol) [0x00007FF766B2CC36]
	(No symbol) [0x00007FF766B2C0C4]
	(No symbol) [0x00007FF766B2CA63]
	(No symbol) [0x00007FF766C158DD]
	(No symbol) [0x00007FF766C21D42]
	(No symbol) [0x00007FF766C1A703]
	Microsoft::Applications::Events::EventProperty::to_string [0x00007FF766E747DA+262026]
	simdutf::get_active_implementation [0x00007FF766D046B1+547745]
	simdutf::get_active_implementation [0x00007FF766CFD964+519764]
	simdutf::get_active_implementation [0x00007FF766CFDAA9+520089]
	simdutf::get_active_implementation [0x00007FF766CEF656+461638]
	BaseThreadInitThunk [0x00007FFAA9157374+20]
	RtlUserThreadStart [0x00007FFAA9C5CC91+33]

2025-03-13 10:22:10 詳細ウィンドウを閉じました。
2025-03-13 10:22:10 検索画面に戻りました。
2025-03-13 10:22:12 処理完了: Z9002952
2025-03-13 10:22:14 完了: Z9002952
2025-03-13 10:22:17 検索条件入力完了: Z9003676
2025-03-13 10:22:25 詳細ウィンドウが表示されました。
2025-03-13 10:22:26 コンテンツ情報の修正ボタンをクリックしました。
2025-03-13 10:22:28 コンテンツ情報修正後のアラートOKを押下しました。
2025-03-13 10:22:30 【申請】ボタンをクリックしました。
2025-03-13 10:22:32 【申請】確認アラートのOKを押下しました。
2025-03-13 10:22:35 【承認】ボタンをクリックしました。
2025-03-13 10:22:37 【承認】確認アラートのOKを押下しました。
2025-03-13 10:22:39 【公開】ボタンをクリックしました。
2025-03-13 10:22:41 【公開】確認アラートのOKを押下しました。
2025-03-13 10:22:43 詳細ウィンドウを閉じました。
2025-03-13 10:22:43 検索画面に戻りました。
2025-03-13 10:22:45 処理完了: Z9003676
2025-03-13 10:22:47 完了: Z9003676
2025-03-13 10:22:49 検索条件入力完了: Z9003723
2025-03-13 10:22:58 詳細ウィンドウが表示されました。
2025-03-13 10:22:59 コンテンツ情報の修正ボタンをクリックしました。
2025-03-13 10:23:01 コンテンツ情報修正後のアラートOKを押下しました。
2025-03-13 10:23:03 【申請】ボタンをクリックしました。
2025-03-13 10:23:05 【申請】確認アラートのOKを押下しました。
2025-03-13 10:23:09 【承認】ボタンをクリックしました。
2025-03-13 10:23:11 【承認】確認アラートのOKを押下しました。
2025-03-13 10:23:13 【公開】ボタンをクリックしました。
2025-03-13 10:23:15 【公開】確認アラートのOKを押下しました。
2025-03-13 10:23:17 詳細ウィンドウを閉じました。
2025-03-13 10:23:17 検索画面に戻りました。
2025-03-13 10:23:19 処理完了: Z9003723
2025-03-13 10:23:21 完了: Z9003723
2025-03-13 10:23:24 検索条件入力完了: BO004304
2025-03-13 10:23:32 詳細ウィンドウが表示されました。
2025-03-13 10:23:33 コンテンツ情報の修正ボタンをクリックしました。
2025-03-13 10:23:35 コンテンツ情報修正後のアラートOKを押下しました。
2025-03-13 10:23:37 【申請】ボタンをクリックしました。
2025-03-13 10:23:39 【申請】確認アラートのOKを押下しました。
2025-03-13 10:23:43 【承認】ボタンをクリックしました。
2025-03-13 10:23:45 【承認】確認アラートのOKを押下しました。
2025-03-13 10:23:47 【公開】ボタンをクリックしました。
2025-03-13 10:23:49 【公開】確認アラートのOKを押下しました。
2025-03-13 10:23:51 詳細ウィンドウを閉じました。
2025-03-13 10:23:51 検索画面に戻りました。
2025-03-13 10:23:53 処理完了: BO004304
2025-03-13 10:23:55 完了: BO004304
2025-03-13 10:23:58 検索条件入力完了: BO004731
2025-03-13 10:24:06 詳細ウィンドウが表示されました。
2025-03-13 10:24:07 コンテンツ情報の修正ボタンをクリックしました。
2025-03-13 10:24:09 コンテンツ情報修正後のアラートOKを押下しました。
2025-03-13 10:24:11 【申請】ボタンをクリックしました。
2025-03-13 10:24:13 【申請】確認アラートのOKを押下しました。
2025-03-13 10:24:17 【承認】ボタンをクリックしました。
2025-03-13 10:24:19 【承認】確認アラートのOKを押下しました。
2025-03-13 10:24:21 【公開】ボタンをクリックしました。
2025-03-13 10:24:23 【公開】確認アラートのOKを押下しました。
2025-03-13 10:24:25 詳細ウィンドウを閉じました。
2025-03-13 10:24:25 検索画面に戻りました。
2025-03-13 10:24:27 処理完了: BO004731
2025-03-13 10:24:29 完了: BO004731
2025-03-13 10:24:31 検索条件入力完了: BO004732
2025-03-13 10:24:40 詳細ウィンドウが表示されました。
2025-03-13 10:24:41 コンテンツ情報の修正ボタンをクリックしました。
2025-03-13 10:24:43 コンテンツ情報修正後のアラートOKを押下しました。
2025-03-13 10:24:46 【申請】ボタンをクリックしました。
2025-03-13 10:24:48 【申請】確認アラートのOKを押下しました。
2025-03-13 10:24:51 【承認】ボタンをクリックしました。
2025-03-13 10:24:53 【承認】確認アラートのOKを押下しました。
2025-03-13 10:24:55 【公開】ボタンをクリックしました。
2025-03-13 10:24:57 【公開】確認アラートのOKを押下しました。
2025-03-13 10:24:59 詳細ウィンドウを閉じました。
2025-03-13 10:24:59 検索画面に戻りました。
2025-03-13 10:25:01 処理完了: BO004732
2025-03-13 10:25:03 完了: BO004732
2025-03-13 10:25:05 検索条件入力完了: BO004733
2025-03-13 10:25:14 詳細ウィンドウが表示されました。
2025-03-13 10:25:15 コンテンツ情報の修正ボタンをクリックしました。
2025-03-13 10:25:17 コンテンツ情報修正後のアラートOKを押下しました。
2025-03-13 10:25:20 【申請】ボタンをクリックしました。
2025-03-13 10:25:22 【申請】確認アラートのOKを押下しました。
2025-03-13 10:25:24 【承認】ボタンをクリックしました。
2025-03-13 10:25:26 【承認】確認アラートのOKを押下しました。
2025-03-13 10:25:28 【公開】ボタンをクリックしました。
2025-03-13 10:25:30 【公開】確認アラートのOKを押下しました。
2025-03-13 10:25:32 詳細ウィンドウを閉じました。
2025-03-13 10:25:32 検索画面に戻りました。
2025-03-13 10:25:34 処理完了: BO004733
2025-03-13 10:25:36 完了: BO004733
2025-03-13 10:25:38 検索条件入力完了: BO004734
2025-03-13 10:25:47 詳細ウィンドウが表示されました。
2025-03-13 10:25:48 コンテンツ情報の修正ボタンをクリックしました。
2025-03-13 10:25:50 コンテンツ情報修正後のアラートOKを押下しました。
2025-03-13 10:25:52 【申請】ボタンをクリックしました。
2025-03-13 10:25:54 【申請】確認アラートのOKを押下しました。
2025-03-13 10:25:56 【承認】ボタンをクリックしました。
2025-03-13 10:25:58 【承認】確認アラートのOKを押下しました。
2025-03-13 10:26:01 【公開】ボタンをクリックしました。
2025-03-13 10:26:03 【公開】確認アラートのOKを押下しました。
2025-03-13 10:26:05 詳細ウィンドウを閉じました。
2025-03-13 10:26:05 検索画面に戻りました。
2025-03-13 10:26:07 処理完了: BO004734
2025-03-13 10:26:09 完了: BO004734
2025-03-13 10:26:11 検索条件入力完了: BO004735
2025-03-13 10:26:19 詳細ウィンドウが表示されました。
2025-03-13 10:26:21 コンテンツ情報の修正ボタンをクリックしました。
2025-03-13 10:26:23 コンテンツ情報修正後のアラートOKを押下しました。
2025-03-13 10:26:25 【申請】ボタンをクリックしました。
2025-03-13 10:26:27 【申請】確認アラートのOKを押下しました。
2025-03-13 10:26:29 【承認】ボタンをクリックしました。
2025-03-13 10:26:31 【承認】確認アラートのOKを押下しました。
2025-03-13 10:26:33 【公開】ボタンをクリックしました。
2025-03-13 10:26:35 【公開】確認アラートのOKを押下しました。
2025-03-13 10:26:37 詳細ウィンドウを閉じました。
2025-03-13 10:26:37 検索画面に戻りました。
2025-03-13 10:26:39 処理完了: BO004735
2025-03-13 10:26:41 完了: BO004735
2025-03-13 10:26:44 検索条件入力完了: BO004736
2025-03-13 10:26:52 詳細ウィンドウが表示されました。
2025-03-13 10:26:53 コンテンツ情報の修正ボタンをクリックしました。
2025-03-13 10:26:55 コンテンツ情報修正後のアラートOKを押下しました。
2025-03-13 10:26:57 【申請】ボタンをクリックしました。
2025-03-13 10:26:59 【申請】確認アラートのOKを押下しました。
2025-03-13 10:27:02 【承認】ボタンをクリックしました。
2025-03-13 10:27:04 【承認】確認アラートのOKを押下しました。
2025-03-13 10:27:06 【公開】ボタンをクリックしました。
2025-03-13 10:27:08 【公開】確認アラートのOKを押下しました。
2025-03-13 10:27:10 詳細ウィンドウを閉じました。
2025-03-13 10:27:10 検索画面に戻りました。
2025-03-13 10:27:12 処理完了: BO004736
2025-03-13 10:27:14 完了: BO004736
2025-03-13 10:27:16 検索条件入力完了: BO004743
2025-03-13 10:27:24 詳細ウィンドウが表示されました。
2025-03-13 10:27:26 コンテンツ情報の修正ボタンをクリックしました。
2025-03-13 10:27:28 コンテンツ情報修正後のアラートOKを押下しました。
2025-03-13 10:27:30 【申請】ボタンをクリックしました。
2025-03-13 10:27:32 【申請】確認アラートのOKを押下しました。
2025-03-13 10:27:34 【承認】ボタンをクリックしました。
2025-03-13 10:27:36 【承認】確認アラートのOKを押下しました。
2025-03-13 10:27:38 【公開】ボタンをクリックしました。
2025-03-13 10:27:40 【公開】確認アラートのOKを押下しました。
2025-03-13 10:27:42 詳細ウィンドウを閉じました。
2025-03-13 10:27:42 検索画面に戻りました。
2025-03-13 10:27:44 処理完了: BO004743
2025-03-13 10:27:46 完了: BO004743
2025-03-13 10:27:48 検索条件入力完了: BO004744
2025-03-13 10:27:57 詳細ウィンドウが表示されました。
2025-03-13 10:27:58 コンテンツ情報の修正ボタンをクリックしました。
2025-03-13 10:28:00 コンテンツ情報修正後のアラートOKを押下しました。
2025-03-13 10:28:02 【申請】ボタンをクリックしました。
2025-03-13 10:28:04 【申請】確認アラートのOKを押下しました。
2025-03-13 10:28:06 【承認】ボタンをクリックしました。
2025-03-13 10:28:08 【承認】確認アラートのOKを押下しました。
2025-03-13 10:28:11 【公開】ボタンをクリックしました。
2025-03-13 10:28:13 【公開】確認アラートのOKを押下しました。
2025-03-13 10:28:15 詳細ウィンドウを閉じました。
2025-03-13 10:28:15 検索画面に戻りました。
2025-03-13 10:28:17 処理完了: BO004744
2025-03-13 10:28:19 完了: BO004744
2025-03-13 10:28:21 検索条件入力完了: BO004745
2025-03-13 10:28:30 詳細ウィンドウが表示されました。
2025-03-13 10:28:31 コンテンツ情報の修正ボタンをクリックしました。
2025-03-13 10:28:33 コンテンツ情報修正後のアラートOKを押下しました。
2025-03-13 10:28:35 【申請】ボタンをクリックしました。
2025-03-13 10:28:37 【申請】確認アラートのOKを押下しました。
2025-03-13 10:28:39 【承認】ボタンをクリックしました。
2025-03-13 10:28:41 【承認】確認アラートのOKを押下しました。
2025-03-13 10:28:43 【公開】ボタンをクリックしました。
2025-03-13 10:28:45 【公開】確認アラートのOKを押下しました。
2025-03-13 10:28:47 詳細ウィンドウを閉じました。
2025-03-13 10:28:47 検索画面に戻りました。
2025-03-13 10:28:49 処理完了: BO004745
2025-03-13 10:28:51 完了: BO004745
2025-03-13 10:28:53 検索条件入力完了: BO004746
2025-03-13 10:29:02 詳細ウィンドウが表示されました。
2025-03-13 10:29:03 コンテンツ情報の修正ボタンをクリックしました。
2025-03-13 10:29:05 コンテンツ情報修正後のアラートOKを押下しました。
2025-03-13 10:29:07 【申請】ボタンをクリックしました。
2025-03-13 10:29:09 【申請】確認アラートのOKを押下しました。
2025-03-13 10:29:11 【承認】ボタンをクリックしました。
2025-03-13 10:29:13 【承認】確認アラートのOKを押下しました。
2025-03-13 10:29:15 【公開】ボタンをクリックしました。
2025-03-13 10:29:17 【公開】確認アラートのOKを押下しました。
2025-03-13 10:29:20 詳細ウィンドウを閉じました。
2025-03-13 10:29:20 検索画面に戻りました。
2025-03-13 10:29:22 処理完了: BO004746
2025-03-13 10:29:24 完了: BO004746
2025-03-13 10:29:26 検索条件入力完了: BO004747
2025-03-13 10:29:34 詳細ウィンドウが表示されました。
2025-03-13 10:29:35 コンテンツ情報の修正ボタンをクリックしました。
2025-03-13 10:29:37 コンテンツ情報修正後のアラートOKを押下しました。
2025-03-13 10:29:40 【申請】ボタンをクリックしました。
2025-03-13 10:29:42 【申請】確認アラートのOKを押下しました。
2025-03-13 10:29:44 【承認】ボタンをクリックしました。
2025-03-13 10:29:46 【承認】確認アラートのOKを押下しました。
2025-03-13 10:29:48 【公開】ボタンをクリックしました。
2025-03-13 10:29:50 【公開】確認アラートのOKを押下しました。
2025-03-13 10:29:52 詳細ウィンドウを閉じました。
2025-03-13 10:29:52 検索画面に戻りました。
2025-03-13 10:29:54 処理完了: BO004747
2025-03-13 10:29:56 完了: BO004747
2025-03-13 10:29:58 検索条件入力完了: BO004748
2025-03-13 10:30:07 詳細ウィンドウが表示されました。
2025-03-13 10:30:08 コンテンツ情報の修正ボタンをクリックしました。
2025-03-13 10:30:10 コンテンツ情報修正後のアラートOKを押下しました。
2025-03-13 10:30:12 【申請】ボタンをクリックしました。
2025-03-13 10:30:14 【申請】確認アラートのOKを押下しました。
2025-03-13 10:30:18 【承認】ボタンをクリックしました。
2025-03-13 10:30:20 【承認】確認アラートのOKを押下しました。
2025-03-13 10:30:22 【公開】ボタンをクリックしました。
2025-03-13 10:30:24 【公開】確認アラートのOKを押下しました。
2025-03-13 10:30:26 詳細ウィンドウを閉じました。
2025-03-13 10:30:26 検索画面に戻りました。
2025-03-13 10:30:28 処理完了: BO004748
2025-03-13 10:30:30 完了: BO004748
2025-03-13 10:30:32 検索条件入力完了: XX000318
2025-03-13 10:30:41 詳細ウィンドウが表示されました。
2025-03-13 10:30:42 コンテンツ情報の修正ボタンをクリックしました。
2025-03-13 10:30:44 コンテンツ情報修正後のアラートOKを押下しました。
2025-03-13 10:30:46 【申請】ボタンをクリックしました。
2025-03-13 10:31:09 Error: 【申請】ボタンの押下に失敗しました。 次の【承認】ステージに進みます。 Message: 
Stacktrace:
	GetHandleVerifier [0x00007FF766D9A7D5+20677]
	simdutf::get_active_implementation [0x00007FF766CF6F80+492656]
	Microsoft::Applications::Events::EventProperty::to_string [0x00007FF766FEDC8A+1807418]
	(No symbol) [0x00007FF766B372AC]
	(No symbol) [0x00007FF766B3758B]
	(No symbol) [0x00007FF766B785A7]
	(No symbol) [0x00007FF766B5849F]
	(No symbol) [0x00007FF766B2D6ED]
	(No symbol) [0x00007FF766B75D61]
	(No symbol) [0x00007FF766B581C3]
	(No symbol) [0x00007FF766B2CC36]
	(No symbol) [0x00007FF766B2C0C4]
	(No symbol) [0x00007FF766B2CA63]
	(No symbol) [0x00007FF766C158DD]
	(No symbol) [0x00007FF766C21D42]
	(No symbol) [0x00007FF766C1A703]
	Microsoft::Applications::Events::EventProperty::to_string [0x00007FF766E747DA+262026]
	simdutf::get_active_implementation [0x00007FF766D046B1+547745]
	simdutf::get_active_implementation [0x00007FF766CFD964+519764]
	simdutf::get_active_implementation [0x00007FF766CFDAA9+520089]
	simdutf::get_active_implementation [0x00007FF766CEF656+461638]
	BaseThreadInitThunk [0x00007FFAA9157374+20]
	RtlUserThreadStart [0x00007FFAA9C5CC91+33]

2025-03-13 10:31:09 【承認】ボタンをクリックしました。
2025-03-13 10:31:32 Error: 【承認】ボタンの押下に失敗しました。 次の【公開】ステージに進みます。 Message: 
Stacktrace:
	GetHandleVerifier [0x00007FF766D9A7D5+20677]
	simdutf::get_active_implementation [0x00007FF766CF6F80+492656]
	Microsoft::Applications::Events::EventProperty::to_string [0x00007FF766FEDC8A+1807418]
	(No symbol) [0x00007FF766B372AC]
	(No symbol) [0x00007FF766B3758B]
	(No symbol) [0x00007FF766B785A7]
	(No symbol) [0x00007FF766B5849F]
	(No symbol) [0x00007FF766B2D6ED]
	(No symbol) [0x00007FF766B75D61]
	(No symbol) [0x00007FF766B581C3]
	(No symbol) [0x00007FF766B2CC36]
	(No symbol) [0x00007FF766B2C0C4]
	(No symbol) [0x00007FF766B2CA63]
	(No symbol) [0x00007FF766C158DD]
	(No symbol) [0x00007FF766C21D42]
	(No symbol) [0x00007FF766C1A703]
	Microsoft::Applications::Events::EventProperty::to_string [0x00007FF766E747DA+262026]
	simdutf::get_active_implementation [0x00007FF766D046B1+547745]
	simdutf::get_active_implementation [0x00007FF766CFD964+519764]
	simdutf::get_active_implementation [0x00007FF766CFDAA9+520089]
	simdutf::get_active_implementation [0x00007FF766CEF656+461638]
	BaseThreadInitThunk [0x00007FFAA9157374+20]
	RtlUserThreadStart [0x00007FFAA9C5CC91+33]

2025-03-13 10:31:32 【公開】ボタンをクリックしました。
2025-03-13 10:31:54 Error: 【公開】ボタンの押下に失敗しました。 サブウィンドウを閉じ、検索画面に戻ります。 Message: 
Stacktrace:
	GetHandleVerifier [0x00007FF766D9A7D5+20677]
	simdutf::get_active_implementation [0x00007FF766CF6F80+492656]
	Microsoft::Applications::Events::EventProperty::to_string [0x00007FF766FEDC8A+1807418]
	(No symbol) [0x00007FF766B372AC]
	(No symbol) [0x00007FF766B3758B]
	(No symbol) [0x00007FF766B785A7]
	(No symbol) [0x00007FF766B5849F]
	(No symbol) [0x00007FF766B2D6ED]
	(No symbol) [0x00007FF766B75D61]
	(No symbol) [0x00007FF766B581C3]
	(No symbol) [0x00007FF766B2CC36]
	(No symbol) [0x00007FF766B2C0C4]
	(No symbol) [0x00007FF766B2CA63]
	(No symbol) [0x00007FF766C158DD]
	(No symbol) [0x00007FF766C21D42]
	(No symbol) [0x00007FF766C1A703]
	Microsoft::Applications::Events::EventProperty::to_string [0x00007FF766E747DA+262026]
	simdutf::get_active_implementation [0x00007FF766D046B1+547745]
	simdutf::get_active_implementation [0x00007FF766CFD964+519764]
	simdutf::get_active_implementation [0x00007FF766CFDAA9+520089]
	simdutf::get_active_implementation [0x00007FF766CEF656+461638]
	BaseThreadInitThunk [0x00007FFAA9157374+20]
	RtlUserThreadStart [0x00007FFAA9C5CC91+33]

2025-03-13 10:31:54 詳細ウィンドウを閉じました。
2025-03-13 10:31:54 検索画面に戻りました。
2025-03-13 10:31:56 処理完了: XX000318
2025-03-13 10:31:58 完了: XX000318
2025-03-13 10:32:01 検索条件入力完了: Z9004302
2025-03-13 10:32:09 詳細ウィンドウが表示されました。
2025-03-13 10:32:10 コンテンツ情報の修正ボタンをクリックしました。
2025-03-13 10:32:12 コンテンツ情報修正後のアラートOKを押下しました。
2025-03-13 10:32:15 【申請】ボタンをクリックしました。
2025-03-13 10:32:17 【申請】確認アラートのOKを押下しました。
2025-03-13 10:32:20 【承認】ボタンをクリックしました。
2025-03-13 10:32:22 【承認】確認アラートのOKを押下しました。
2025-03-13 10:32:25 【公開】ボタンをクリックしました。
2025-03-13 10:32:27 【公開】確認アラートのOKを押下しました。
2025-03-13 10:32:29 詳細ウィンドウを閉じました。
2025-03-13 10:32:29 検索画面に戻りました。
2025-03-13 10:32:31 処理完了: Z9004302
2025-03-13 10:32:33 完了: Z9004302
2025-03-13 10:32:35 検索条件入力完了: Z9006262
2025-03-13 10:32:43 詳細ウィンドウが表示されました。
2025-03-13 10:32:45 コンテンツ情報の修正ボタンをクリックしました。
2025-03-13 10:32:47 コンテンツ情報修正後のアラートOKを押下しました。
2025-03-13 10:32:49 【申請】ボタンをクリックしました。
2025-03-13 10:32:51 【申請】確認アラートのOKを押下しました。
2025-03-13 10:32:54 【承認】ボタンをクリックしました。
2025-03-13 10:32:56 【承認】確認アラートのOKを押下しました。
2025-03-13 10:32:59 【公開】ボタンをクリックしました。
2025-03-13 10:33:01 【公開】確認アラートのOKを押下しました。
2025-03-13 10:33:03 詳細ウィンドウを閉じました。
2025-03-13 10:33:03 検索画面に戻りました。
2025-03-13 10:33:05 処理完了: Z9006262
2025-03-13 10:33:07 完了: Z9006262
2025-03-13 10:33:09 検索条件入力完了: Z9009421
2025-03-13 10:33:17 詳細ウィンドウが表示されました。
2025-03-13 10:33:18 コンテンツ情報の修正ボタンをクリックしました。
2025-03-13 10:33:20 コンテンツ情報修正後のアラートOKを押下しました。
2025-03-13 10:33:23 【申請】ボタンをクリックしました。
2025-03-13 10:33:25 【申請】確認アラートのOKを押下しました。
2025-03-13 10:33:28 【承認】ボタンをクリックしました。
2025-03-13 10:33:30 【承認】確認アラートのOKを押下しました。
2025-03-13 10:33:32 【公開】ボタンをクリックしました。
2025-03-13 10:33:34 【公開】確認アラートのOKを押下しました。
2025-03-13 10:33:36 詳細ウィンドウを閉じました。
2025-03-13 10:33:36 検索画面に戻りました。
2025-03-13 10:33:38 処理完了: Z9009421
2025-03-13 10:33:40 完了: Z9009421
2025-03-13 10:33:43 検索条件入力完了: ZZ003754
2025-03-13 10:34:15 Error processing content_id ZZ003754: Message: invalid session id: session deleted as the browser has closed the connection
from disconnected: Unable to receive message from renderer
  (Session info: MicrosoftEdge=134.0.3124.51)
Stacktrace:
	GetHandleVerifier [0x00007FF766D9A7D5+20677]
	simdutf::get_active_implementation [0x00007FF766CF6F80+492656]
	Microsoft::Applications::Events::EventProperty::to_string [0x00007FF766FEDC8A+1807418]
	(No symbol) [0x00007FF766ADCDB2]
	(No symbol) [0x00007FF766ADCB28]
	(No symbol) [0x00007FF766ADABD9]
	(No symbol) [0x00007FF766ADB33F]
	(No symbol) [0x00007FF766AF2047]
	(No symbol) [0x00007FF766AF4DFC]
	(No symbol) [0x00007FF766AF4ECF]
	(No symbol) [0x00007FF766B3A05E]
	(No symbol) [0x00007FF766B38A09]
	(No symbol) [0x00007FF766B2E191]
	(No symbol) [0x00007FF766B5845A]
	(No symbol) [0x00007FF766B2D6ED]
	(No symbol) [0x00007FF766B2D5AD]
	(No symbol) [0x00007FF766B58720]
	(No symbol) [0x00007FF766B2D6ED]
	(No symbol) [0x00007FF766B75D61]
	(No symbol) [0x00007FF766B581C3]
	(No symbol) [0x00007FF766B2CC36]
	(No symbol) [0x00007FF766B2C0C4]
	(No symbol) [0x00007FF766B2CA63]
	(No symbol) [0x00007FF766C158DD]
	(No symbol) [0x00007FF766C21D42]
	(No symbol) [0x00007FF766C1A703]
	Microsoft::Applications::Events::EventProperty::to_string [0x00007FF766E747DA+262026]
	simdutf::get_active_implementation [0x00007FF766D046B1+547745]
	simdutf::get_active_implementation [0x00007FF766CFD964+519764]
	simdutf::get_active_implementation [0x00007FF766CFDAA9+520089]
	simdutf::get_active_implementation [0x00007FF766CEF656+461638]
	BaseThreadInitThunk [0x00007FFAA9157374+20]
	RtlUserThreadStart [0x00007FFAA9C5CC91+33]

2025-03-13 10:34:18 完了: ZZ003754
2025-03-13 10:34:20 Error processing content_id ZZ004281: Message: invalid session id
Stacktrace:
	GetHandleVerifier [0x00007FF766D9A7D5+20677]
	simdutf::get_active_implementation [0x00007FF766CF6F80+492656]
	(No symbol) [0x00007FF766AEBD30]
	(No symbol) [0x00007FF766B2B733]
	(No symbol) [0x00007FF766B58322]
	(No symbol) [0x00007FF766B047FB]
	(No symbol) [0x00007FF766B54FC6]
	(No symbol) [0x00007FF766B54718]
	(No symbol) [0x00007FF766AC2D65]
	(No symbol) [0x00007FF766C158DD]
	(No symbol) [0x00007FF766C21D42]
	(No symbol) [0x00007FF766C1A703]
	Microsoft::Applications::Events::EventProperty::to_string [0x00007FF766E747DA+262026]
	simdutf::get_active_implementation [0x00007FF766D046B1+547745]
	(No symbol) [0x00007FF766AC1AD4]
	Microsoft::Applications::Events::EventProperty::to_string [0x00007FF766FA17C8+1494904]
	BaseThreadInitThunk [0x00007FFAA9157374+20]
	RtlUserThreadStart [0x00007FFAA9C5CC91+33]

2025-03-13 10:34:20 完了: ZZ004281
2025-03-13 10:34:22 Error processing content_id ZZ005952: Message: invalid session id
Stacktrace:
	GetHandleVerifier [0x00007FF766D9A7D5+20677]
	simdutf::get_active_implementation [0x00007FF766CF6F80+492656]
	(No symbol) [0x00007FF766AEBD30]
	(No symbol) [0x00007FF766B2B733]
	(No symbol) [0x00007FF766B58322]
	(No symbol) [0x00007FF766B047FB]
	(No symbol) [0x00007FF766B54FC6]
	(No symbol) [0x00007FF766B54718]
	(No symbol) [0x00007FF766AC2D65]
	(No symbol) [0x00007FF766C158DD]
	(No symbol) [0x00007FF766C21D42]
	(No symbol) [0x00007FF766C1A703]
	Microsoft::Applications::Events::EventProperty::to_string [0x00007FF766E747DA+262026]
	simdutf::get_active_implementation [0x00007FF766D046B1+547745]
	(No symbol) [0x00007FF766AC1AD4]
	Microsoft::Applications::Events::EventProperty::to_string [0x00007FF766FA17C8+1494904]
	BaseThreadInitThunk [0x00007FFAA9157374+20]
	RtlUserThreadStart [0x00007FFAA9C5CC91+33]

2025-03-13 10:34:22 完了: ZZ005952
2025-03-13 10:34:24 Error processing content_id ZZ008396: Message: invalid session id
Stacktrace:
	GetHandleVerifier [0x00007FF766D9A7D5+20677]
	simdutf::get_active_implementation [0x00007FF766CF6F80+492656]
	(No symbol) [0x00007FF766AEBD30]
	(No symbol) [0x00007FF766B2B733]
	(No symbol) [0x00007FF766B58322]
	(No symbol) [0x00007FF766B047FB]
	(No symbol) [0x00007FF766B54FC6]
	(No symbol) [0x00007FF766B54718]
	(No symbol) [0x00007FF766AC2D65]
	(No symbol) [0x00007FF766C158DD]
	(No symbol) [0x00007FF766C21D42]
	(No symbol) [0x00007FF766C1A703]
	Microsoft::Applications::Events::EventProperty::to_string [0x00007FF766E747DA+262026]
	simdutf::get_active_implementation [0x00007FF766D046B1+547745]
	(No symbol) [0x00007FF766AC1AD4]
	Microsoft::Applications::Events::EventProperty::to_string [0x00007FF766FA17C8+1494904]
	BaseThreadInitThunk [0x00007FFAA9157374+20]
	RtlUserThreadStart [0x00007FFAA9C5CC91+33]

2025-03-13 10:34:24 完了: ZZ008396
2025-03-13 10:34:26 Error processing content_id ZZ008733: Message: invalid session id
Stacktrace:
	GetHandleVerifier [0x00007FF766D9A7D5+20677]
	simdutf::get_active_implementation [0x00007FF766CF6F80+492656]
	(No symbol) [0x00007FF766AEBD30]
	(No symbol) [0x00007FF766B2B733]
	(No symbol) [0x00007FF766B58322]
	(No symbol) [0x00007FF766B047FB]
	(No symbol) [0x00007FF766B54FC6]
	(No symbol) [0x00007FF766B54718]
	(No symbol) [0x00007FF766AC2D65]
	(No symbol) [0x00007FF766C158DD]
	(No symbol) [0x00007FF766C21D42]
	(No symbol) [0x00007FF766C1A703]
	Microsoft::Applications::Events::EventProperty::to_string [0x00007FF766E747DA+262026]
	simdutf::get_active_implementation [0x00007FF766D046B1+547745]
	(No symbol) [0x00007FF766AC1AD4]
	Microsoft::Applications::Events::EventProperty::to_string [0x00007FF766FA17C8+1494904]
	BaseThreadInitThunk [0x00007FFAA9157374+20]
	RtlUserThreadStart [0x00007FFAA9C5CC91+33]

2025-03-13 10:34:27 完了: ZZ008733
2025-03-13 10:34:29 全ての検索処理が完了しました。
