2025-03-13 09:25:27 スクリプト開始
2025-03-13 09:25:28 取得したコンテンツID: ['A1005377', 'A1005402', 'A1005403', 'A1005404', 'A1005414', 'A1005415', 'A1005416', 'A1005417', 'A1005418', 'A1005419', 'A1006006', 'A1006007', 'A3005379', 'A3005388', 'A3005389', 'A3005390', 'A3005391', 'AF005380', 'AF005381', 'AF005382', 'AF005383', 'AF005384', 'AF005385', 'AT005367', 'AT005368', 'AT005369', 'AT005406', 'B2005260', 'B2005261', 'B3005370', 'B3005371', 'B3005372', 'B3005373', 'BO004725', 'BO004726', 'BO004727', 'BO004728', 'BO004729', 'BO004730', 'BO004737', 'BO004738', 'BO004739', 'BO004740', 'BO004741', 'BO004742', 'BO004749', 'BO004750', 'BO004751', 'BO004752', 'BO004753', 'BO004754', 'BO004755', 'BO004756', 'BO004757', 'BO004758', 'BO004759', 'BO004760', 'BU005995', 'BU005996', 'BU005997', 'BU005998', 'BU005999', 'BU006000', 'BU006003', 'BU006004', 'BU006005', 'Z9002872', 'Z9002952', 'Z9003676', 'Z9003723', 'BO004304', 'BO004731', 'BO004732', 'BO004733', 'BO004734', 'BO004735', 'BO004736', 'BO004743', 'BO004744', 'BO004745', 'BO004746', 'BO004747', 'BO004748', 'XX000318', 'Z9004302', 'Z9006262', 'Z9009421', 'ZZ003754', 'ZZ004281', 'ZZ005952', 'ZZ008396', 'ZZ008733']
2025-03-13 09:25:42 ログイン成功
2025-03-13 09:25:46 検索条件入力完了: A1005377
2025-03-13 09:25:55 詳細ウィンドウが表示されました。
2025-03-13 09:25:57 コンテンツ情報の修正ボタンをクリックしました。
2025-03-13 09:25:59 コンテンツ情報修正後のアラートOKを押下しました。
2025-03-13 09:26:01 【申請】ボタンをクリックしました。
2025-03-13 09:26:03 【申請】確認アラートのOKを押下しました。
2025-03-13 09:26:07 【承認】ボタンをクリックしました。
2025-03-13 09:26:09 【承認】確認アラートのOKを押下しました。
2025-03-13 09:26:11 【公開】ボタンをクリックしました。
2025-03-13 09:26:13 【公開】確認アラートのOKを押下しました。
2025-03-13 09:26:15 詳細ウィンドウを閉じました。
2025-03-13 09:26:15 検索画面に戻りました。
2025-03-13 09:26:17 処理完了: A1005377
2025-03-13 09:26:19 完了: A1005377
2025-03-13 09:26:21 検索条件入力完了: A1005402
2025-03-13 09:26:29 詳細ウィンドウが表示されました。
2025-03-13 09:26:31 コンテンツ情報の修正ボタンをクリックしました。
2025-03-13 09:26:33 コンテンツ情報修正後のアラートOKを押下しました。
2025-03-13 09:26:35 【申請】ボタンをクリックしました。
2025-03-13 09:26:37 【申請】確認アラートのOKを押下しました。
2025-03-13 09:26:39 【承認】ボタンをクリックしました。
2025-03-13 09:26:42 【承認】確認アラートのOKを押下しました。
2025-03-13 09:26:45 【公開】ボタンをクリックしました。
2025-03-13 09:26:47 【公開】確認アラートのOKを押下しました。
2025-03-13 09:26:49 詳細ウィンドウを閉じました。
2025-03-13 09:26:49 検索画面に戻りました。
2025-03-13 09:26:51 処理完了: A1005402
2025-03-13 09:26:53 完了: A1005402
2025-03-13 09:26:55 検索条件入力完了: A1005403
2025-03-13 09:27:03 詳細ウィンドウが表示されました。
2025-03-13 09:27:04 コンテンツ情報の修正ボタンをクリックしました。
2025-03-13 09:27:06 コンテンツ情報修正後のアラートOKを押下しました。
2025-03-13 09:27:09 【申請】ボタンをクリックしました。
2025-03-13 09:27:11 【申請】確認アラートのOKを押下しました。
2025-03-13 09:27:13 【承認】ボタンをクリックしました。
2025-03-13 09:27:15 【承認】確認アラートのOKを押下しました。
2025-03-13 09:27:17 【公開】ボタンをクリックしました。
2025-03-13 09:27:19 【公開】確認アラートのOKを押下しました。
2025-03-13 09:27:21 詳細ウィンドウを閉じました。
2025-03-13 09:27:21 検索画面に戻りました。
2025-03-13 09:27:23 処理完了: A1005403
2025-03-13 09:27:25 完了: A1005403
2025-03-13 09:27:27 検索条件入力完了: A1005404
2025-03-13 09:27:35 詳細ウィンドウが表示されました。
2025-03-13 09:27:37 コンテンツ情報の修正ボタンをクリックしました。
2025-03-13 09:27:39 コンテンツ情報修正後のアラートOKを押下しました。
2025-03-13 09:27:41 【申請】ボタンをクリックしました。
2025-03-13 09:27:43 【申請】確認アラートのOKを押下しました。
2025-03-13 09:27:48 【承認】ボタンをクリックしました。
2025-03-13 09:27:50 【承認】確認アラートのOKを押下しました。
2025-03-13 09:27:52 【公開】ボタンをクリックしました。
2025-03-13 09:27:54 【公開】確認アラートのOKを押下しました。
2025-03-13 09:27:56 詳細ウィンドウを閉じました。
2025-03-13 09:27:56 検索画面に戻りました。
2025-03-13 09:27:58 処理完了: A1005404
2025-03-13 09:28:00 完了: A1005404
2025-03-13 09:28:02 検索条件入力完了: A1005414
2025-03-13 09:28:11 詳細ウィンドウが表示されました。
2025-03-13 09:28:12 コンテンツ情報の修正ボタンをクリックしました。
2025-03-13 09:28:14 コンテンツ情報修正後のアラートOKを押下しました。
2025-03-13 09:28:16 【申請】ボタンをクリックしました。
2025-03-13 09:28:18 【申請】確認アラートのOKを押下しました。
2025-03-13 09:28:21 【承認】ボタンをクリックしました。
2025-03-13 09:28:23 【承認】確認アラートのOKを押下しました。
2025-03-13 09:28:26 【公開】ボタンをクリックしました。
2025-03-13 09:28:28 【公開】確認アラートのOKを押下しました。
2025-03-13 09:28:30 詳細ウィンドウを閉じました。
2025-03-13 09:28:30 検索画面に戻りました。
2025-03-13 09:28:32 処理完了: A1005414
2025-03-13 09:28:34 完了: A1005414
2025-03-13 09:28:36 検索条件入力完了: A1005415
2025-03-13 09:28:44 詳細ウィンドウが表示されました。
2025-03-13 09:28:45 コンテンツ情報の修正ボタンをクリックしました。
2025-03-13 09:28:47 コンテンツ情報修正後のアラートOKを押下しました。
2025-03-13 09:28:50 【申請】ボタンをクリックしました。
2025-03-13 09:28:52 【申請】確認アラートのOKを押下しました。
2025-03-13 09:28:56 【承認】ボタンをクリックしました。
2025-03-13 09:28:58 【承認】確認アラートのOKを押下しました。
2025-03-13 09:29:00 【公開】ボタンをクリックしました。
2025-03-13 09:29:02 【公開】確認アラートのOKを押下しました。
2025-03-13 09:29:04 詳細ウィンドウを閉じました。
2025-03-13 09:29:04 検索画面に戻りました。
2025-03-13 09:29:06 処理完了: A1005415
2025-03-13 09:29:08 完了: A1005415
2025-03-13 09:29:10 検索条件入力完了: A1005416
2025-03-13 09:29:18 詳細ウィンドウが表示されました。
2025-03-13 09:29:20 コンテンツ情報の修正ボタンをクリックしました。
2025-03-13 09:29:22 コンテンツ情報修正後のアラートOKを押下しました。
2025-03-13 09:29:24 【申請】ボタンをクリックしました。
2025-03-13 09:29:26 【申請】確認アラートのOKを押下しました。
2025-03-13 09:29:29 【承認】ボタンをクリックしました。
2025-03-13 09:29:31 【承認】確認アラートのOKを押下しました。
2025-03-13 09:29:34 【公開】ボタンをクリックしました。
2025-03-13 09:29:36 【公開】確認アラートのOKを押下しました。
2025-03-13 09:29:38 詳細ウィンドウを閉じました。
2025-03-13 09:29:38 検索画面に戻りました。
2025-03-13 09:29:40 処理完了: A1005416
2025-03-13 09:29:42 完了: A1005416
2025-03-13 09:29:44 検索条件入力完了: A1005417
2025-03-13 09:29:52 詳細ウィンドウが表示されました。
2025-03-13 09:29:53 コンテンツ情報の修正ボタンをクリックしました。
2025-03-13 09:29:55 コンテンツ情報修正後のアラートOKを押下しました。
2025-03-13 09:29:58 【申請】ボタンをクリックしました。
2025-03-13 09:30:00 【申請】確認アラートのOKを押下しました。
2025-03-13 09:30:02 【承認】ボタンをクリックしました。
2025-03-13 09:30:04 【承認】確認アラートのOKを押下しました。
2025-03-13 09:30:06 【公開】ボタンをクリックしました。
2025-03-13 09:30:08 【公開】確認アラートのOKを押下しました。
2025-03-13 09:30:10 詳細ウィンドウを閉じました。
2025-03-13 09:30:10 検索画面に戻りました。
2025-03-13 09:30:12 処理完了: A1005417
2025-03-13 09:30:14 完了: A1005417
2025-03-13 09:30:16 検索条件入力完了: A1005418
2025-03-13 09:30:25 詳細ウィンドウが表示されました。
2025-03-13 09:30:26 コンテンツ情報の修正ボタンをクリックしました。
2025-03-13 09:30:28 コンテンツ情報修正後のアラートOKを押下しました。
2025-03-13 09:30:30 【申請】ボタンをクリックしました。
2025-03-13 09:30:32 【申請】確認アラートのOKを押下しました。
2025-03-13 09:30:34 【承認】ボタンをクリックしました。
2025-03-13 09:30:36 【承認】確認アラートのOKを押下しました。
2025-03-13 09:30:38 【公開】ボタンをクリックしました。
2025-03-13 09:30:40 【公開】確認アラートのOKを押下しました。
2025-03-13 09:30:42 詳細ウィンドウを閉じました。
2025-03-13 09:30:42 検索画面に戻りました。
2025-03-13 09:30:44 処理完了: A1005418
2025-03-13 09:30:46 完了: A1005418
2025-03-13 09:30:49 検索条件入力完了: A1005419
2025-03-13 09:30:57 詳細ウィンドウが表示されました。
2025-03-13 09:30:58 コンテンツ情報の修正ボタンをクリックしました。
2025-03-13 09:31:00 コンテンツ情報修正後のアラートOKを押下しました。
2025-03-13 09:31:02 【申請】ボタンをクリックしました。
2025-03-13 09:31:04 【申請】確認アラートのOKを押下しました。
2025-03-13 09:31:08 【承認】ボタンをクリックしました。
2025-03-13 09:31:10 【承認】確認アラートのOKを押下しました。
2025-03-13 09:31:12 【公開】ボタンをクリックしました。
2025-03-13 09:31:14 【公開】確認アラートのOKを押下しました。
2025-03-13 09:31:16 詳細ウィンドウを閉じました。
2025-03-13 09:31:16 検索画面に戻りました。
2025-03-13 09:31:18 処理完了: A1005419
2025-03-13 09:31:20 完了: A1005419
2025-03-13 09:31:22 検索条件入力完了: A1006006
2025-03-13 09:31:31 詳細ウィンドウが表示されました。
2025-03-13 09:31:32 コンテンツ情報の修正ボタンをクリックしました。
2025-03-13 09:31:34 コンテンツ情報修正後のアラートOKを押下しました。
2025-03-13 09:31:36 【申請】ボタンをクリックしました。
2025-03-13 09:31:38 【申請】確認アラートのOKを押下しました。
2025-03-13 09:31:40 【承認】ボタンをクリックしました。
2025-03-13 09:31:42 【承認】確認アラートのOKを押下しました。
2025-03-13 09:31:45 【公開】ボタンをクリックしました。
2025-03-13 09:31:47 【公開】確認アラートのOKを押下しました。
2025-03-13 09:31:49 詳細ウィンドウを閉じました。
2025-03-13 09:31:49 検索画面に戻りました。
2025-03-13 09:31:51 処理完了: A1006006
2025-03-13 09:31:53 完了: A1006006
2025-03-13 09:31:55 検索条件入力完了: A1006007
2025-03-13 09:32:03 詳細ウィンドウが表示されました。
2025-03-13 09:32:04 コンテンツ情報の修正ボタンをクリックしました。
2025-03-13 09:32:06 コンテンツ情報修正後のアラートOKを押下しました。
2025-03-13 09:32:09 【申請】ボタンをクリックしました。
2025-03-13 09:32:11 【申請】確認アラートのOKを押下しました。
2025-03-13 09:32:15 【承認】ボタンをクリックしました。
2025-03-13 09:32:17 【承認】確認アラートのOKを押下しました。
2025-03-13 09:32:19 【公開】ボタンをクリックしました。
2025-03-13 09:32:21 【公開】確認アラートのOKを押下しました。
2025-03-13 09:32:23 詳細ウィンドウを閉じました。
2025-03-13 09:32:23 検索画面に戻りました。
2025-03-13 09:32:25 処理完了: A1006007
2025-03-13 09:32:27 完了: A1006007
2025-03-13 09:32:29 検索条件入力完了: A3005379
2025-03-13 09:32:38 詳細ウィンドウが表示されました。
2025-03-13 09:32:39 コンテンツ情報の修正ボタンをクリックしました。
2025-03-13 09:32:41 コンテンツ情報修正後のアラートOKを押下しました。
2025-03-13 09:32:43 【申請】ボタンをクリックしました。
2025-03-13 09:32:45 【申請】確認アラートのOKを押下しました。
2025-03-13 09:32:47 【承認】ボタンをクリックしました。
2025-03-13 09:32:49 【承認】確認アラートのOKを押下しました。
2025-03-13 09:32:51 【公開】ボタンをクリックしました。
2025-03-13 09:32:53 【公開】確認アラートのOKを押下しました。
2025-03-13 09:32:55 詳細ウィンドウを閉じました。
2025-03-13 09:32:55 検索画面に戻りました。
2025-03-13 09:32:57 処理完了: A3005379
2025-03-13 09:32:59 完了: A3005379
2025-03-13 09:33:02 検索条件入力完了: A3005388
2025-03-13 09:33:10 詳細ウィンドウが表示されました。
2025-03-13 09:33:11 コンテンツ情報の修正ボタンをクリックしました。
2025-03-13 09:33:13 コンテンツ情報修正後のアラートOKを押下しました。
2025-03-13 09:33:15 【申請】ボタンをクリックしました。
2025-03-13 09:33:17 【申請】確認アラートのOKを押下しました。
2025-03-13 09:33:21 【承認】ボタンをクリックしました。
2025-03-13 09:33:23 【承認】確認アラートのOKを押下しました。
2025-03-13 09:33:25 【公開】ボタンをクリックしました。
2025-03-13 09:33:27 【公開】確認アラートのOKを押下しました。
2025-03-13 09:33:29 詳細ウィンドウを閉じました。
2025-03-13 09:33:29 検索画面に戻りました。
2025-03-13 09:33:31 処理完了: A3005388
2025-03-13 09:33:33 完了: A3005388
2025-03-13 09:33:35 検索条件入力完了: A3005389
2025-03-13 09:33:43 詳細ウィンドウが表示されました。
2025-03-13 09:33:45 コンテンツ情報の修正ボタンをクリックしました。
2025-03-13 09:33:47 コンテンツ情報修正後のアラートOKを押下しました。
2025-03-13 09:33:49 【申請】ボタンをクリックしました。
2025-03-13 09:33:51 【申請】確認アラートのOKを押下しました。
2025-03-13 09:33:53 【承認】ボタンをクリックしました。
2025-03-13 09:33:55 【承認】確認アラートのOKを押下しました。
2025-03-13 09:33:57 【公開】ボタンをクリックしました。
2025-03-13 09:33:59 【公開】確認アラートのOKを押下しました。
2025-03-13 09:34:01 詳細ウィンドウを閉じました。
2025-03-13 09:34:01 検索画面に戻りました。
2025-03-13 09:34:03 処理完了: A3005389
2025-03-13 09:34:05 完了: A3005389
2025-03-13 09:34:07 検索条件入力完了: A3005390
2025-03-13 09:34:16 詳細ウィンドウが表示されました。
2025-03-13 09:34:17 コンテンツ情報の修正ボタンをクリックしました。
2025-03-13 09:34:19 コンテンツ情報修正後のアラートOKを押下しました。
2025-03-13 09:34:21 【申請】ボタンをクリックしました。
2025-03-13 09:34:23 【申請】確認アラートのOKを押下しました。
2025-03-13 09:34:27 【承認】ボタンをクリックしました。
2025-03-13 09:34:29 【承認】確認アラートのOKを押下しました。
2025-03-13 09:34:31 【公開】ボタンをクリックしました。
2025-03-13 09:34:33 【公開】確認アラートのOKを押下しました。
2025-03-13 09:34:35 詳細ウィンドウを閉じました。
2025-03-13 09:34:35 検索画面に戻りました。
2025-03-13 09:34:37 処理完了: A3005390
2025-03-13 09:34:39 完了: A3005390
2025-03-13 09:34:41 検索条件入力完了: A3005391
2025-03-13 09:34:50 詳細ウィンドウが表示されました。
2025-03-13 09:34:51 コンテンツ情報の修正ボタンをクリックしました。
2025-03-13 09:34:53 コンテンツ情報修正後のアラートOKを押下しました。
2025-03-13 09:34:55 【申請】ボタンをクリックしました。
2025-03-13 09:34:57 【申請】確認アラートのOKを押下しました。
2025-03-13 09:34:59 【承認】ボタンをクリックしました。
2025-03-13 09:35:01 【承認】確認アラートのOKを押下しました。
2025-03-13 09:35:03 【公開】ボタンをクリックしました。
2025-03-13 09:35:05 【公開】確認アラートのOKを押下しました。
2025-03-13 09:35:07 詳細ウィンドウを閉じました。
2025-03-13 09:35:07 検索画面に戻りました。
2025-03-13 09:35:09 処理完了: A3005391
2025-03-13 09:35:11 完了: A3005391
2025-03-13 09:35:13 検索条件入力完了: AF005380
2025-03-13 09:35:22 詳細ウィンドウが表示されました。
2025-03-13 09:35:23 コンテンツ情報の修正ボタンをクリックしました。
2025-03-13 09:35:25 コンテンツ情報修正後のアラートOKを押下しました。
2025-03-13 09:35:27 【申請】ボタンをクリックしました。
2025-03-13 09:35:29 【申請】確認アラートのOKを押下しました。
2025-03-13 09:35:32 【承認】ボタンをクリックしました。
2025-03-13 09:35:34 【承認】確認アラートのOKを押下しました。
2025-03-13 09:35:37 【公開】ボタンをクリックしました。
2025-03-13 09:35:39 【公開】確認アラートのOKを押下しました。
2025-03-13 09:35:41 詳細ウィンドウを閉じました。
2025-03-13 09:35:41 検索画面に戻りました。
2025-03-13 09:35:43 処理完了: AF005380
2025-03-13 09:35:45 完了: AF005380
2025-03-13 09:35:47 検索条件入力完了: AF005381
2025-03-13 09:35:55 詳細ウィンドウが表示されました。
2025-03-13 09:35:56 コンテンツ情報の修正ボタンをクリックしました。
2025-03-13 09:35:58 コンテンツ情報修正後のアラートOKを押下しました。
2025-03-13 09:36:00 【申請】ボタンをクリックしました。
2025-03-13 09:36:02 【申請】確認アラートのOKを押下しました。
2025-03-13 09:36:04 【承認】ボタンをクリックしました。
2025-03-13 09:36:06 【承認】確認アラートのOKを押下しました。
2025-03-13 09:36:09 【公開】ボタンをクリックしました。
2025-03-13 09:36:11 【公開】確認アラートのOKを押下しました。
2025-03-13 09:36:13 詳細ウィンドウを閉じました。
2025-03-13 09:36:13 検索画面に戻りました。
2025-03-13 09:36:15 処理完了: AF005381
2025-03-13 09:36:17 完了: AF005381
2025-03-13 09:36:19 検索条件入力完了: AF005382
2025-03-13 09:36:27 詳細ウィンドウが表示されました。
2025-03-13 09:36:28 コンテンツ情報の修正ボタンをクリックしました。
2025-03-13 09:36:30 コンテンツ情報修正後のアラートOKを押下しました。
2025-03-13 09:36:32 【申請】ボタンをクリックしました。
2025-03-13 09:36:34 【申請】確認アラートのOKを押下しました。
2025-03-13 09:36:38 【承認】ボタンをクリックしました。
2025-03-13 09:36:40 【承認】確認アラートのOKを押下しました。
2025-03-13 09:36:42 【公開】ボタンをクリックしました。
2025-03-13 09:36:44 【公開】確認アラートのOKを押下しました。
2025-03-13 09:36:46 詳細ウィンドウを閉じました。
2025-03-13 09:36:46 検索画面に戻りました。
2025-03-13 09:36:48 処理完了: AF005382
2025-03-13 09:36:50 完了: AF005382
2025-03-13 09:36:52 検索条件入力完了: AF005383
2025-03-13 09:37:01 詳細ウィンドウが表示されました。
2025-03-13 09:37:02 コンテンツ情報の修正ボタンをクリックしました。
2025-03-13 09:37:04 コンテンツ情報修正後のアラートOKを押下しました。
2025-03-13 09:37:06 【申請】ボタンをクリックしました。
2025-03-13 09:37:08 【申請】確認アラートのOKを押下しました。
2025-03-13 09:37:12 【承認】ボタンをクリックしました。
2025-03-13 09:37:14 【承認】確認アラートのOKを押下しました。
2025-03-13 09:37:16 【公開】ボタンをクリックしました。
2025-03-13 09:37:18 【公開】確認アラートのOKを押下しました。
2025-03-13 09:37:20 詳細ウィンドウを閉じました。
2025-03-13 09:37:20 検索画面に戻りました。
2025-03-13 09:37:22 処理完了: AF005383
2025-03-13 09:37:24 完了: AF005383
2025-03-13 09:37:26 検索条件入力完了: AF005384
2025-03-13 09:37:34 詳細ウィンドウが表示されました。
2025-03-13 09:37:35 コンテンツ情報の修正ボタンをクリックしました。
2025-03-13 09:37:37 コンテンツ情報修正後のアラートOKを押下しました。
2025-03-13 09:37:40 【申請】ボタンをクリックしました。
2025-03-13 09:37:42 【申請】確認アラートのOKを押下しました。
2025-03-13 09:37:46 【承認】ボタンをクリックしました。
2025-03-13 09:37:48 【承認】確認アラートのOKを押下しました。
2025-03-13 09:37:50 【公開】ボタンをクリックしました。
2025-03-13 09:37:52 【公開】確認アラートのOKを押下しました。
2025-03-13 09:37:54 詳細ウィンドウを閉じました。
2025-03-13 09:37:54 検索画面に戻りました。
2025-03-13 09:37:56 処理完了: AF005384
2025-03-13 09:37:58 完了: AF005384
2025-03-13 09:38:00 検索条件入力完了: AF005385
2025-03-13 09:38:09 詳細ウィンドウが表示されました。
2025-03-13 09:38:10 コンテンツ情報の修正ボタンをクリックしました。
2025-03-13 09:38:12 コンテンツ情報修正後のアラートOKを押下しました。
2025-03-13 09:38:14 【申請】ボタンをクリックしました。
2025-03-13 09:38:16 【申請】確認アラートのOKを押下しました。
2025-03-13 09:38:18 【承認】ボタンをクリックしました。
2025-03-13 09:38:20 【承認】確認アラートのOKを押下しました。
2025-03-13 09:38:22 【公開】ボタンをクリックしました。
2025-03-13 09:38:24 【公開】確認アラートのOKを押下しました。
2025-03-13 09:38:26 詳細ウィンドウを閉じました。
2025-03-13 09:38:26 検索画面に戻りました。
2025-03-13 09:38:28 処理完了: AF005385
2025-03-13 09:38:30 完了: AF005385
2025-03-13 09:38:32 検索条件入力完了: AT005367
2025-03-13 09:38:41 詳細ウィンドウが表示されました。
2025-03-13 09:38:42 コンテンツ情報の修正ボタンをクリックしました。
2025-03-13 09:38:44 コンテンツ情報修正後のアラートOKを押下しました。
2025-03-13 09:38:46 【申請】ボタンをクリックしました。
2025-03-13 09:38:48 【申請】確認アラートのOKを押下しました。
2025-03-13 09:38:52 【承認】ボタンをクリックしました。
2025-03-13 09:38:54 【承認】確認アラートのOKを押下しました。
2025-03-13 09:38:56 【公開】ボタンをクリックしました。
2025-03-13 09:38:58 【公開】確認アラートのOKを押下しました。
2025-03-13 09:39:00 詳細ウィンドウを閉じました。
2025-03-13 09:39:00 検索画面に戻りました。
2025-03-13 09:39:02 処理完了: AT005367
2025-03-13 09:39:04 完了: AT005367
2025-03-13 09:39:06 検索条件入力完了: AT005368
2025-03-13 09:39:14 詳細ウィンドウが表示されました。
2025-03-13 09:39:16 コンテンツ情報の修正ボタンをクリックしました。
2025-03-13 09:39:18 コンテンツ情報修正後のアラートOKを押下しました。
2025-03-13 09:39:20 【申請】ボタンをクリックしました。
2025-03-13 09:39:22 【申請】確認アラートのOKを押下しました。
2025-03-13 09:39:26 【承認】ボタンをクリックしました。
2025-03-13 09:39:28 【承認】確認アラートのOKを押下しました。
2025-03-13 09:39:30 【公開】ボタンをクリックしました。
2025-03-13 09:39:32 【公開】確認アラートのOKを押下しました。
2025-03-13 09:39:34 詳細ウィンドウを閉じました。
2025-03-13 09:39:34 検索画面に戻りました。
2025-03-13 09:39:36 処理完了: AT005368
2025-03-13 09:39:38 完了: AT005368
2025-03-13 09:39:40 検索条件入力完了: AT005369
2025-03-13 09:39:49 詳細ウィンドウが表示されました。
2025-03-13 09:39:50 コンテンツ情報の修正ボタンをクリックしました。
2025-03-13 09:39:52 コンテンツ情報修正後のアラートOKを押下しました。
2025-03-13 09:39:54 【申請】ボタンをクリックしました。
2025-03-13 09:39:56 【申請】確認アラートのOKを押下しました。
2025-03-13 09:40:00 【承認】ボタンをクリックしました。
2025-03-13 09:40:02 【承認】確認アラートのOKを押下しました。
2025-03-13 09:40:04 【公開】ボタンをクリックしました。
2025-03-13 09:40:06 【公開】確認アラートのOKを押下しました。
2025-03-13 09:40:08 詳細ウィンドウを閉じました。
2025-03-13 09:40:08 検索画面に戻りました。
2025-03-13 09:40:10 処理完了: AT005369
2025-03-13 09:40:12 完了: AT005369
2025-03-13 09:40:14 検索条件入力完了: AT005406
2025-03-13 09:40:23 詳細ウィンドウが表示されました。
2025-03-13 09:40:24 コンテンツ情報の修正ボタンをクリックしました。
2025-03-13 09:40:26 コンテンツ情報修正後のアラートOKを押下しました。
2025-03-13 09:40:28 【申請】ボタンをクリックしました。
2025-03-13 09:40:30 【申請】確認アラートのOKを押下しました。
2025-03-13 09:40:32 【承認】ボタンをクリックしました。
2025-03-13 09:40:34 【承認】確認アラートのOKを押下しました。
2025-03-13 09:40:36 【公開】ボタンをクリックしました。
2025-03-13 09:40:38 【公開】確認アラートのOKを押下しました。
2025-03-13 09:40:40 詳細ウィンドウを閉じました。
2025-03-13 09:40:40 検索画面に戻りました。
2025-03-13 09:40:43 処理完了: AT005406
2025-03-13 09:40:45 完了: AT005406
2025-03-13 09:40:47 検索条件入力完了: B2005260
2025-03-13 09:40:55 詳細ウィンドウが表示されました。
2025-03-13 09:40:56 コンテンツ情報の修正ボタンをクリックしました。
2025-03-13 09:40:58 コンテンツ情報修正後のアラートOKを押下しました。
2025-03-13 09:41:00 【申請】ボタンをクリックしました。
2025-03-13 09:41:02 【申請】確認アラートのOKを押下しました。
2025-03-13 09:41:06 【承認】ボタンをクリックしました。
2025-03-13 09:41:08 【承認】確認アラートのOKを押下しました。
2025-03-13 09:41:10 【公開】ボタンをクリックしました。
2025-03-13 09:41:12 【公開】確認アラートのOKを押下しました。
2025-03-13 09:41:14 詳細ウィンドウを閉じました。
2025-03-13 09:41:14 検索画面に戻りました。
2025-03-13 09:41:16 処理完了: B2005260
2025-03-13 09:41:18 完了: B2005260
2025-03-13 09:41:20 検索条件入力完了: B2005261
2025-03-13 09:41:29 詳細ウィンドウが表示されました。
2025-03-13 09:41:30 コンテンツ情報の修正ボタンをクリックしました。
2025-03-13 09:41:32 コンテンツ情報修正後のアラートOKを押下しました。
2025-03-13 09:41:34 【申請】ボタンをクリックしました。
2025-03-13 09:41:36 【申請】確認アラートのOKを押下しました。
2025-03-13 09:41:38 【承認】ボタンをクリックしました。
2025-03-13 09:41:40 【承認】確認アラートのOKを押下しました。
2025-03-13 09:41:43 【公開】ボタンをクリックしました。
2025-03-13 09:41:45 【公開】確認アラートのOKを押下しました。
2025-03-13 09:41:47 詳細ウィンドウを閉じました。
2025-03-13 09:41:47 検索画面に戻りました。
2025-03-13 09:41:49 処理完了: B2005261
2025-03-13 09:41:51 完了: B2005261
2025-03-13 09:41:53 検索条件入力完了: B3005370
2025-03-13 09:42:02 詳細ウィンドウが表示されました。
2025-03-13 09:42:03 コンテンツ情報の修正ボタンをクリックしました。
2025-03-13 09:42:05 コンテンツ情報修正後のアラートOKを押下しました。
2025-03-13 09:42:07 【申請】ボタンをクリックしました。
2025-03-13 09:42:09 【申請】確認アラートのOKを押下しました。
2025-03-13 09:42:13 【承認】ボタンをクリックしました。
2025-03-13 09:42:15 【承認】確認アラートのOKを押下しました。
2025-03-13 09:42:17 【公開】ボタンをクリックしました。
2025-03-13 09:42:19 【公開】確認アラートのOKを押下しました。
2025-03-13 09:42:21 詳細ウィンドウを閉じました。
2025-03-13 09:42:21 検索画面に戻りました。
2025-03-13 09:42:23 処理完了: B3005370
2025-03-13 09:42:25 完了: B3005370
2025-03-13 09:42:27 検索条件入力完了: B3005371
2025-03-13 09:42:35 詳細ウィンドウが表示されました。
2025-03-13 09:42:36 コンテンツ情報の修正ボタンをクリックしました。
2025-03-13 09:42:38 コンテンツ情報修正後のアラートOKを押下しました。
2025-03-13 09:42:41 【申請】ボタンをクリックしました。
2025-03-13 09:42:43 【申請】確認アラートのOKを押下しました。
2025-03-13 09:42:45 【承認】ボタンをクリックしました。
2025-03-13 09:42:47 【承認】確認アラートのOKを押下しました。
2025-03-13 09:42:49 【公開】ボタンをクリックしました。
2025-03-13 09:42:51 【公開】確認アラートのOKを押下しました。
2025-03-13 09:42:53 詳細ウィンドウを閉じました。
2025-03-13 09:42:53 検索画面に戻りました。
2025-03-13 09:42:55 処理完了: B3005371
2025-03-13 09:42:57 完了: B3005371
2025-03-13 09:42:59 検索条件入力完了: B3005372
2025-03-13 09:43:08 詳細ウィンドウが表示されました。
2025-03-13 09:43:09 コンテンツ情報の修正ボタンをクリックしました。
2025-03-13 09:43:11 コンテンツ情報修正後のアラートOKを押下しました。
2025-03-13 09:43:13 【申請】ボタンをクリックしました。
2025-03-13 09:43:15 【申請】確認アラートのOKを押下しました。
2025-03-13 09:43:18 【承認】ボタンをクリックしました。
2025-03-13 09:43:20 【承認】確認アラートのOKを押下しました。
2025-03-13 09:43:22 【公開】ボタンをクリックしました。
2025-03-13 09:43:24 【公開】確認アラートのOKを押下しました。
2025-03-13 09:43:26 詳細ウィンドウを閉じました。
2025-03-13 09:43:26 検索画面に戻りました。
2025-03-13 09:43:28 処理完了: B3005372
2025-03-13 09:43:30 完了: B3005372
2025-03-13 09:43:33 検索条件入力完了: B3005373
2025-03-13 09:43:41 詳細ウィンドウが表示されました。
2025-03-13 09:43:42 コンテンツ情報の修正ボタンをクリックしました。
2025-03-13 09:43:44 コンテンツ情報修正後のアラートOKを押下しました。
2025-03-13 09:43:47 【申請】ボタンをクリックしました。
2025-03-13 09:43:49 【申請】確認アラートのOKを押下しました。
2025-03-13 09:43:51 【承認】ボタンをクリックしました。
2025-03-13 09:43:53 【承認】確認アラートのOKを押下しました。
2025-03-13 09:43:55 【公開】ボタンをクリックしました。
2025-03-13 09:43:57 【公開】確認アラートのOKを押下しました。
2025-03-13 09:43:59 詳細ウィンドウを閉じました。
2025-03-13 09:43:59 検索画面に戻りました。
2025-03-13 09:44:01 処理完了: B3005373
2025-03-13 09:44:03 完了: B3005373
2025-03-13 09:44:05 検索条件入力完了: BO004725
2025-03-13 09:44:13 詳細ウィンドウが表示されました。
2025-03-13 09:44:14 コンテンツ情報の修正ボタンをクリックしました。
2025-03-13 09:44:16 コンテンツ情報修正後のアラートOKを押下しました。
2025-03-13 09:44:19 【申請】ボタンをクリックしました。
2025-03-13 09:44:21 【申請】確認アラートのOKを押下しました。
2025-03-13 09:44:23 【承認】ボタンをクリックしました。
2025-03-13 09:44:25 【承認】確認アラートのOKを押下しました。
2025-03-13 09:44:27 【公開】ボタンをクリックしました。
2025-03-13 09:44:29 【公開】確認アラートのOKを押下しました。
2025-03-13 09:44:31 詳細ウィンドウを閉じました。
2025-03-13 09:44:31 検索画面に戻りました。
2025-03-13 09:44:33 処理完了: BO004725
2025-03-13 09:44:35 完了: BO004725
2025-03-13 09:44:37 検索条件入力完了: BO004726
2025-03-13 09:44:45 詳細ウィンドウが表示されました。
2025-03-13 09:44:47 コンテンツ情報の修正ボタンをクリックしました。
2025-03-13 09:44:49 コンテンツ情報修正後のアラートOKを押下しました。
2025-03-13 09:44:51 【申請】ボタンをクリックしました。
2025-03-13 09:44:53 【申請】確認アラートのOKを押下しました。
2025-03-13 09:44:57 【承認】ボタンをクリックしました。
2025-03-13 09:44:59 【承認】確認アラートのOKを押下しました。
2025-03-13 09:45:01 【公開】ボタンをクリックしました。
2025-03-13 09:45:03 【公開】確認アラートのOKを押下しました。
2025-03-13 09:45:05 詳細ウィンドウを閉じました。
2025-03-13 09:45:05 検索画面に戻りました。
2025-03-13 09:45:07 処理完了: BO004726
2025-03-13 09:45:09 完了: BO004726
2025-03-13 09:45:11 検索条件入力完了: BO004727
2025-03-13 09:45:19 詳細ウィンドウが表示されました。
2025-03-13 09:45:21 コンテンツ情報の修正ボタンをクリックしました。
2025-03-13 09:45:23 コンテンツ情報修正後のアラートOKを押下しました。
2025-03-13 09:45:25 【申請】ボタンをクリックしました。
2025-03-13 09:45:27 【申請】確認アラートのOKを押下しました。
2025-03-13 09:45:30 【承認】ボタンをクリックしました。
2025-03-13 09:45:32 【承認】確認アラートのOKを押下しました。
2025-03-13 09:45:35 【公開】ボタンをクリックしました。
2025-03-13 09:45:37 【公開】確認アラートのOKを押下しました。
2025-03-13 09:45:39 詳細ウィンドウを閉じました。
2025-03-13 09:45:39 検索画面に戻りました。
2025-03-13 09:45:41 処理完了: BO004727
2025-03-13 09:45:43 完了: BO004727
2025-03-13 09:45:45 検索条件入力完了: BO004728
2025-03-13 09:45:53 詳細ウィンドウが表示されました。
2025-03-13 09:45:54 コンテンツ情報の修正ボタンをクリックしました。
2025-03-13 09:45:56 コンテンツ情報修正後のアラートOKを押下しました。
2025-03-13 09:45:59 【申請】ボタンをクリックしました。
2025-03-13 09:46:01 【申請】確認アラートのOKを押下しました。
2025-03-13 09:46:04 【承認】ボタンをクリックしました。
2025-03-13 09:46:06 【承認】確認アラートのOKを押下しました。
2025-03-13 09:46:09 【公開】ボタンをクリックしました。
2025-03-13 09:46:11 【公開】確認アラートのOKを押下しました。
2025-03-13 09:46:13 詳細ウィンドウを閉じました。
2025-03-13 09:46:13 検索画面に戻りました。
2025-03-13 09:46:15 処理完了: BO004728
2025-03-13 09:46:17 完了: BO004728
2025-03-13 09:46:19 検索条件入力完了: BO004729
2025-03-13 09:46:27 詳細ウィンドウが表示されました。
2025-03-13 09:46:28 コンテンツ情報の修正ボタンをクリックしました。
2025-03-13 09:46:30 コンテンツ情報修正後のアラートOKを押下しました。
2025-03-13 09:46:33 【申請】ボタンをクリックしました。
2025-03-13 09:46:35 【申請】確認アラートのOKを押下しました。
2025-03-13 09:46:38 【承認】ボタンをクリックしました。
2025-03-13 09:46:40 【承認】確認アラートのOKを押下しました。
2025-03-13 09:46:42 【公開】ボタンをクリックしました。
2025-03-13 09:46:44 【公開】確認アラートのOKを押下しました。
2025-03-13 09:46:46 詳細ウィンドウを閉じました。
2025-03-13 09:46:46 検索画面に戻りました。
2025-03-13 09:46:48 処理完了: BO004729
2025-03-13 09:46:50 完了: BO004729
2025-03-13 09:46:53 検索条件入力完了: BO004730
2025-03-13 09:46:56 Error processing content_id BO004730: Message: no such element: Unable to locate element: {"method":"xpath","selector":"//*[@id="SearchResultForm"]/table[1]/tbody/tr[2]/td[6]/input[1]"}
  (Session info: MicrosoftEdge=134.0.3124.51); For documentation on this error, please visit: https://www.selenium.dev/documentation/webdriver/troubleshooting/errors#no-such-element-exception
Stacktrace:
	GetHandleVerifier [0x00007FF78174A7D5+20677]
	simdutf::get_active_implementation [0x00007FF7816A6F80+492656]
	Microsoft::Applications::Events::EventProperty::to_string [0x00007FF78199DC8A+1807418]
	(No symbol) [0x00007FF7814E72AC]
	(No symbol) [0x00007FF7814E758B]
	(No symbol) [0x00007FF7815285A7]
	(No symbol) [0x00007FF78150849F]
	(No symbol) [0x00007FF7814DD6ED]
	(No symbol) [0x00007FF781525D61]
	(No symbol) [0x00007FF7815081C3]
	(No symbol) [0x00007FF7814DCC36]
	(No symbol) [0x00007FF7814DC0C4]
	(No symbol) [0x00007FF7814DCA63]
	(No symbol) [0x00007FF7815C58DD]
	(No symbol) [0x00007FF7815D1D42]
	(No symbol) [0x00007FF7815CA703]
	Microsoft::Applications::Events::EventProperty::to_string [0x00007FF7818247DA+262026]
	simdutf::get_active_implementation [0x00007FF7816B46B1+547745]
	simdutf::get_active_implementation [0x00007FF7816AD964+519764]
	simdutf::get_active_implementation [0x00007FF7816ADAA9+520089]
	simdutf::get_active_implementation [0x00007FF78169F656+461638]
	BaseThreadInitThunk [0x00007FFAA9157374+20]
	RtlUserThreadStart [0x00007FFAA9C5CC91+33]

2025-03-13 09:46:56 完了: BO004730
2025-03-13 09:46:58 検索条件入力完了: BO004737
2025-03-13 09:47:01 Error processing content_id BO004737: Alert Text: 検索中です
Message: unexpected alert open: {Alert text : 検索中です}
  (Session info: MicrosoftEdge=134.0.3124.51)
Stacktrace:
	GetHandleVerifier [0x00007FF78174A7D5+20677]
	simdutf::get_active_implementation [0x00007FF7816A6F80+492656]
	Microsoft::Applications::Events::EventProperty::to_string [0x00007FF78199DC8A+1807418]
	(No symbol) [0x00007FF78152636A]
	(No symbol) [0x00007FF7815081C3]
	(No symbol) [0x00007FF7814DCC36]
	(No symbol) [0x00007FF7814DC0C4]
	(No symbol) [0x00007FF7814DCA63]
	(No symbol) [0x00007FF7815C58DD]
	(No symbol) [0x00007FF7815D1D42]
	(No symbol) [0x00007FF7815CA703]
	Microsoft::Applications::Events::EventProperty::to_string [0x00007FF7818247DA+262026]
	simdutf::get_active_implementation [0x00007FF7816B46B1+547745]
	simdutf::get_active_implementation [0x00007FF7816AD964+519764]
	simdutf::get_active_implementation [0x00007FF7816ADAA9+520089]
	simdutf::get_active_implementation [0x00007FF78169F656+461638]
	BaseThreadInitThunk [0x00007FFAA9157374+20]
	RtlUserThreadStart [0x00007FFAA9C5CC91+33]

2025-03-13 09:47:01 完了: BO004737
2025-03-13 09:47:03 検索条件入力完了: BO004738
2025-03-13 09:47:06 Error processing content_id BO004738: Alert Text: 検索中です
Message: unexpected alert open: {Alert text : 検索中です}
  (Session info: MicrosoftEdge=134.0.3124.51)
Stacktrace:
	GetHandleVerifier [0x00007FF78174A7D5+20677]
	simdutf::get_active_implementation [0x00007FF7816A6F80+492656]
	Microsoft::Applications::Events::EventProperty::to_string [0x00007FF78199DC8A+1807418]
	(No symbol) [0x00007FF78152636A]
	(No symbol) [0x00007FF7815081C3]
	(No symbol) [0x00007FF7814DCC36]
	(No symbol) [0x00007FF7814DC0C4]
	(No symbol) [0x00007FF7814DCA63]
	(No symbol) [0x00007FF7815C58DD]
	(No symbol) [0x00007FF7815D1D42]
	(No symbol) [0x00007FF7815CA703]
	Microsoft::Applications::Events::EventProperty::to_string [0x00007FF7818247DA+262026]
	simdutf::get_active_implementation [0x00007FF7816B46B1+547745]
	simdutf::get_active_implementation [0x00007FF7816AD964+519764]
	simdutf::get_active_implementation [0x00007FF7816ADAA9+520089]
	simdutf::get_active_implementation [0x00007FF78169F656+461638]
	BaseThreadInitThunk [0x00007FFAA9157374+20]
	RtlUserThreadStart [0x00007FFAA9C5CC91+33]

2025-03-13 09:47:06 完了: BO004738
2025-03-13 09:47:08 検索条件入力完了: BO004739
2025-03-13 09:47:11 Error processing content_id BO004739: Alert Text: 検索中です
Message: unexpected alert open: {Alert text : 検索中です}
  (Session info: MicrosoftEdge=134.0.3124.51)
Stacktrace:
	GetHandleVerifier [0x00007FF78174A7D5+20677]
	simdutf::get_active_implementation [0x00007FF7816A6F80+492656]
	Microsoft::Applications::Events::EventProperty::to_string [0x00007FF78199DC8A+1807418]
	(No symbol) [0x00007FF78152636A]
	(No symbol) [0x00007FF7815081C3]
	(No symbol) [0x00007FF7814DCC36]
	(No symbol) [0x00007FF7814DC0C4]
	(No symbol) [0x00007FF7814DCA63]
	(No symbol) [0x00007FF7815C58DD]
	(No symbol) [0x00007FF7815D1D42]
	(No symbol) [0x00007FF7815CA703]
	Microsoft::Applications::Events::EventProperty::to_string [0x00007FF7818247DA+262026]
	simdutf::get_active_implementation [0x00007FF7816B46B1+547745]
	simdutf::get_active_implementation [0x00007FF7816AD964+519764]
	simdutf::get_active_implementation [0x00007FF7816ADAA9+520089]
	simdutf::get_active_implementation [0x00007FF78169F656+461638]
	BaseThreadInitThunk [0x00007FFAA9157374+20]
	RtlUserThreadStart [0x00007FFAA9C5CC91+33]

2025-03-13 09:47:11 完了: BO004739
2025-03-13 09:47:13 検索条件入力完了: BO004740
2025-03-13 09:47:16 Error processing content_id BO004740: Alert Text: 検索中です
Message: unexpected alert open: {Alert text : 検索中です}
  (Session info: MicrosoftEdge=134.0.3124.51)
Stacktrace:
	GetHandleVerifier [0x00007FF78174A7D5+20677]
	simdutf::get_active_implementation [0x00007FF7816A6F80+492656]
	Microsoft::Applications::Events::EventProperty::to_string [0x00007FF78199DC8A+1807418]
	(No symbol) [0x00007FF78152636A]
	(No symbol) [0x00007FF7815081C3]
	(No symbol) [0x00007FF7814DCC36]
	(No symbol) [0x00007FF7814DC0C4]
	(No symbol) [0x00007FF7814DCA63]
	(No symbol) [0x00007FF7815C58DD]
	(No symbol) [0x00007FF7815D1D42]
	(No symbol) [0x00007FF7815CA703]
	Microsoft::Applications::Events::EventProperty::to_string [0x00007FF7818247DA+262026]
	simdutf::get_active_implementation [0x00007FF7816B46B1+547745]
	simdutf::get_active_implementation [0x00007FF7816AD964+519764]
	simdutf::get_active_implementation [0x00007FF7816ADAA9+520089]
	simdutf::get_active_implementation [0x00007FF78169F656+461638]
	BaseThreadInitThunk [0x00007FFAA9157374+20]
	RtlUserThreadStart [0x00007FFAA9C5CC91+33]

2025-03-13 09:47:16 完了: BO004740
2025-03-13 09:47:19 検索条件入力完了: BO004741
2025-03-13 09:47:22 Error processing content_id BO004741: Alert Text: 検索中です
Message: unexpected alert open: {Alert text : 検索中です}
  (Session info: MicrosoftEdge=134.0.3124.51)
Stacktrace:
	GetHandleVerifier [0x00007FF78174A7D5+20677]
	simdutf::get_active_implementation [0x00007FF7816A6F80+492656]
	Microsoft::Applications::Events::EventProperty::to_string [0x00007FF78199DC8A+1807418]
	(No symbol) [0x00007FF78152636A]
	(No symbol) [0x00007FF7815081C3]
	(No symbol) [0x00007FF7814DCC36]
	(No symbol) [0x00007FF7814DC0C4]
	(No symbol) [0x00007FF7814DCA63]
	(No symbol) [0x00007FF7815C58DD]
	(No symbol) [0x00007FF7815D1D42]
	(No symbol) [0x00007FF7815CA703]
	Microsoft::Applications::Events::EventProperty::to_string [0x00007FF7818247DA+262026]
	simdutf::get_active_implementation [0x00007FF7816B46B1+547745]
	simdutf::get_active_implementation [0x00007FF7816AD964+519764]
	simdutf::get_active_implementation [0x00007FF7816ADAA9+520089]
	simdutf::get_active_implementation [0x00007FF78169F656+461638]
	BaseThreadInitThunk [0x00007FFAA9157374+20]
	RtlUserThreadStart [0x00007FFAA9C5CC91+33]

2025-03-13 09:47:22 完了: BO004741
2025-03-13 09:47:24 検索条件入力完了: BO004742
2025-03-13 09:47:27 Error processing content_id BO004742: Alert Text: 検索中です
Message: unexpected alert open: {Alert text : 検索中です}
  (Session info: MicrosoftEdge=134.0.3124.51)
Stacktrace:
	GetHandleVerifier [0x00007FF78174A7D5+20677]
	simdutf::get_active_implementation [0x00007FF7816A6F80+492656]
	Microsoft::Applications::Events::EventProperty::to_string [0x00007FF78199DC8A+1807418]
	(No symbol) [0x00007FF78152636A]
	(No symbol) [0x00007FF7815081C3]
	(No symbol) [0x00007FF7814DCC36]
	(No symbol) [0x00007FF7814DC0C4]
	(No symbol) [0x00007FF7814DCA63]
	(No symbol) [0x00007FF7815C58DD]
	(No symbol) [0x00007FF7815D1D42]
	(No symbol) [0x00007FF7815CA703]
	Microsoft::Applications::Events::EventProperty::to_string [0x00007FF7818247DA+262026]
	simdutf::get_active_implementation [0x00007FF7816B46B1+547745]
	simdutf::get_active_implementation [0x00007FF7816AD964+519764]
	simdutf::get_active_implementation [0x00007FF7816ADAA9+520089]
	simdutf::get_active_implementation [0x00007FF78169F656+461638]
	BaseThreadInitThunk [0x00007FFAA9157374+20]
	RtlUserThreadStart [0x00007FFAA9C5CC91+33]

2025-03-13 09:47:27 完了: BO004742
2025-03-13 09:47:29 検索条件入力完了: BO004749
2025-03-13 09:47:32 Error processing content_id BO004749: Alert Text: 検索中です
Message: unexpected alert open: {Alert text : 検索中です}
  (Session info: MicrosoftEdge=134.0.3124.51)
Stacktrace:
	GetHandleVerifier [0x00007FF78174A7D5+20677]
	simdutf::get_active_implementation [0x00007FF7816A6F80+492656]
	Microsoft::Applications::Events::EventProperty::to_string [0x00007FF78199DC8A+1807418]
	(No symbol) [0x00007FF78152636A]
	(No symbol) [0x00007FF7815081C3]
	(No symbol) [0x00007FF7814DCC36]
	(No symbol) [0x00007FF7814DC0C4]
	(No symbol) [0x00007FF7814DCA63]
	(No symbol) [0x00007FF7815C58DD]
	(No symbol) [0x00007FF7815D1D42]
	(No symbol) [0x00007FF7815CA703]
	Microsoft::Applications::Events::EventProperty::to_string [0x00007FF7818247DA+262026]
	simdutf::get_active_implementation [0x00007FF7816B46B1+547745]
	simdutf::get_active_implementation [0x00007FF7816AD964+519764]
	simdutf::get_active_implementation [0x00007FF7816ADAA9+520089]
	simdutf::get_active_implementation [0x00007FF78169F656+461638]
	BaseThreadInitThunk [0x00007FFAA9157374+20]
	RtlUserThreadStart [0x00007FFAA9C5CC91+33]

2025-03-13 09:47:32 完了: BO004749
2025-03-13 09:47:34 検索条件入力完了: BO004750
2025-03-13 09:47:37 Error processing content_id BO004750: Alert Text: 検索中です
Message: unexpected alert open: {Alert text : 検索中です}
  (Session info: MicrosoftEdge=134.0.3124.51)
Stacktrace:
	GetHandleVerifier [0x00007FF78174A7D5+20677]
	simdutf::get_active_implementation [0x00007FF7816A6F80+492656]
	Microsoft::Applications::Events::EventProperty::to_string [0x00007FF78199DC8A+1807418]
	(No symbol) [0x00007FF78152636A]
	(No symbol) [0x00007FF7815081C3]
	(No symbol) [0x00007FF7814DCC36]
	(No symbol) [0x00007FF7814DC0C4]
	(No symbol) [0x00007FF7814DCA63]
	(No symbol) [0x00007FF7815C58DD]
	(No symbol) [0x00007FF7815D1D42]
	(No symbol) [0x00007FF7815CA703]
	Microsoft::Applications::Events::EventProperty::to_string [0x00007FF7818247DA+262026]
	simdutf::get_active_implementation [0x00007FF7816B46B1+547745]
	simdutf::get_active_implementation [0x00007FF7816AD964+519764]
	simdutf::get_active_implementation [0x00007FF7816ADAA9+520089]
	simdutf::get_active_implementation [0x00007FF78169F656+461638]
	BaseThreadInitThunk [0x00007FFAA9157374+20]
	RtlUserThreadStart [0x00007FFAA9C5CC91+33]

2025-03-13 09:47:37 完了: BO004750
2025-03-13 09:47:39 検索条件入力完了: BO004751
2025-03-13 09:47:42 Error processing content_id BO004751: Alert Text: 検索中です
Message: unexpected alert open: {Alert text : 検索中です}
  (Session info: MicrosoftEdge=134.0.3124.51)
Stacktrace:
	GetHandleVerifier [0x00007FF78174A7D5+20677]
	simdutf::get_active_implementation [0x00007FF7816A6F80+492656]
	Microsoft::Applications::Events::EventProperty::to_string [0x00007FF78199DC8A+1807418]
	(No symbol) [0x00007FF78152636A]
	(No symbol) [0x00007FF7815081C3]
	(No symbol) [0x00007FF7814DCC36]
	(No symbol) [0x00007FF7814DC0C4]
	(No symbol) [0x00007FF7814DCA63]
	(No symbol) [0x00007FF7815C58DD]
	(No symbol) [0x00007FF7815D1D42]
	(No symbol) [0x00007FF7815CA703]
	Microsoft::Applications::Events::EventProperty::to_string [0x00007FF7818247DA+262026]
	simdutf::get_active_implementation [0x00007FF7816B46B1+547745]
	simdutf::get_active_implementation [0x00007FF7816AD964+519764]
	simdutf::get_active_implementation [0x00007FF7816ADAA9+520089]
	simdutf::get_active_implementation [0x00007FF78169F656+461638]
	BaseThreadInitThunk [0x00007FFAA9157374+20]
	RtlUserThreadStart [0x00007FFAA9C5CC91+33]

2025-03-13 09:47:42 完了: BO004751
2025-03-13 09:47:45 検索条件入力完了: BO004752
2025-03-13 09:47:48 Error processing content_id BO004752: Alert Text: 検索中です
Message: unexpected alert open: {Alert text : 検索中です}
  (Session info: MicrosoftEdge=134.0.3124.51)
Stacktrace:
	GetHandleVerifier [0x00007FF78174A7D5+20677]
	simdutf::get_active_implementation [0x00007FF7816A6F80+492656]
	Microsoft::Applications::Events::EventProperty::to_string [0x00007FF78199DC8A+1807418]
	(No symbol) [0x00007FF78152636A]
	(No symbol) [0x00007FF7815081C3]
	(No symbol) [0x00007FF7814DCC36]
	(No symbol) [0x00007FF7814DC0C4]
	(No symbol) [0x00007FF7814DCA63]
	(No symbol) [0x00007FF7815C58DD]
	(No symbol) [0x00007FF7815D1D42]
	(No symbol) [0x00007FF7815CA703]
	Microsoft::Applications::Events::EventProperty::to_string [0x00007FF7818247DA+262026]
	simdutf::get_active_implementation [0x00007FF7816B46B1+547745]
	simdutf::get_active_implementation [0x00007FF7816AD964+519764]
	simdutf::get_active_implementation [0x00007FF7816ADAA9+520089]
	simdutf::get_active_implementation [0x00007FF78169F656+461638]
	BaseThreadInitThunk [0x00007FFAA9157374+20]
	RtlUserThreadStart [0x00007FFAA9C5CC91+33]

2025-03-13 09:47:48 完了: BO004752
2025-03-13 09:47:50 検索条件入力完了: BO004753
2025-03-13 09:47:53 Error processing content_id BO004753: Alert Text: 検索中です
Message: unexpected alert open: {Alert text : 検索中です}
  (Session info: MicrosoftEdge=134.0.3124.51)
Stacktrace:
	GetHandleVerifier [0x00007FF78174A7D5+20677]
	simdutf::get_active_implementation [0x00007FF7816A6F80+492656]
	Microsoft::Applications::Events::EventProperty::to_string [0x00007FF78199DC8A+1807418]
	(No symbol) [0x00007FF78152636A]
	(No symbol) [0x00007FF7815081C3]
	(No symbol) [0x00007FF7814DCC36]
	(No symbol) [0x00007FF7814DC0C4]
	(No symbol) [0x00007FF7814DCA63]
	(No symbol) [0x00007FF7815C58DD]
	(No symbol) [0x00007FF7815D1D42]
	(No symbol) [0x00007FF7815CA703]
	Microsoft::Applications::Events::EventProperty::to_string [0x00007FF7818247DA+262026]
	simdutf::get_active_implementation [0x00007FF7816B46B1+547745]
	simdutf::get_active_implementation [0x00007FF7816AD964+519764]
	simdutf::get_active_implementation [0x00007FF7816ADAA9+520089]
	simdutf::get_active_implementation [0x00007FF78169F656+461638]
	BaseThreadInitThunk [0x00007FFAA9157374+20]
	RtlUserThreadStart [0x00007FFAA9C5CC91+33]

2025-03-13 09:47:53 完了: BO004753
2025-03-13 09:47:55 検索条件入力完了: BO004754
2025-03-13 09:47:58 Error processing content_id BO004754: Alert Text: 検索中です
Message: unexpected alert open: {Alert text : 検索中です}
  (Session info: MicrosoftEdge=134.0.3124.51)
Stacktrace:
	GetHandleVerifier [0x00007FF78174A7D5+20677]
	simdutf::get_active_implementation [0x00007FF7816A6F80+492656]
	Microsoft::Applications::Events::EventProperty::to_string [0x00007FF78199DC8A+1807418]
	(No symbol) [0x00007FF78152636A]
	(No symbol) [0x00007FF7815081C3]
	(No symbol) [0x00007FF7814DCC36]
	(No symbol) [0x00007FF7814DC0C4]
	(No symbol) [0x00007FF7814DCA63]
	(No symbol) [0x00007FF7815C58DD]
	(No symbol) [0x00007FF7815D1D42]
	(No symbol) [0x00007FF7815CA703]
	Microsoft::Applications::Events::EventProperty::to_string [0x00007FF7818247DA+262026]
	simdutf::get_active_implementation [0x00007FF7816B46B1+547745]
	simdutf::get_active_implementation [0x00007FF7816AD964+519764]
	simdutf::get_active_implementation [0x00007FF7816ADAA9+520089]
	simdutf::get_active_implementation [0x00007FF78169F656+461638]
	BaseThreadInitThunk [0x00007FFAA9157374+20]
	RtlUserThreadStart [0x00007FFAA9C5CC91+33]

2025-03-13 09:47:58 完了: BO004754
2025-03-13 09:48:00 検索条件入力完了: BO004755
2025-03-13 09:48:03 Error processing content_id BO004755: Alert Text: 検索中です
Message: unexpected alert open: {Alert text : 検索中です}
  (Session info: MicrosoftEdge=134.0.3124.51)
Stacktrace:
	GetHandleVerifier [0x00007FF78174A7D5+20677]
	simdutf::get_active_implementation [0x00007FF7816A6F80+492656]
	Microsoft::Applications::Events::EventProperty::to_string [0x00007FF78199DC8A+1807418]
	(No symbol) [0x00007FF78152636A]
	(No symbol) [0x00007FF7815081C3]
	(No symbol) [0x00007FF7814DCC36]
	(No symbol) [0x00007FF7814DC0C4]
	(No symbol) [0x00007FF7814DCA63]
	(No symbol) [0x00007FF7815C58DD]
	(No symbol) [0x00007FF7815D1D42]
	(No symbol) [0x00007FF7815CA703]
	Microsoft::Applications::Events::EventProperty::to_string [0x00007FF7818247DA+262026]
	simdutf::get_active_implementation [0x00007FF7816B46B1+547745]
	simdutf::get_active_implementation [0x00007FF7816AD964+519764]
	simdutf::get_active_implementation [0x00007FF7816ADAA9+520089]
	simdutf::get_active_implementation [0x00007FF78169F656+461638]
	BaseThreadInitThunk [0x00007FFAA9157374+20]
	RtlUserThreadStart [0x00007FFAA9C5CC91+33]

2025-03-13 09:48:03 完了: BO004755
2025-03-13 09:48:05 検索条件入力完了: BO004756
2025-03-13 09:48:08 Error processing content_id BO004756: Alert Text: 検索中です
Message: unexpected alert open: {Alert text : 検索中です}
  (Session info: MicrosoftEdge=134.0.3124.51)
Stacktrace:
	GetHandleVerifier [0x00007FF78174A7D5+20677]
	simdutf::get_active_implementation [0x00007FF7816A6F80+492656]
	Microsoft::Applications::Events::EventProperty::to_string [0x00007FF78199DC8A+1807418]
	(No symbol) [0x00007FF78152636A]
	(No symbol) [0x00007FF7815081C3]
	(No symbol) [0x00007FF7814DCC36]
	(No symbol) [0x00007FF7814DC0C4]
	(No symbol) [0x00007FF7814DCA63]
	(No symbol) [0x00007FF7815C58DD]
	(No symbol) [0x00007FF7815D1D42]
	(No symbol) [0x00007FF7815CA703]
	Microsoft::Applications::Events::EventProperty::to_string [0x00007FF7818247DA+262026]
	simdutf::get_active_implementation [0x00007FF7816B46B1+547745]
	simdutf::get_active_implementation [0x00007FF7816AD964+519764]
	simdutf::get_active_implementation [0x00007FF7816ADAA9+520089]
	simdutf::get_active_implementation [0x00007FF78169F656+461638]
	BaseThreadInitThunk [0x00007FFAA9157374+20]
	RtlUserThreadStart [0x00007FFAA9C5CC91+33]

2025-03-13 09:48:08 完了: BO004756
2025-03-13 09:48:10 検索条件入力完了: BO004757
2025-03-13 09:48:13 Error processing content_id BO004757: Alert Text: 検索中です
Message: unexpected alert open: {Alert text : 検索中です}
  (Session info: MicrosoftEdge=134.0.3124.51)
Stacktrace:
	GetHandleVerifier [0x00007FF78174A7D5+20677]
	simdutf::get_active_implementation [0x00007FF7816A6F80+492656]
	Microsoft::Applications::Events::EventProperty::to_string [0x00007FF78199DC8A+1807418]
	(No symbol) [0x00007FF78152636A]
	(No symbol) [0x00007FF7815081C3]
	(No symbol) [0x00007FF7814DCC36]
	(No symbol) [0x00007FF7814DC0C4]
	(No symbol) [0x00007FF7814DCA63]
	(No symbol) [0x00007FF7815C58DD]
	(No symbol) [0x00007FF7815D1D42]
	(No symbol) [0x00007FF7815CA703]
	Microsoft::Applications::Events::EventProperty::to_string [0x00007FF7818247DA+262026]
	simdutf::get_active_implementation [0x00007FF7816B46B1+547745]
	simdutf::get_active_implementation [0x00007FF7816AD964+519764]
	simdutf::get_active_implementation [0x00007FF7816ADAA9+520089]
	simdutf::get_active_implementation [0x00007FF78169F656+461638]
	BaseThreadInitThunk [0x00007FFAA9157374+20]
	RtlUserThreadStart [0x00007FFAA9C5CC91+33]

2025-03-13 09:48:14 完了: BO004757
2025-03-13 09:48:16 検索条件入力完了: BO004758
2025-03-13 09:48:19 Error processing content_id BO004758: Alert Text: 検索中です
Message: unexpected alert open: {Alert text : 検索中です}
  (Session info: MicrosoftEdge=134.0.3124.51)
Stacktrace:
	GetHandleVerifier [0x00007FF78174A7D5+20677]
	simdutf::get_active_implementation [0x00007FF7816A6F80+492656]
	Microsoft::Applications::Events::EventProperty::to_string [0x00007FF78199DC8A+1807418]
	(No symbol) [0x00007FF78152636A]
	(No symbol) [0x00007FF7815081C3]
	(No symbol) [0x00007FF7814DCC36]
	(No symbol) [0x00007FF7814DC0C4]
	(No symbol) [0x00007FF7814DCA63]
	(No symbol) [0x00007FF7815C58DD]
	(No symbol) [0x00007FF7815D1D42]
	(No symbol) [0x00007FF7815CA703]
	Microsoft::Applications::Events::EventProperty::to_string [0x00007FF7818247DA+262026]
	simdutf::get_active_implementation [0x00007FF7816B46B1+547745]
	simdutf::get_active_implementation [0x00007FF7816AD964+519764]
	simdutf::get_active_implementation [0x00007FF7816ADAA9+520089]
	simdutf::get_active_implementation [0x00007FF78169F656+461638]
	BaseThreadInitThunk [0x00007FFAA9157374+20]
	RtlUserThreadStart [0x00007FFAA9C5CC91+33]

2025-03-13 09:48:19 完了: BO004758
2025-03-13 09:48:21 検索条件入力完了: BO004759
2025-03-13 09:48:24 Error processing content_id BO004759: Alert Text: 検索中です
Message: unexpected alert open: {Alert text : 検索中です}
  (Session info: MicrosoftEdge=134.0.3124.51)
Stacktrace:
	GetHandleVerifier [0x00007FF78174A7D5+20677]
	simdutf::get_active_implementation [0x00007FF7816A6F80+492656]
	Microsoft::Applications::Events::EventProperty::to_string [0x00007FF78199DC8A+1807418]
	(No symbol) [0x00007FF78152636A]
	(No symbol) [0x00007FF7815081C3]
	(No symbol) [0x00007FF7814DCC36]
	(No symbol) [0x00007FF7814DC0C4]
	(No symbol) [0x00007FF7814DCA63]
	(No symbol) [0x00007FF7815C58DD]
	(No symbol) [0x00007FF7815D1D42]
	(No symbol) [0x00007FF7815CA703]
	Microsoft::Applications::Events::EventProperty::to_string [0x00007FF7818247DA+262026]
	simdutf::get_active_implementation [0x00007FF7816B46B1+547745]
	simdutf::get_active_implementation [0x00007FF7816AD964+519764]
	simdutf::get_active_implementation [0x00007FF7816ADAA9+520089]
	simdutf::get_active_implementation [0x00007FF78169F656+461638]
	BaseThreadInitThunk [0x00007FFAA9157374+20]
	RtlUserThreadStart [0x00007FFAA9C5CC91+33]

2025-03-13 09:48:24 完了: BO004759
2025-03-13 09:48:26 検索条件入力完了: BO004760
2025-03-13 09:48:29 Error processing content_id BO004760: Alert Text: 検索中です
Message: unexpected alert open: {Alert text : 検索中です}
  (Session info: MicrosoftEdge=134.0.3124.51)
Stacktrace:
	GetHandleVerifier [0x00007FF78174A7D5+20677]
	simdutf::get_active_implementation [0x00007FF7816A6F80+492656]
	Microsoft::Applications::Events::EventProperty::to_string [0x00007FF78199DC8A+1807418]
	(No symbol) [0x00007FF78152636A]
	(No symbol) [0x00007FF7815081C3]
	(No symbol) [0x00007FF7814DCC36]
	(No symbol) [0x00007FF7814DC0C4]
	(No symbol) [0x00007FF7814DCA63]
	(No symbol) [0x00007FF7815C58DD]
	(No symbol) [0x00007FF7815D1D42]
	(No symbol) [0x00007FF7815CA703]
	Microsoft::Applications::Events::EventProperty::to_string [0x00007FF7818247DA+262026]
	simdutf::get_active_implementation [0x00007FF7816B46B1+547745]
	simdutf::get_active_implementation [0x00007FF7816AD964+519764]
	simdutf::get_active_implementation [0x00007FF7816ADAA9+520089]
	simdutf::get_active_implementation [0x00007FF78169F656+461638]
	BaseThreadInitThunk [0x00007FFAA9157374+20]
	RtlUserThreadStart [0x00007FFAA9C5CC91+33]

2025-03-13 09:48:29 完了: BO004760
2025-03-13 09:48:31 検索条件入力完了: BU005995
2025-03-13 09:48:34 Error processing content_id BU005995: Alert Text: 検索中です
Message: unexpected alert open: {Alert text : 検索中です}
  (Session info: MicrosoftEdge=134.0.3124.51)
Stacktrace:
	GetHandleVerifier [0x00007FF78174A7D5+20677]
	simdutf::get_active_implementation [0x00007FF7816A6F80+492656]
	Microsoft::Applications::Events::EventProperty::to_string [0x00007FF78199DC8A+1807418]
	(No symbol) [0x00007FF78152636A]
	(No symbol) [0x00007FF7815081C3]
	(No symbol) [0x00007FF7814DCC36]
	(No symbol) [0x00007FF7814DC0C4]
	(No symbol) [0x00007FF7814DCA63]
	(No symbol) [0x00007FF7815C58DD]
	(No symbol) [0x00007FF7815D1D42]
	(No symbol) [0x00007FF7815CA703]
	Microsoft::Applications::Events::EventProperty::to_string [0x00007FF7818247DA+262026]
	simdutf::get_active_implementation [0x00007FF7816B46B1+547745]
	simdutf::get_active_implementation [0x00007FF7816AD964+519764]
	simdutf::get_active_implementation [0x00007FF7816ADAA9+520089]
	simdutf::get_active_implementation [0x00007FF78169F656+461638]
	BaseThreadInitThunk [0x00007FFAA9157374+20]
	RtlUserThreadStart [0x00007FFAA9C5CC91+33]

2025-03-13 09:48:34 完了: BU005995
2025-03-13 09:48:36 検索条件入力完了: BU005996
2025-03-13 09:48:40 Error processing content_id BU005996: Alert Text: 検索中です
Message: unexpected alert open: {Alert text : 検索中です}
  (Session info: MicrosoftEdge=134.0.3124.51)
Stacktrace:
	GetHandleVerifier [0x00007FF78174A7D5+20677]
	simdutf::get_active_implementation [0x00007FF7816A6F80+492656]
	Microsoft::Applications::Events::EventProperty::to_string [0x00007FF78199DC8A+1807418]
	(No symbol) [0x00007FF78152636A]
	(No symbol) [0x00007FF7815081C3]
	(No symbol) [0x00007FF7814DCC36]
	(No symbol) [0x00007FF7814DC0C4]
	(No symbol) [0x00007FF7814DCA63]
	(No symbol) [0x00007FF7815C58DD]
	(No symbol) [0x00007FF7815D1D42]
	(No symbol) [0x00007FF7815CA703]
	Microsoft::Applications::Events::EventProperty::to_string [0x00007FF7818247DA+262026]
	simdutf::get_active_implementation [0x00007FF7816B46B1+547745]
	simdutf::get_active_implementation [0x00007FF7816AD964+519764]
	simdutf::get_active_implementation [0x00007FF7816ADAA9+520089]
	simdutf::get_active_implementation [0x00007FF78169F656+461638]
	BaseThreadInitThunk [0x00007FFAA9157374+20]
	RtlUserThreadStart [0x00007FFAA9C5CC91+33]

2025-03-13 09:48:40 完了: BU005996
2025-03-13 09:48:42 検索条件入力完了: BU005997
2025-03-13 09:48:45 Error processing content_id BU005997: Alert Text: 検索中です
Message: unexpected alert open: {Alert text : 検索中です}
  (Session info: MicrosoftEdge=134.0.3124.51)
Stacktrace:
	GetHandleVerifier [0x00007FF78174A7D5+20677]
	simdutf::get_active_implementation [0x00007FF7816A6F80+492656]
	Microsoft::Applications::Events::EventProperty::to_string [0x00007FF78199DC8A+1807418]
	(No symbol) [0x00007FF78152636A]
	(No symbol) [0x00007FF7815081C3]
	(No symbol) [0x00007FF7814DCC36]
	(No symbol) [0x00007FF7814DC0C4]
	(No symbol) [0x00007FF7814DCA63]
	(No symbol) [0x00007FF7815C58DD]
	(No symbol) [0x00007FF7815D1D42]
	(No symbol) [0x00007FF7815CA703]
	Microsoft::Applications::Events::EventProperty::to_string [0x00007FF7818247DA+262026]
	simdutf::get_active_implementation [0x00007FF7816B46B1+547745]
	simdutf::get_active_implementation [0x00007FF7816AD964+519764]
	simdutf::get_active_implementation [0x00007FF7816ADAA9+520089]
	simdutf::get_active_implementation [0x00007FF78169F656+461638]
	BaseThreadInitThunk [0x00007FFAA9157374+20]
	RtlUserThreadStart [0x00007FFAA9C5CC91+33]

2025-03-13 09:48:45 完了: BU005997
2025-03-13 09:48:47 検索条件入力完了: BU005998
2025-03-13 09:48:50 Error processing content_id BU005998: Alert Text: 検索中です
Message: unexpected alert open: {Alert text : 検索中です}
  (Session info: MicrosoftEdge=134.0.3124.51)
Stacktrace:
	GetHandleVerifier [0x00007FF78174A7D5+20677]
	simdutf::get_active_implementation [0x00007FF7816A6F80+492656]
	Microsoft::Applications::Events::EventProperty::to_string [0x00007FF78199DC8A+1807418]
	(No symbol) [0x00007FF78152636A]
	(No symbol) [0x00007FF7815081C3]
	(No symbol) [0x00007FF7814DCC36]
	(No symbol) [0x00007FF7814DC0C4]
	(No symbol) [0x00007FF7814DCA63]
	(No symbol) [0x00007FF7815C58DD]
	(No symbol) [0x00007FF7815D1D42]
	(No symbol) [0x00007FF7815CA703]
	Microsoft::Applications::Events::EventProperty::to_string [0x00007FF7818247DA+262026]
	simdutf::get_active_implementation [0x00007FF7816B46B1+547745]
	simdutf::get_active_implementation [0x00007FF7816AD964+519764]
	simdutf::get_active_implementation [0x00007FF7816ADAA9+520089]
	simdutf::get_active_implementation [0x00007FF78169F656+461638]
	BaseThreadInitThunk [0x00007FFAA9157374+20]
	RtlUserThreadStart [0x00007FFAA9C5CC91+33]

2025-03-13 09:48:50 完了: BU005998
2025-03-13 09:48:52 検索条件入力完了: BU005999
2025-03-13 09:48:55 Error processing content_id BU005999: Alert Text: 検索中です
Message: unexpected alert open: {Alert text : 検索中です}
  (Session info: MicrosoftEdge=134.0.3124.51)
Stacktrace:
	GetHandleVerifier [0x00007FF78174A7D5+20677]
	simdutf::get_active_implementation [0x00007FF7816A6F80+492656]
	Microsoft::Applications::Events::EventProperty::to_string [0x00007FF78199DC8A+1807418]
	(No symbol) [0x00007FF78152636A]
	(No symbol) [0x00007FF7815081C3]
	(No symbol) [0x00007FF7814DCC36]
	(No symbol) [0x00007FF7814DC0C4]
	(No symbol) [0x00007FF7814DCA63]
	(No symbol) [0x00007FF7815C58DD]
	(No symbol) [0x00007FF7815D1D42]
	(No symbol) [0x00007FF7815CA703]
	Microsoft::Applications::Events::EventProperty::to_string [0x00007FF7818247DA+262026]
	simdutf::get_active_implementation [0x00007FF7816B46B1+547745]
	simdutf::get_active_implementation [0x00007FF7816AD964+519764]
	simdutf::get_active_implementation [0x00007FF7816ADAA9+520089]
	simdutf::get_active_implementation [0x00007FF78169F656+461638]
	BaseThreadInitThunk [0x00007FFAA9157374+20]
	RtlUserThreadStart [0x00007FFAA9C5CC91+33]

2025-03-13 09:48:55 完了: BU005999
2025-03-13 09:48:57 検索条件入力完了: BU006000
2025-03-13 09:49:00 Error processing content_id BU006000: Alert Text: 検索中です
Message: unexpected alert open: {Alert text : 検索中です}
  (Session info: MicrosoftEdge=134.0.3124.51)
Stacktrace:
	GetHandleVerifier [0x00007FF78174A7D5+20677]
	simdutf::get_active_implementation [0x00007FF7816A6F80+492656]
	Microsoft::Applications::Events::EventProperty::to_string [0x00007FF78199DC8A+1807418]
	(No symbol) [0x00007FF78152636A]
	(No symbol) [0x00007FF7815081C3]
	(No symbol) [0x00007FF7814DCC36]
	(No symbol) [0x00007FF7814DC0C4]
	(No symbol) [0x00007FF7814DCA63]
	(No symbol) [0x00007FF7815C58DD]
	(No symbol) [0x00007FF7815D1D42]
	(No symbol) [0x00007FF7815CA703]
	Microsoft::Applications::Events::EventProperty::to_string [0x00007FF7818247DA+262026]
	simdutf::get_active_implementation [0x00007FF7816B46B1+547745]
	simdutf::get_active_implementation [0x00007FF7816AD964+519764]
	simdutf::get_active_implementation [0x00007FF7816ADAA9+520089]
	simdutf::get_active_implementation [0x00007FF78169F656+461638]
	BaseThreadInitThunk [0x00007FFAA9157374+20]
	RtlUserThreadStart [0x00007FFAA9C5CC91+33]

2025-03-13 09:49:00 完了: BU006000
2025-03-13 09:49:02 検索条件入力完了: BU006003
2025-03-13 09:49:05 Error processing content_id BU006003: Alert Text: 検索中です
Message: unexpected alert open: {Alert text : 検索中です}
  (Session info: MicrosoftEdge=134.0.3124.51)
Stacktrace:
	GetHandleVerifier [0x00007FF78174A7D5+20677]
	simdutf::get_active_implementation [0x00007FF7816A6F80+492656]
	Microsoft::Applications::Events::EventProperty::to_string [0x00007FF78199DC8A+1807418]
	(No symbol) [0x00007FF78152636A]
	(No symbol) [0x00007FF7815081C3]
	(No symbol) [0x00007FF7814DCC36]
	(No symbol) [0x00007FF7814DC0C4]
	(No symbol) [0x00007FF7814DCA63]
	(No symbol) [0x00007FF7815C58DD]
	(No symbol) [0x00007FF7815D1D42]
	(No symbol) [0x00007FF7815CA703]
	Microsoft::Applications::Events::EventProperty::to_string [0x00007FF7818247DA+262026]
	simdutf::get_active_implementation [0x00007FF7816B46B1+547745]
	simdutf::get_active_implementation [0x00007FF7816AD964+519764]
	simdutf::get_active_implementation [0x00007FF7816ADAA9+520089]
	simdutf::get_active_implementation [0x00007FF78169F656+461638]
	BaseThreadInitThunk [0x00007FFAA9157374+20]
	RtlUserThreadStart [0x00007FFAA9C5CC91+33]

2025-03-13 09:49:06 完了: BU006003
2025-03-13 09:49:08 検索条件入力完了: BU006004
2025-03-13 09:49:11 Error processing content_id BU006004: Alert Text: 検索中です
Message: unexpected alert open: {Alert text : 検索中です}
  (Session info: MicrosoftEdge=134.0.3124.51)
Stacktrace:
	GetHandleVerifier [0x00007FF78174A7D5+20677]
	simdutf::get_active_implementation [0x00007FF7816A6F80+492656]
	Microsoft::Applications::Events::EventProperty::to_string [0x00007FF78199DC8A+1807418]
	(No symbol) [0x00007FF78152636A]
	(No symbol) [0x00007FF7815081C3]
	(No symbol) [0x00007FF7814DCC36]
	(No symbol) [0x00007FF7814DC0C4]
	(No symbol) [0x00007FF7814DCA63]
	(No symbol) [0x00007FF7815C58DD]
	(No symbol) [0x00007FF7815D1D42]
	(No symbol) [0x00007FF7815CA703]
	Microsoft::Applications::Events::EventProperty::to_string [0x00007FF7818247DA+262026]
	simdutf::get_active_implementation [0x00007FF7816B46B1+547745]
	simdutf::get_active_implementation [0x00007FF7816AD964+519764]
	simdutf::get_active_implementation [0x00007FF7816ADAA9+520089]
	simdutf::get_active_implementation [0x00007FF78169F656+461638]
	BaseThreadInitThunk [0x00007FFAA9157374+20]
	RtlUserThreadStart [0x00007FFAA9C5CC91+33]

2025-03-13 09:49:11 完了: BU006004
2025-03-13 09:49:13 検索条件入力完了: BU006005
2025-03-13 09:49:16 Error processing content_id BU006005: Alert Text: 検索中です
Message: unexpected alert open: {Alert text : 検索中です}
  (Session info: MicrosoftEdge=134.0.3124.51)
Stacktrace:
	GetHandleVerifier [0x00007FF78174A7D5+20677]
	simdutf::get_active_implementation [0x00007FF7816A6F80+492656]
	Microsoft::Applications::Events::EventProperty::to_string [0x00007FF78199DC8A+1807418]
	(No symbol) [0x00007FF78152636A]
	(No symbol) [0x00007FF7815081C3]
	(No symbol) [0x00007FF7814DCC36]
	(No symbol) [0x00007FF7814DC0C4]
	(No symbol) [0x00007FF7814DCA63]
	(No symbol) [0x00007FF7815C58DD]
	(No symbol) [0x00007FF7815D1D42]
	(No symbol) [0x00007FF7815CA703]
	Microsoft::Applications::Events::EventProperty::to_string [0x00007FF7818247DA+262026]
	simdutf::get_active_implementation [0x00007FF7816B46B1+547745]
	simdutf::get_active_implementation [0x00007FF7816AD964+519764]
	simdutf::get_active_implementation [0x00007FF7816ADAA9+520089]
	simdutf::get_active_implementation [0x00007FF78169F656+461638]
	BaseThreadInitThunk [0x00007FFAA9157374+20]
	RtlUserThreadStart [0x00007FFAA9C5CC91+33]

2025-03-13 09:49:16 完了: BU006005
2025-03-13 09:49:18 検索条件入力完了: Z9002872
2025-03-13 09:49:21 Error processing content_id Z9002872: Alert Text: 検索中です
Message: unexpected alert open: {Alert text : 検索中です}
  (Session info: MicrosoftEdge=134.0.3124.51)
Stacktrace:
	GetHandleVerifier [0x00007FF78174A7D5+20677]
	simdutf::get_active_implementation [0x00007FF7816A6F80+492656]
	Microsoft::Applications::Events::EventProperty::to_string [0x00007FF78199DC8A+1807418]
	(No symbol) [0x00007FF78152636A]
	(No symbol) [0x00007FF7815081C3]
	(No symbol) [0x00007FF7814DCC36]
	(No symbol) [0x00007FF7814DC0C4]
	(No symbol) [0x00007FF7814DCA63]
	(No symbol) [0x00007FF7815C58DD]
	(No symbol) [0x00007FF7815D1D42]
	(No symbol) [0x00007FF7815CA703]
	Microsoft::Applications::Events::EventProperty::to_string [0x00007FF7818247DA+262026]
	simdutf::get_active_implementation [0x00007FF7816B46B1+547745]
	simdutf::get_active_implementation [0x00007FF7816AD964+519764]
	simdutf::get_active_implementation [0x00007FF7816ADAA9+520089]
	simdutf::get_active_implementation [0x00007FF78169F656+461638]
	BaseThreadInitThunk [0x00007FFAA9157374+20]
	RtlUserThreadStart [0x00007FFAA9C5CC91+33]

2025-03-13 09:49:21 完了: Z9002872
2025-03-13 09:49:23 検索条件入力完了: Z9002952
2025-03-13 09:49:26 Error processing content_id Z9002952: Alert Text: 検索中です
Message: unexpected alert open: {Alert text : 検索中です}
  (Session info: MicrosoftEdge=134.0.3124.51)
Stacktrace:
	GetHandleVerifier [0x00007FF78174A7D5+20677]
	simdutf::get_active_implementation [0x00007FF7816A6F80+492656]
	Microsoft::Applications::Events::EventProperty::to_string [0x00007FF78199DC8A+1807418]
	(No symbol) [0x00007FF78152636A]
	(No symbol) [0x00007FF7815081C3]
	(No symbol) [0x00007FF7814DCC36]
	(No symbol) [0x00007FF7814DC0C4]
	(No symbol) [0x00007FF7814DCA63]
	(No symbol) [0x00007FF7815C58DD]
	(No symbol) [0x00007FF7815D1D42]
	(No symbol) [0x00007FF7815CA703]
	Microsoft::Applications::Events::EventProperty::to_string [0x00007FF7818247DA+262026]
	simdutf::get_active_implementation [0x00007FF7816B46B1+547745]
	simdutf::get_active_implementation [0x00007FF7816AD964+519764]
	simdutf::get_active_implementation [0x00007FF7816ADAA9+520089]
	simdutf::get_active_implementation [0x00007FF78169F656+461638]
	BaseThreadInitThunk [0x00007FFAA9157374+20]
	RtlUserThreadStart [0x00007FFAA9C5CC91+33]

2025-03-13 09:49:26 完了: Z9002952
2025-03-13 09:49:28 検索条件入力完了: Z9003676
2025-03-13 09:49:32 Error processing content_id Z9003676: Alert Text: 検索中です
Message: unexpected alert open: {Alert text : 検索中です}
  (Session info: MicrosoftEdge=134.0.3124.51)
Stacktrace:
	GetHandleVerifier [0x00007FF78174A7D5+20677]
	simdutf::get_active_implementation [0x00007FF7816A6F80+492656]
	Microsoft::Applications::Events::EventProperty::to_string [0x00007FF78199DC8A+1807418]
	(No symbol) [0x00007FF78152636A]
	(No symbol) [0x00007FF7815081C3]
	(No symbol) [0x00007FF7814DCC36]
	(No symbol) [0x00007FF7814DC0C4]
	(No symbol) [0x00007FF7814DCA63]
	(No symbol) [0x00007FF7815C58DD]
	(No symbol) [0x00007FF7815D1D42]
	(No symbol) [0x00007FF7815CA703]
	Microsoft::Applications::Events::EventProperty::to_string [0x00007FF7818247DA+262026]
	simdutf::get_active_implementation [0x00007FF7816B46B1+547745]
	simdutf::get_active_implementation [0x00007FF7816AD964+519764]
	simdutf::get_active_implementation [0x00007FF7816ADAA9+520089]
	simdutf::get_active_implementation [0x00007FF78169F656+461638]
	BaseThreadInitThunk [0x00007FFAA9157374+20]
	RtlUserThreadStart [0x00007FFAA9C5CC91+33]

2025-03-13 09:49:32 完了: Z9003676
2025-03-13 09:49:34 検索条件入力完了: Z9003723
2025-03-13 09:49:37 Error processing content_id Z9003723: Alert Text: 検索中です
Message: unexpected alert open: {Alert text : 検索中です}
  (Session info: MicrosoftEdge=134.0.3124.51)
Stacktrace:
	GetHandleVerifier [0x00007FF78174A7D5+20677]
	simdutf::get_active_implementation [0x00007FF7816A6F80+492656]
	Microsoft::Applications::Events::EventProperty::to_string [0x00007FF78199DC8A+1807418]
	(No symbol) [0x00007FF78152636A]
	(No symbol) [0x00007FF7815081C3]
	(No symbol) [0x00007FF7814DCC36]
	(No symbol) [0x00007FF7814DC0C4]
	(No symbol) [0x00007FF7814DCA63]
	(No symbol) [0x00007FF7815C58DD]
	(No symbol) [0x00007FF7815D1D42]
	(No symbol) [0x00007FF7815CA703]
	Microsoft::Applications::Events::EventProperty::to_string [0x00007FF7818247DA+262026]
	simdutf::get_active_implementation [0x00007FF7816B46B1+547745]
	simdutf::get_active_implementation [0x00007FF7816AD964+519764]
	simdutf::get_active_implementation [0x00007FF7816ADAA9+520089]
	simdutf::get_active_implementation [0x00007FF78169F656+461638]
	BaseThreadInitThunk [0x00007FFAA9157374+20]
	RtlUserThreadStart [0x00007FFAA9C5CC91+33]

2025-03-13 09:49:37 完了: Z9003723
2025-03-13 09:49:39 検索条件入力完了: BO004304
2025-03-13 09:49:42 Error processing content_id BO004304: Alert Text: 検索中です
Message: unexpected alert open: {Alert text : 検索中です}
  (Session info: MicrosoftEdge=134.0.3124.51)
Stacktrace:
	GetHandleVerifier [0x00007FF78174A7D5+20677]
	simdutf::get_active_implementation [0x00007FF7816A6F80+492656]
	Microsoft::Applications::Events::EventProperty::to_string [0x00007FF78199DC8A+1807418]
	(No symbol) [0x00007FF78152636A]
	(No symbol) [0x00007FF7815081C3]
	(No symbol) [0x00007FF7814DCC36]
	(No symbol) [0x00007FF7814DC0C4]
	(No symbol) [0x00007FF7814DCA63]
	(No symbol) [0x00007FF7815C58DD]
	(No symbol) [0x00007FF7815D1D42]
	(No symbol) [0x00007FF7815CA703]
	Microsoft::Applications::Events::EventProperty::to_string [0x00007FF7818247DA+262026]
	simdutf::get_active_implementation [0x00007FF7816B46B1+547745]
	simdutf::get_active_implementation [0x00007FF7816AD964+519764]
	simdutf::get_active_implementation [0x00007FF7816ADAA9+520089]
	simdutf::get_active_implementation [0x00007FF78169F656+461638]
	BaseThreadInitThunk [0x00007FFAA9157374+20]
	RtlUserThreadStart [0x00007FFAA9C5CC91+33]

2025-03-13 09:49:42 完了: BO004304
2025-03-13 09:49:44 検索条件入力完了: BO004731
2025-03-13 09:49:47 Error processing content_id BO004731: Alert Text: 検索中です
Message: unexpected alert open: {Alert text : 検索中です}
  (Session info: MicrosoftEdge=134.0.3124.51)
Stacktrace:
	GetHandleVerifier [0x00007FF78174A7D5+20677]
	simdutf::get_active_implementation [0x00007FF7816A6F80+492656]
	Microsoft::Applications::Events::EventProperty::to_string [0x00007FF78199DC8A+1807418]
	(No symbol) [0x00007FF78152636A]
	(No symbol) [0x00007FF7815081C3]
	(No symbol) [0x00007FF7814DCC36]
	(No symbol) [0x00007FF7814DC0C4]
	(No symbol) [0x00007FF7814DCA63]
	(No symbol) [0x00007FF7815C58DD]
	(No symbol) [0x00007FF7815D1D42]
	(No symbol) [0x00007FF7815CA703]
	Microsoft::Applications::Events::EventProperty::to_string [0x00007FF7818247DA+262026]
	simdutf::get_active_implementation [0x00007FF7816B46B1+547745]
	simdutf::get_active_implementation [0x00007FF7816AD964+519764]
	simdutf::get_active_implementation [0x00007FF7816ADAA9+520089]
	simdutf::get_active_implementation [0x00007FF78169F656+461638]
	BaseThreadInitThunk [0x00007FFAA9157374+20]
	RtlUserThreadStart [0x00007FFAA9C5CC91+33]

2025-03-13 09:49:47 完了: BO004731
2025-03-13 09:49:49 検索条件入力完了: BO004732
2025-03-13 09:49:52 Error processing content_id BO004732: Alert Text: 検索中です
Message: unexpected alert open: {Alert text : 検索中です}
  (Session info: MicrosoftEdge=134.0.3124.51)
Stacktrace:
	GetHandleVerifier [0x00007FF78174A7D5+20677]
	simdutf::get_active_implementation [0x00007FF7816A6F80+492656]
	Microsoft::Applications::Events::EventProperty::to_string [0x00007FF78199DC8A+1807418]
	(No symbol) [0x00007FF78152636A]
	(No symbol) [0x00007FF7815081C3]
	(No symbol) [0x00007FF7814DCC36]
	(No symbol) [0x00007FF7814DC0C4]
	(No symbol) [0x00007FF7814DCA63]
	(No symbol) [0x00007FF7815C58DD]
	(No symbol) [0x00007FF7815D1D42]
	(No symbol) [0x00007FF7815CA703]
	Microsoft::Applications::Events::EventProperty::to_string [0x00007FF7818247DA+262026]
	simdutf::get_active_implementation [0x00007FF7816B46B1+547745]
	simdutf::get_active_implementation [0x00007FF7816AD964+519764]
	simdutf::get_active_implementation [0x00007FF7816ADAA9+520089]
	simdutf::get_active_implementation [0x00007FF78169F656+461638]
	BaseThreadInitThunk [0x00007FFAA9157374+20]
	RtlUserThreadStart [0x00007FFAA9C5CC91+33]

2025-03-13 09:49:52 完了: BO004732
2025-03-13 09:49:54 検索条件入力完了: BO004733
2025-03-13 09:49:58 Error processing content_id BO004733: Alert Text: 検索中です
Message: unexpected alert open: {Alert text : 検索中です}
  (Session info: MicrosoftEdge=134.0.3124.51)
Stacktrace:
	GetHandleVerifier [0x00007FF78174A7D5+20677]
	simdutf::get_active_implementation [0x00007FF7816A6F80+492656]
	Microsoft::Applications::Events::EventProperty::to_string [0x00007FF78199DC8A+1807418]
	(No symbol) [0x00007FF78152636A]
	(No symbol) [0x00007FF7815081C3]
	(No symbol) [0x00007FF7814DCC36]
	(No symbol) [0x00007FF7814DC0C4]
	(No symbol) [0x00007FF7814DCA63]
	(No symbol) [0x00007FF7815C58DD]
	(No symbol) [0x00007FF7815D1D42]
	(No symbol) [0x00007FF7815CA703]
	Microsoft::Applications::Events::EventProperty::to_string [0x00007FF7818247DA+262026]
	simdutf::get_active_implementation [0x00007FF7816B46B1+547745]
	simdutf::get_active_implementation [0x00007FF7816AD964+519764]
	simdutf::get_active_implementation [0x00007FF7816ADAA9+520089]
	simdutf::get_active_implementation [0x00007FF78169F656+461638]
	BaseThreadInitThunk [0x00007FFAA9157374+20]
	RtlUserThreadStart [0x00007FFAA9C5CC91+33]

2025-03-13 09:49:58 完了: BO004733
2025-03-13 09:50:00 検索条件入力完了: BO004734
2025-03-13 09:50:03 Error processing content_id BO004734: Alert Text: 検索中です
Message: unexpected alert open: {Alert text : 検索中です}
  (Session info: MicrosoftEdge=134.0.3124.51)
Stacktrace:
	GetHandleVerifier [0x00007FF78174A7D5+20677]
	simdutf::get_active_implementation [0x00007FF7816A6F80+492656]
	Microsoft::Applications::Events::EventProperty::to_string [0x00007FF78199DC8A+1807418]
	(No symbol) [0x00007FF78152636A]
	(No symbol) [0x00007FF7815081C3]
	(No symbol) [0x00007FF7814DCC36]
	(No symbol) [0x00007FF7814DC0C4]
	(No symbol) [0x00007FF7814DCA63]
	(No symbol) [0x00007FF7815C58DD]
	(No symbol) [0x00007FF7815D1D42]
	(No symbol) [0x00007FF7815CA703]
	Microsoft::Applications::Events::EventProperty::to_string [0x00007FF7818247DA+262026]
	simdutf::get_active_implementation [0x00007FF7816B46B1+547745]
	simdutf::get_active_implementation [0x00007FF7816AD964+519764]
	simdutf::get_active_implementation [0x00007FF7816ADAA9+520089]
	simdutf::get_active_implementation [0x00007FF78169F656+461638]
	BaseThreadInitThunk [0x00007FFAA9157374+20]
	RtlUserThreadStart [0x00007FFAA9C5CC91+33]

2025-03-13 09:50:03 完了: BO004734
2025-03-13 09:50:05 検索条件入力完了: BO004735
2025-03-13 09:50:08 Error processing content_id BO004735: Alert Text: 検索中です
Message: unexpected alert open: {Alert text : 検索中です}
  (Session info: MicrosoftEdge=134.0.3124.51)
Stacktrace:
	GetHandleVerifier [0x00007FF78174A7D5+20677]
	simdutf::get_active_implementation [0x00007FF7816A6F80+492656]
	Microsoft::Applications::Events::EventProperty::to_string [0x00007FF78199DC8A+1807418]
	(No symbol) [0x00007FF78152636A]
	(No symbol) [0x00007FF7815081C3]
	(No symbol) [0x00007FF7814DCC36]
	(No symbol) [0x00007FF7814DC0C4]
	(No symbol) [0x00007FF7814DCA63]
	(No symbol) [0x00007FF7815C58DD]
	(No symbol) [0x00007FF7815D1D42]
	(No symbol) [0x00007FF7815CA703]
	Microsoft::Applications::Events::EventProperty::to_string [0x00007FF7818247DA+262026]
	simdutf::get_active_implementation [0x00007FF7816B46B1+547745]
	simdutf::get_active_implementation [0x00007FF7816AD964+519764]
	simdutf::get_active_implementation [0x00007FF7816ADAA9+520089]
	simdutf::get_active_implementation [0x00007FF78169F656+461638]
	BaseThreadInitThunk [0x00007FFAA9157374+20]
	RtlUserThreadStart [0x00007FFAA9C5CC91+33]

2025-03-13 09:50:08 完了: BO004735
2025-03-13 09:50:10 検索条件入力完了: BO004736
2025-03-13 09:50:13 Error processing content_id BO004736: Alert Text: 検索中です
Message: unexpected alert open: {Alert text : 検索中です}
  (Session info: MicrosoftEdge=134.0.3124.51)
Stacktrace:
	GetHandleVerifier [0x00007FF78174A7D5+20677]
	simdutf::get_active_implementation [0x00007FF7816A6F80+492656]
	Microsoft::Applications::Events::EventProperty::to_string [0x00007FF78199DC8A+1807418]
	(No symbol) [0x00007FF78152636A]
	(No symbol) [0x00007FF7815081C3]
	(No symbol) [0x00007FF7814DCC36]
	(No symbol) [0x00007FF7814DC0C4]
	(No symbol) [0x00007FF7814DCA63]
	(No symbol) [0x00007FF7815C58DD]
	(No symbol) [0x00007FF7815D1D42]
	(No symbol) [0x00007FF7815CA703]
	Microsoft::Applications::Events::EventProperty::to_string [0x00007FF7818247DA+262026]
	simdutf::get_active_implementation [0x00007FF7816B46B1+547745]
	simdutf::get_active_implementation [0x00007FF7816AD964+519764]
	simdutf::get_active_implementation [0x00007FF7816ADAA9+520089]
	simdutf::get_active_implementation [0x00007FF78169F656+461638]
	BaseThreadInitThunk [0x00007FFAA9157374+20]
	RtlUserThreadStart [0x00007FFAA9C5CC91+33]

2025-03-13 09:50:13 完了: BO004736
2025-03-13 09:50:15 検索条件入力完了: BO004743
2025-03-13 09:50:18 Error processing content_id BO004743: Alert Text: 検索中です
Message: unexpected alert open: {Alert text : 検索中です}
  (Session info: MicrosoftEdge=134.0.3124.51)
Stacktrace:
	GetHandleVerifier [0x00007FF78174A7D5+20677]
	simdutf::get_active_implementation [0x00007FF7816A6F80+492656]
	Microsoft::Applications::Events::EventProperty::to_string [0x00007FF78199DC8A+1807418]
	(No symbol) [0x00007FF78152636A]
	(No symbol) [0x00007FF7815081C3]
	(No symbol) [0x00007FF7814DCC36]
	(No symbol) [0x00007FF7814DC0C4]
	(No symbol) [0x00007FF7814DCA63]
	(No symbol) [0x00007FF7815C58DD]
	(No symbol) [0x00007FF7815D1D42]
	(No symbol) [0x00007FF7815CA703]
	Microsoft::Applications::Events::EventProperty::to_string [0x00007FF7818247DA+262026]
	simdutf::get_active_implementation [0x00007FF7816B46B1+547745]
	simdutf::get_active_implementation [0x00007FF7816AD964+519764]
	simdutf::get_active_implementation [0x00007FF7816ADAA9+520089]
	simdutf::get_active_implementation [0x00007FF78169F656+461638]
	BaseThreadInitThunk [0x00007FFAA9157374+20]
	RtlUserThreadStart [0x00007FFAA9C5CC91+33]

2025-03-13 09:50:19 完了: BO004743
2025-03-13 09:50:21 検索条件入力完了: BO004744
2025-03-13 09:50:24 Error processing content_id BO004744: Alert Text: 検索中です
Message: unexpected alert open: {Alert text : 検索中です}
  (Session info: MicrosoftEdge=134.0.3124.51)
Stacktrace:
	GetHandleVerifier [0x00007FF78174A7D5+20677]
	simdutf::get_active_implementation [0x00007FF7816A6F80+492656]
	Microsoft::Applications::Events::EventProperty::to_string [0x00007FF78199DC8A+1807418]
	(No symbol) [0x00007FF78152636A]
	(No symbol) [0x00007FF7815081C3]
	(No symbol) [0x00007FF7814DCC36]
	(No symbol) [0x00007FF7814DC0C4]
	(No symbol) [0x00007FF7814DCA63]
	(No symbol) [0x00007FF7815C58DD]
	(No symbol) [0x00007FF7815D1D42]
	(No symbol) [0x00007FF7815CA703]
	Microsoft::Applications::Events::EventProperty::to_string [0x00007FF7818247DA+262026]
	simdutf::get_active_implementation [0x00007FF7816B46B1+547745]
	simdutf::get_active_implementation [0x00007FF7816AD964+519764]
	simdutf::get_active_implementation [0x00007FF7816ADAA9+520089]
	simdutf::get_active_implementation [0x00007FF78169F656+461638]
	BaseThreadInitThunk [0x00007FFAA9157374+20]
	RtlUserThreadStart [0x00007FFAA9C5CC91+33]

2025-03-13 09:50:24 完了: BO004744
2025-03-13 09:50:26 検索条件入力完了: BO004745
2025-03-13 09:50:29 Error processing content_id BO004745: Alert Text: 検索中です
Message: unexpected alert open: {Alert text : 検索中です}
  (Session info: MicrosoftEdge=134.0.3124.51)
Stacktrace:
	GetHandleVerifier [0x00007FF78174A7D5+20677]
	simdutf::get_active_implementation [0x00007FF7816A6F80+492656]
	Microsoft::Applications::Events::EventProperty::to_string [0x00007FF78199DC8A+1807418]
	(No symbol) [0x00007FF78152636A]
	(No symbol) [0x00007FF7815081C3]
	(No symbol) [0x00007FF7814DCC36]
	(No symbol) [0x00007FF7814DC0C4]
	(No symbol) [0x00007FF7814DCA63]
	(No symbol) [0x00007FF7815C58DD]
	(No symbol) [0x00007FF7815D1D42]
	(No symbol) [0x00007FF7815CA703]
	Microsoft::Applications::Events::EventProperty::to_string [0x00007FF7818247DA+262026]
	simdutf::get_active_implementation [0x00007FF7816B46B1+547745]
	simdutf::get_active_implementation [0x00007FF7816AD964+519764]
	simdutf::get_active_implementation [0x00007FF7816ADAA9+520089]
	simdutf::get_active_implementation [0x00007FF78169F656+461638]
	BaseThreadInitThunk [0x00007FFAA9157374+20]
	RtlUserThreadStart [0x00007FFAA9C5CC91+33]

2025-03-13 09:50:29 完了: BO004745
2025-03-13 09:50:31 検索条件入力完了: BO004746
2025-03-13 09:50:34 Error processing content_id BO004746: Alert Text: 検索中です
Message: unexpected alert open: {Alert text : 検索中です}
  (Session info: MicrosoftEdge=134.0.3124.51)
Stacktrace:
	GetHandleVerifier [0x00007FF78174A7D5+20677]
	simdutf::get_active_implementation [0x00007FF7816A6F80+492656]
	Microsoft::Applications::Events::EventProperty::to_string [0x00007FF78199DC8A+1807418]
	(No symbol) [0x00007FF78152636A]
	(No symbol) [0x00007FF7815081C3]
	(No symbol) [0x00007FF7814DCC36]
	(No symbol) [0x00007FF7814DC0C4]
	(No symbol) [0x00007FF7814DCA63]
	(No symbol) [0x00007FF7815C58DD]
	(No symbol) [0x00007FF7815D1D42]
	(No symbol) [0x00007FF7815CA703]
	Microsoft::Applications::Events::EventProperty::to_string [0x00007FF7818247DA+262026]
	simdutf::get_active_implementation [0x00007FF7816B46B1+547745]
	simdutf::get_active_implementation [0x00007FF7816AD964+519764]
	simdutf::get_active_implementation [0x00007FF7816ADAA9+520089]
	simdutf::get_active_implementation [0x00007FF78169F656+461638]
	BaseThreadInitThunk [0x00007FFAA9157374+20]
	RtlUserThreadStart [0x00007FFAA9C5CC91+33]

2025-03-13 09:50:34 完了: BO004746
2025-03-13 09:50:36 検索条件入力完了: BO004747
2025-03-13 09:50:39 Error processing content_id BO004747: Alert Text: 検索中です
Message: unexpected alert open: {Alert text : 検索中です}
  (Session info: MicrosoftEdge=134.0.3124.51)
Stacktrace:
	GetHandleVerifier [0x00007FF78174A7D5+20677]
	simdutf::get_active_implementation [0x00007FF7816A6F80+492656]
	Microsoft::Applications::Events::EventProperty::to_string [0x00007FF78199DC8A+1807418]
	(No symbol) [0x00007FF78152636A]
	(No symbol) [0x00007FF7815081C3]
	(No symbol) [0x00007FF7814DCC36]
	(No symbol) [0x00007FF7814DC0C4]
	(No symbol) [0x00007FF7814DCA63]
	(No symbol) [0x00007FF7815C58DD]
	(No symbol) [0x00007FF7815D1D42]
	(No symbol) [0x00007FF7815CA703]
	Microsoft::Applications::Events::EventProperty::to_string [0x00007FF7818247DA+262026]
	simdutf::get_active_implementation [0x00007FF7816B46B1+547745]
	simdutf::get_active_implementation [0x00007FF7816AD964+519764]
	simdutf::get_active_implementation [0x00007FF7816ADAA9+520089]
	simdutf::get_active_implementation [0x00007FF78169F656+461638]
	BaseThreadInitThunk [0x00007FFAA9157374+20]
	RtlUserThreadStart [0x00007FFAA9C5CC91+33]

2025-03-13 09:50:39 完了: BO004747
2025-03-13 09:50:41 検索条件入力完了: BO004748
2025-03-13 09:50:44 Error processing content_id BO004748: Alert Text: 検索中です
Message: unexpected alert open: {Alert text : 検索中です}
  (Session info: MicrosoftEdge=134.0.3124.51)
Stacktrace:
	GetHandleVerifier [0x00007FF78174A7D5+20677]
	simdutf::get_active_implementation [0x00007FF7816A6F80+492656]
	Microsoft::Applications::Events::EventProperty::to_string [0x00007FF78199DC8A+1807418]
	(No symbol) [0x00007FF78152636A]
	(No symbol) [0x00007FF7815081C3]
	(No symbol) [0x00007FF7814DCC36]
	(No symbol) [0x00007FF7814DC0C4]
	(No symbol) [0x00007FF7814DCA63]
	(No symbol) [0x00007FF7815C58DD]
	(No symbol) [0x00007FF7815D1D42]
	(No symbol) [0x00007FF7815CA703]
	Microsoft::Applications::Events::EventProperty::to_string [0x00007FF7818247DA+262026]
	simdutf::get_active_implementation [0x00007FF7816B46B1+547745]
	simdutf::get_active_implementation [0x00007FF7816AD964+519764]
	simdutf::get_active_implementation [0x00007FF7816ADAA9+520089]
	simdutf::get_active_implementation [0x00007FF78169F656+461638]
	BaseThreadInitThunk [0x00007FFAA9157374+20]
	RtlUserThreadStart [0x00007FFAA9C5CC91+33]

2025-03-13 09:50:45 完了: BO004748
2025-03-13 09:50:47 検索条件入力完了: XX000318
2025-03-13 09:50:50 Error processing content_id XX000318: Alert Text: 検索中です
Message: unexpected alert open: {Alert text : 検索中です}
  (Session info: MicrosoftEdge=134.0.3124.51)
Stacktrace:
	GetHandleVerifier [0x00007FF78174A7D5+20677]
	simdutf::get_active_implementation [0x00007FF7816A6F80+492656]
	Microsoft::Applications::Events::EventProperty::to_string [0x00007FF78199DC8A+1807418]
	(No symbol) [0x00007FF78152636A]
	(No symbol) [0x00007FF7815081C3]
	(No symbol) [0x00007FF7814DCC36]
	(No symbol) [0x00007FF7814DC0C4]
	(No symbol) [0x00007FF7814DCA63]
	(No symbol) [0x00007FF7815C58DD]
	(No symbol) [0x00007FF7815D1D42]
	(No symbol) [0x00007FF7815CA703]
	Microsoft::Applications::Events::EventProperty::to_string [0x00007FF7818247DA+262026]
	simdutf::get_active_implementation [0x00007FF7816B46B1+547745]
	simdutf::get_active_implementation [0x00007FF7816AD964+519764]
	simdutf::get_active_implementation [0x00007FF7816ADAA9+520089]
	simdutf::get_active_implementation [0x00007FF78169F656+461638]
	BaseThreadInitThunk [0x00007FFAA9157374+20]
	RtlUserThreadStart [0x00007FFAA9C5CC91+33]

2025-03-13 09:50:50 完了: XX000318
2025-03-13 09:50:52 検索条件入力完了: Z9004302
2025-03-13 09:50:55 Error processing content_id Z9004302: Alert Text: 検索中です
Message: unexpected alert open: {Alert text : 検索中です}
  (Session info: MicrosoftEdge=134.0.3124.51)
Stacktrace:
	GetHandleVerifier [0x00007FF78174A7D5+20677]
	simdutf::get_active_implementation [0x00007FF7816A6F80+492656]
	Microsoft::Applications::Events::EventProperty::to_string [0x00007FF78199DC8A+1807418]
	(No symbol) [0x00007FF78152636A]
	(No symbol) [0x00007FF7815081C3]
	(No symbol) [0x00007FF7814DCC36]
	(No symbol) [0x00007FF7814DC0C4]
	(No symbol) [0x00007FF7814DCA63]
	(No symbol) [0x00007FF7815C58DD]
	(No symbol) [0x00007FF7815D1D42]
	(No symbol) [0x00007FF7815CA703]
	Microsoft::Applications::Events::EventProperty::to_string [0x00007FF7818247DA+262026]
	simdutf::get_active_implementation [0x00007FF7816B46B1+547745]
	simdutf::get_active_implementation [0x00007FF7816AD964+519764]
	simdutf::get_active_implementation [0x00007FF7816ADAA9+520089]
	simdutf::get_active_implementation [0x00007FF78169F656+461638]
	BaseThreadInitThunk [0x00007FFAA9157374+20]
	RtlUserThreadStart [0x00007FFAA9C5CC91+33]

2025-03-13 09:50:55 完了: Z9004302
2025-03-13 09:50:57 検索条件入力完了: Z9006262
2025-03-13 09:51:00 Error processing content_id Z9006262: Alert Text: 検索中です
Message: unexpected alert open: {Alert text : 検索中です}
  (Session info: MicrosoftEdge=134.0.3124.51)
Stacktrace:
	GetHandleVerifier [0x00007FF78174A7D5+20677]
	simdutf::get_active_implementation [0x00007FF7816A6F80+492656]
	Microsoft::Applications::Events::EventProperty::to_string [0x00007FF78199DC8A+1807418]
	(No symbol) [0x00007FF78152636A]
	(No symbol) [0x00007FF7815081C3]
	(No symbol) [0x00007FF7814DCC36]
	(No symbol) [0x00007FF7814DC0C4]
	(No symbol) [0x00007FF7814DCA63]
	(No symbol) [0x00007FF7815C58DD]
	(No symbol) [0x00007FF7815D1D42]
	(No symbol) [0x00007FF7815CA703]
	Microsoft::Applications::Events::EventProperty::to_string [0x00007FF7818247DA+262026]
	simdutf::get_active_implementation [0x00007FF7816B46B1+547745]
	simdutf::get_active_implementation [0x00007FF7816AD964+519764]
	simdutf::get_active_implementation [0x00007FF7816ADAA9+520089]
	simdutf::get_active_implementation [0x00007FF78169F656+461638]
	BaseThreadInitThunk [0x00007FFAA9157374+20]
	RtlUserThreadStart [0x00007FFAA9C5CC91+33]

2025-03-13 09:51:00 完了: Z9006262
2025-03-13 09:51:02 検索条件入力完了: Z9009421
2025-03-13 09:51:05 Error processing content_id Z9009421: Alert Text: 検索中です
Message: unexpected alert open: {Alert text : 検索中です}
  (Session info: MicrosoftEdge=134.0.3124.51)
Stacktrace:
	GetHandleVerifier [0x00007FF78174A7D5+20677]
	simdutf::get_active_implementation [0x00007FF7816A6F80+492656]
	Microsoft::Applications::Events::EventProperty::to_string [0x00007FF78199DC8A+1807418]
	(No symbol) [0x00007FF78152636A]
	(No symbol) [0x00007FF7815081C3]
	(No symbol) [0x00007FF7814DCC36]
	(No symbol) [0x00007FF7814DC0C4]
	(No symbol) [0x00007FF7814DCA63]
	(No symbol) [0x00007FF7815C58DD]
	(No symbol) [0x00007FF7815D1D42]
	(No symbol) [0x00007FF7815CA703]
	Microsoft::Applications::Events::EventProperty::to_string [0x00007FF7818247DA+262026]
	simdutf::get_active_implementation [0x00007FF7816B46B1+547745]
	simdutf::get_active_implementation [0x00007FF7816AD964+519764]
	simdutf::get_active_implementation [0x00007FF7816ADAA9+520089]
	simdutf::get_active_implementation [0x00007FF78169F656+461638]
	BaseThreadInitThunk [0x00007FFAA9157374+20]
	RtlUserThreadStart [0x00007FFAA9C5CC91+33]

2025-03-13 09:51:05 完了: Z9009421
2025-03-13 09:51:07 検索条件入力完了: ZZ003754
2025-03-13 09:51:10 Error processing content_id ZZ003754: Alert Text: 検索中です
Message: unexpected alert open: {Alert text : 検索中です}
  (Session info: MicrosoftEdge=134.0.3124.51)
Stacktrace:
	GetHandleVerifier [0x00007FF78174A7D5+20677]
	simdutf::get_active_implementation [0x00007FF7816A6F80+492656]
	Microsoft::Applications::Events::EventProperty::to_string [0x00007FF78199DC8A+1807418]
	(No symbol) [0x00007FF78152636A]
	(No symbol) [0x00007FF7815081C3]
	(No symbol) [0x00007FF7814DCC36]
	(No symbol) [0x00007FF7814DC0C4]
	(No symbol) [0x00007FF7814DCA63]
	(No symbol) [0x00007FF7815C58DD]
	(No symbol) [0x00007FF7815D1D42]
	(No symbol) [0x00007FF7815CA703]
	Microsoft::Applications::Events::EventProperty::to_string [0x00007FF7818247DA+262026]
	simdutf::get_active_implementation [0x00007FF7816B46B1+547745]
	simdutf::get_active_implementation [0x00007FF7816AD964+519764]
	simdutf::get_active_implementation [0x00007FF7816ADAA9+520089]
	simdutf::get_active_implementation [0x00007FF78169F656+461638]
	BaseThreadInitThunk [0x00007FFAA9157374+20]
	RtlUserThreadStart [0x00007FFAA9C5CC91+33]

2025-03-13 09:51:11 完了: ZZ003754
2025-03-13 09:51:13 検索条件入力完了: ZZ004281
2025-03-13 09:51:16 Error processing content_id ZZ004281: Alert Text: 検索中です
Message: unexpected alert open: {Alert text : 検索中です}
  (Session info: MicrosoftEdge=134.0.3124.51)
Stacktrace:
	GetHandleVerifier [0x00007FF78174A7D5+20677]
	simdutf::get_active_implementation [0x00007FF7816A6F80+492656]
	Microsoft::Applications::Events::EventProperty::to_string [0x00007FF78199DC8A+1807418]
	(No symbol) [0x00007FF78152636A]
	(No symbol) [0x00007FF7815081C3]
	(No symbol) [0x00007FF7814DCC36]
	(No symbol) [0x00007FF7814DC0C4]
	(No symbol) [0x00007FF7814DCA63]
	(No symbol) [0x00007FF7815C58DD]
	(No symbol) [0x00007FF7815D1D42]
	(No symbol) [0x00007FF7815CA703]
	Microsoft::Applications::Events::EventProperty::to_string [0x00007FF7818247DA+262026]
	simdutf::get_active_implementation [0x00007FF7816B46B1+547745]
	simdutf::get_active_implementation [0x00007FF7816AD964+519764]
	simdutf::get_active_implementation [0x00007FF7816ADAA9+520089]
	simdutf::get_active_implementation [0x00007FF78169F656+461638]
	BaseThreadInitThunk [0x00007FFAA9157374+20]
	RtlUserThreadStart [0x00007FFAA9C5CC91+33]

2025-03-13 09:51:16 完了: ZZ004281
2025-03-13 09:51:18 検索条件入力完了: ZZ005952
2025-03-13 09:51:21 Error processing content_id ZZ005952: Alert Text: 検索中です
Message: unexpected alert open: {Alert text : 検索中です}
  (Session info: MicrosoftEdge=134.0.3124.51)
Stacktrace:
	GetHandleVerifier [0x00007FF78174A7D5+20677]
	simdutf::get_active_implementation [0x00007FF7816A6F80+492656]
	Microsoft::Applications::Events::EventProperty::to_string [0x00007FF78199DC8A+1807418]
	(No symbol) [0x00007FF78152636A]
	(No symbol) [0x00007FF7815081C3]
	(No symbol) [0x00007FF7814DCC36]
	(No symbol) [0x00007FF7814DC0C4]
	(No symbol) [0x00007FF7814DCA63]
	(No symbol) [0x00007FF7815C58DD]
	(No symbol) [0x00007FF7815D1D42]
	(No symbol) [0x00007FF7815CA703]
	Microsoft::Applications::Events::EventProperty::to_string [0x00007FF7818247DA+262026]
	simdutf::get_active_implementation [0x00007FF7816B46B1+547745]
	simdutf::get_active_implementation [0x00007FF7816AD964+519764]
	simdutf::get_active_implementation [0x00007FF7816ADAA9+520089]
	simdutf::get_active_implementation [0x00007FF78169F656+461638]
	BaseThreadInitThunk [0x00007FFAA9157374+20]
	RtlUserThreadStart [0x00007FFAA9C5CC91+33]

2025-03-13 09:51:21 完了: ZZ005952
2025-03-13 09:51:23 検索条件入力完了: ZZ008396
2025-03-13 09:51:26 Error processing content_id ZZ008396: Alert Text: 検索中です
Message: unexpected alert open: {Alert text : 検索中です}
  (Session info: MicrosoftEdge=134.0.3124.51)
Stacktrace:
	GetHandleVerifier [0x00007FF78174A7D5+20677]
	simdutf::get_active_implementation [0x00007FF7816A6F80+492656]
	Microsoft::Applications::Events::EventProperty::to_string [0x00007FF78199DC8A+1807418]
	(No symbol) [0x00007FF78152636A]
	(No symbol) [0x00007FF7815081C3]
	(No symbol) [0x00007FF7814DCC36]
	(No symbol) [0x00007FF7814DC0C4]
	(No symbol) [0x00007FF7814DCA63]
	(No symbol) [0x00007FF7815C58DD]
	(No symbol) [0x00007FF7815D1D42]
	(No symbol) [0x00007FF7815CA703]
	Microsoft::Applications::Events::EventProperty::to_string [0x00007FF7818247DA+262026]
	simdutf::get_active_implementation [0x00007FF7816B46B1+547745]
	simdutf::get_active_implementation [0x00007FF7816AD964+519764]
	simdutf::get_active_implementation [0x00007FF7816ADAA9+520089]
	simdutf::get_active_implementation [0x00007FF78169F656+461638]
	BaseThreadInitThunk [0x00007FFAA9157374+20]
	RtlUserThreadStart [0x00007FFAA9C5CC91+33]

2025-03-13 09:51:26 完了: ZZ008396
2025-03-13 09:51:28 検索条件入力完了: ZZ008733
2025-03-13 09:51:31 Error processing content_id ZZ008733: Alert Text: 検索中です
Message: unexpected alert open: {Alert text : 検索中です}
  (Session info: MicrosoftEdge=134.0.3124.51)
Stacktrace:
	GetHandleVerifier [0x00007FF78174A7D5+20677]
	simdutf::get_active_implementation [0x00007FF7816A6F80+492656]
	Microsoft::Applications::Events::EventProperty::to_string [0x00007FF78199DC8A+1807418]
	(No symbol) [0x00007FF78152636A]
	(No symbol) [0x00007FF7815081C3]
	(No symbol) [0x00007FF7814DCC36]
	(No symbol) [0x00007FF7814DC0C4]
	(No symbol) [0x00007FF7814DCA63]
	(No symbol) [0x00007FF7815C58DD]
	(No symbol) [0x00007FF7815D1D42]
	(No symbol) [0x00007FF7815CA703]
	Microsoft::Applications::Events::EventProperty::to_string [0x00007FF7818247DA+262026]
	simdutf::get_active_implementation [0x00007FF7816B46B1+547745]
	simdutf::get_active_implementation [0x00007FF7816AD964+519764]
	simdutf::get_active_implementation [0x00007FF7816ADAA9+520089]
	simdutf::get_active_implementation [0x00007FF78169F656+461638]
	BaseThreadInitThunk [0x00007FFAA9157374+20]
	RtlUserThreadStart [0x00007FFAA9C5CC91+33]

2025-03-13 09:51:31 完了: ZZ008733
2025-03-13 09:51:33 全ての検索処理が完了しました。
