2025-03-12 16:37:51 スクリプト開始
2025-03-12 16:37:51 取得したコンテンツID: ['A1005377', 'A1005402', 'A1005403']
2025-03-12 16:37:51 ====== WebDriver manager ======
2025-03-12 16:37:54 Get LATEST edgedriver version for Edge 134.0.3124
2025-03-12 16:37:55 Get LATEST edgedriver version for Edge 134.0.3124
2025-03-12 16:37:55 Driver [C:\Users\10005898\.wdm\drivers\edgedriver\win64\134.0.3124.51\msedgedriver.exe] found in cache
2025-03-12 16:38:04 検索条件入力完了: A1005377
2025-03-12 16:38:12 詳細ウィンドウが表示されました。
2025-03-12 16:38:14 コンテンツ情報の修正ボタンをクリックしました。
2025-03-12 16:38:16 コンテンツ情報修正後のアラートOKを押下しました。
2025-03-12 16:38:18 【申請】ボタンをクリックしました。
2025-03-12 16:38:20 【申請】確認アラートのOKを押下しました。
2025-03-12 16:38:24 【承認】ボタンをクリックしました。
2025-03-12 16:38:26 【承認】確認アラートのOKを押下しました。
2025-03-12 16:38:28 【公開】ボタンをクリックしました。
2025-03-12 16:38:30 【公開】確認アラートのOKを押下しました。
2025-03-12 16:38:32 詳細ウィンドウを閉じました。
2025-03-12 16:38:32 検索画面に戻りました。
2025-03-12 16:38:34 処理完了: A1005377
2025-03-12 16:38:36 完了: A1005377
2025-03-12 16:38:38 検索条件入力完了: A1005402
2025-03-12 16:38:46 詳細ウィンドウが表示されました。
2025-03-12 16:38:48 コンテンツ情報の修正ボタンをクリックしました。
2025-03-12 16:38:50 コンテンツ情報修正後のアラートOKを押下しました。
2025-03-12 16:38:52 【申請】ボタンをクリックしました。
2025-03-12 16:38:54 【申請】確認アラートのOKを押下しました。
2025-03-12 16:38:58 【承認】ボタンをクリックしました。
2025-03-12 16:39:00 【承認】確認アラートのOKを押下しました。
2025-03-12 16:39:02 【公開】ボタンをクリックしました。
2025-03-12 16:39:04 【公開】確認アラートのOKを押下しました。
2025-03-12 16:39:06 詳細ウィンドウを閉じました。
2025-03-12 16:39:06 検索画面に戻りました。
2025-03-12 16:39:08 処理完了: A1005402
2025-03-12 16:39:10 完了: A1005402
2025-03-12 16:39:12 検索条件入力完了: A1005403
2025-03-12 16:39:20 詳細ウィンドウが表示されました。
2025-03-12 16:39:22 コンテンツ情報の修正ボタンをクリックしました。
2025-03-12 16:39:24 コンテンツ情報修正後のアラートOKを押下しました。
2025-03-12 16:39:26 【申請】ボタンをクリックしました。
2025-03-12 16:39:28 【申請】確認アラートのOKを押下しました。
2025-03-12 16:39:32 【承認】ボタンをクリックしました。
2025-03-12 16:39:34 【承認】確認アラートのOKを押下しました。
2025-03-12 16:39:36 【公開】ボタンをクリックしました。
2025-03-12 16:39:38 【公開】確認アラートのOKを押下しました。
2025-03-12 16:39:40 詳細ウィンドウを閉じました。
2025-03-12 16:39:40 検索画面に戻りました。
2025-03-12 16:39:42 処理完了: A1005403
2025-03-12 16:39:44 完了: A1005403
2025-03-12 16:39:46 全ての検索処理が完了しました。
2025-03-12 16:39:46 Enterキーを押すと終了します...
