2025-03-12 15:56:12 スクリプト開始
2025-03-12 15:56:13 取得したコンテンツID: ['B2006989', 'B2006990', 'B2006991']
2025-03-12 15:56:13 ====== WebDriver manager ======
2025-03-12 15:56:19 Get LATEST edgedriver version for Edge 134.0.3124
2025-03-12 15:56:19 Get LATEST edgedriver version for Edge 134.0.3124
2025-03-12 15:56:19 Get LATEST edgedriver version for Edge 134.0.3124
2025-03-12 15:56:19 About to download new driver from https://msedgedriver.azureedge.net/134.0.3124.51/edgedriver_win64.zip
2025-03-12 15:56:19 Driver downloading response is 200
2025-03-12 15:56:22 Get LATEST edgedriver version for Edge 134.0.3124
2025-03-12 15:56:22 Driver has been saved in cache [C:\Users\10005898\.wdm\drivers\edgedriver\win64\134.0.3124.51]
2025-03-12 15:56:32 検索条件入力完了: B2006989
2025-03-12 15:56:41 詳細ウィンドウが表示されました。
2025-03-12 15:56:41 タイトル枠の値: ▼学図 中学校 数学２年 教科書＋教材 R3A1 UL
2025-03-12 15:56:42 コンテンツ情報の修正ボタンをクリックしました。
2025-03-12 15:56:44 コンテンツ情報修正後のアラートOKを押下しました。
2025-03-12 15:56:46 SALE_STAT_CL_ID_2は既に選択されています。
2025-03-12 15:56:47 【申請】ボタンをクリックしました。
2025-03-12 15:56:49 【申請】確認アラートのOKを押下しました。
2025-03-12 15:56:53 【承認】ボタンをクリックしました。
2025-03-12 15:56:55 【承認】確認アラートのOKを押下しました。
2025-03-12 15:56:57 【公開】ボタンをクリックしました。
2025-03-12 15:56:59 【公開】確認アラートのOKを押下しました。
2025-03-12 15:57:01 詳細ウィンドウを閉じました。
2025-03-12 15:57:01 検索画面に戻りました。
2025-03-12 15:57:03 処理完了: B2006989
2025-03-12 15:57:05 完了: B2006989
2025-03-12 15:57:08 検索条件入力完了: B2006990
2025-03-12 15:57:16 詳細ウィンドウが表示されました。
2025-03-12 15:57:16 タイトル枠の値: ▼学図 中学校 数学３年 教科書＋教材 R3A1 UL
2025-03-12 15:57:17 コンテンツ情報の修正ボタンをクリックしました。
2025-03-12 15:57:19 コンテンツ情報修正後のアラートOKを押下しました。
2025-03-12 15:57:21 SALE_STAT_CL_ID_2は既に選択されています。
2025-03-12 15:57:21 【申請】ボタンをクリックしました。
2025-03-12 15:57:23 【申請】確認アラートのOKを押下しました。
2025-03-12 15:57:26 【承認】ボタンをクリックしました。
2025-03-12 15:57:28 【承認】確認アラートのOKを押下しました。
2025-03-12 15:57:30 【公開】ボタンをクリックしました。
2025-03-12 15:57:32 【公開】確認アラートのOKを押下しました。
2025-03-12 15:57:34 詳細ウィンドウを閉じました。
2025-03-12 15:57:34 検索画面に戻りました。
2025-03-12 15:57:36 処理完了: B2006990
2025-03-12 15:57:38 完了: B2006990
2025-03-12 15:57:41 検索条件入力完了: B2006991
2025-03-12 15:57:49 詳細ウィンドウが表示されました。
2025-03-12 15:57:49 タイトル枠の値: ▼学図 中学校 数学１年 教科書 R3A1 UL
2025-03-12 15:57:50 コンテンツ情報の修正ボタンをクリックしました。
2025-03-12 15:57:52 コンテンツ情報修正後のアラートOKを押下しました。
2025-03-12 15:57:54 SALE_STAT_CL_ID_2は既に選択されています。
2025-03-12 15:57:55 【申請】ボタンをクリックしました。
2025-03-12 15:57:57 【申請】確認アラートのOKを押下しました。
2025-03-12 15:57:59 【承認】ボタンをクリックしました。
2025-03-12 15:58:01 【承認】確認アラートのOKを押下しました。
2025-03-12 15:58:03 【公開】ボタンをクリックしました。
2025-03-12 15:58:05 【公開】確認アラートのOKを押下しました。
2025-03-12 15:58:07 詳細ウィンドウを閉じました。
2025-03-12 15:58:07 検索画面に戻りました。
2025-03-12 15:58:09 処理完了: B2006991
2025-03-12 15:58:11 完了: B2006991
2025-03-12 15:58:13 全ての検索処理が完了しました。
2025-03-12 15:58:13 Enterキーを押すと終了します...
