2025-03-18 12:26:24 スクリプト開始
2025-03-18 12:26:24 取得したコンテンツID: ['A1010688', 'A1010689', 'A1010690', 'A1010691', 'A1010692', 'A1010693']
2025-03-18 12:26:35 ログイン成功
2025-03-18 12:26:37 検索条件入力完了: A1010688
2025-03-18 12:26:46 詳細ウィンドウが表示されました。
2025-03-18 12:26:46 初期ステータス: 未申請
2025-03-18 12:26:46 コンテンツ実体の修正ボタンをクリックしました。
2025-03-18 12:26:48 コンテンツ実体修正後のアラートを承認しました。
2025-03-18 12:26:50 修正後のステータス: 未申請
2025-03-18 12:26:50 クリック可能なボタン: 申請
2025-03-18 12:26:53 申請 ボタンのアラートを承認しました。
2025-03-18 12:26:55 申請 ボタン押下後のステータス: 未申請
2025-03-18 12:26:55 詳細ウィンドウを閉じました。
2025-03-18 12:26:55 検索画面に戻りました。
2025-03-18 12:26:57 処理完了: A1010688
2025-03-18 12:26:59 完了: A1010688
2025-03-18 12:27:01 検索条件入力完了: A1010689
2025-03-18 12:27:09 詳細ウィンドウが表示されました。
2025-03-18 12:27:09 初期ステータス: 未申請
2025-03-18 12:27:09 コンテンツ実体の修正ボタンをクリックしました。
2025-03-18 12:27:11 コンテンツ実体修正後のアラートを承認しました。
2025-03-18 12:27:13 修正後のステータス: 未申請
2025-03-18 12:27:13 クリック可能なボタン: 申請
2025-03-18 12:27:16 申請 ボタンのアラートを承認しました。
2025-03-18 12:27:18 申請 ボタン押下後のステータス: 未申請
2025-03-18 12:27:18 詳細ウィンドウを閉じました。
2025-03-18 12:27:18 検索画面に戻りました。
2025-03-18 12:27:20 処理完了: A1010689
2025-03-18 12:27:22 完了: A1010689
2025-03-18 12:27:24 検索条件入力完了: A1010690
2025-03-18 12:27:32 詳細ウィンドウが表示されました。
2025-03-18 12:27:32 初期ステータス: 未申請
2025-03-18 12:27:32 コンテンツ実体の修正ボタンをクリックしました。
2025-03-18 12:27:34 コンテンツ実体修正後のアラートを承認しました。
2025-03-18 12:27:36 修正後のステータス: 未申請
2025-03-18 12:27:36 クリック可能なボタン: 申請
2025-03-18 12:27:39 申請 ボタンのアラートを承認しました。
2025-03-18 12:27:41 申請 ボタン押下後のステータス: 未申請
2025-03-18 12:27:41 詳細ウィンドウを閉じました。
2025-03-18 12:27:41 検索画面に戻りました。
2025-03-18 12:27:43 処理完了: A1010690
2025-03-18 12:27:45 完了: A1010690
2025-03-18 12:27:47 検索条件入力完了: A1010691
2025-03-18 12:27:55 詳細ウィンドウが表示されました。
2025-03-18 12:27:55 初期ステータス: 未申請
2025-03-18 12:27:55 コンテンツ実体の修正ボタンをクリックしました。
2025-03-18 12:27:57 コンテンツ実体修正後のアラートを承認しました。
2025-03-18 12:27:59 修正後のステータス: 未申請
2025-03-18 12:27:59 クリック可能なボタン: 申請
2025-03-18 12:28:01 申請 ボタンのアラートを承認しました。
2025-03-18 12:28:03 申請 ボタン押下後のステータス: 未申請
2025-03-18 12:28:03 詳細ウィンドウを閉じました。
2025-03-18 12:28:03 検索画面に戻りました。
2025-03-18 12:28:05 処理完了: A1010691
2025-03-18 12:28:07 完了: A1010691
2025-03-18 12:28:09 検索条件入力完了: A1010692
2025-03-18 12:28:18 詳細ウィンドウが表示されました。
2025-03-18 12:28:18 初期ステータス: 未申請
2025-03-18 12:28:18 コンテンツ実体の修正ボタンをクリックしました。
2025-03-18 12:28:20 コンテンツ実体修正後のアラートを承認しました。
2025-03-18 12:28:22 修正後のステータス: 未申請
2025-03-18 12:28:22 クリック可能なボタン: 申請
2025-03-18 12:28:24 申請 ボタンのアラートを承認しました。
2025-03-18 12:28:26 申請 ボタン押下後のステータス: 未申請
2025-03-18 12:28:26 詳細ウィンドウを閉じました。
2025-03-18 12:28:26 検索画面に戻りました。
2025-03-18 12:28:28 処理完了: A1010692
2025-03-18 12:28:30 完了: A1010692
2025-03-18 12:28:32 検索条件入力完了: A1010693
2025-03-18 12:28:41 詳細ウィンドウが表示されました。
2025-03-18 12:28:41 初期ステータス: 未申請
2025-03-18 12:28:41 コンテンツ実体の修正ボタンをクリックしました。
2025-03-18 12:28:43 コンテンツ実体修正後のアラートを承認しました。
2025-03-18 12:28:45 修正後のステータス: 未申請
2025-03-18 12:28:45 クリック可能なボタン: 申請
2025-03-18 12:28:48 申請 ボタンのアラートを承認しました。
2025-03-18 12:28:50 申請 ボタン押下後のステータス: 未申請
2025-03-18 12:28:50 詳細ウィンドウを閉じました。
2025-03-18 12:28:50 検索画面に戻りました。
2025-03-18 12:28:52 処理完了: A1010693
2025-03-18 12:28:54 完了: A1010693
2025-03-18 12:28:56 全ての検索処理が完了しました。
