2025-03-18 13:13:57 スクリプト開始
2025-03-18 13:13:58 取得したコンテンツID: ['A1010688', 'A1010689']
2025-03-18 13:14:12 ログイン成功
2025-03-18 13:14:17 検索条件入力完了: A1010688
2025-03-18 13:14:26 詳細ウィンドウが表示されました。
2025-03-18 13:14:26 初期ステータス: 未申請
2025-03-18 13:14:26 コンテンツ実体の修正ボタンをクリックしました。
2025-03-18 13:14:28 コンテンツ実体修正後のアラートを承認しました。
2025-03-18 13:14:30 修正後のステータス: 未申請
2025-03-18 13:14:31 実体【申請】ボタンをクリックしました。
2025-03-18 13:14:33 実体【申請】確認アラートのOKを押下しました。
2025-03-18 13:14:35 申請押下後のステータス: 申請中
2025-03-18 13:14:35 詳細ウィンドウを閉じました。
2025-03-18 13:14:35 検索画面に戻りました。
2025-03-18 13:14:37 処理完了: A1010688
2025-03-18 13:14:39 完了: A1010688
2025-03-18 13:14:41 検索条件入力完了: A1010689
2025-03-18 13:14:49 詳細ウィンドウが表示されました。
2025-03-18 13:14:49 初期ステータス: 未申請
2025-03-18 13:14:49 コンテンツ実体の修正ボタンをクリックしました。
2025-03-18 13:14:51 コンテンツ実体修正後のアラートを承認しました。
2025-03-18 13:14:53 修正後のステータス: 未申請
2025-03-18 13:14:54 実体【申請】ボタンをクリックしました。
2025-03-18 13:14:56 実体【申請】確認アラートのOKを押下しました。
2025-03-18 13:14:58 申請押下後のステータス: 申請中
2025-03-18 13:14:58 詳細ウィンドウを閉じました。
2025-03-18 13:14:58 検索画面に戻りました。
2025-03-18 13:15:00 処理完了: A1010689
2025-03-18 13:15:02 完了: A1010689
2025-03-18 13:15:04 全ての検索処理が完了しました。
