2025-03-13 19:40:23 スクリプト開始
2025-03-13 19:40:23 取得したコンテンツID: ['B8008932', 'B8008933']
2025-03-13 19:40:32 ログイン成功
2025-03-13 19:40:35 検索条件入力完了: B8008932
2025-03-13 19:40:44 詳細ウィンドウが表示されました。
2025-03-13 19:40:44 初期ステータス: 申請中
2025-03-13 19:40:45 実体【承認】ボタンをクリックしました。
2025-03-13 19:40:47 実体【承認】確認アラートのOKを押下しました。
2025-03-13 19:40:49 承認押下後のステータス: 承認（公開前）
2025-03-13 19:40:49 B8008932 は『承認（公開前）』の状態のため抽出されました。
2025-03-13 19:40:49 詳細ウィンドウを閉じました。
2025-03-13 19:40:49 検索画面に戻りました。
2025-03-13 19:40:51 処理完了: B8008932
2025-03-13 19:40:53 完了: B8008932
2025-03-13 19:40:56 検索条件入力完了: B8008933
2025-03-13 19:41:04 詳細ウィンドウが表示されました。
2025-03-13 19:41:04 初期ステータス: 申請中
2025-03-13 19:41:04 実体【承認】ボタンをクリックしました。
2025-03-13 19:41:06 実体【承認】確認アラートのOKを押下しました。
2025-03-13 19:41:08 承認押下後のステータス: 承認（公開前）
2025-03-13 19:41:08 B8008933 は『承認（公開前）』の状態のため抽出されました。
2025-03-13 19:41:08 詳細ウィンドウを閉じました。
2025-03-13 19:41:08 検索画面に戻りました。
2025-03-13 19:41:10 処理完了: B8008933
2025-03-13 19:41:12 完了: B8008933
2025-03-13 19:41:14 全ての検索処理が完了しました。
