2025-03-13 19:35:03 スクリプト開始
2025-03-13 19:35:03 取得したコンテンツID: ['B8008932', 'B8008933']
2025-03-13 19:35:12 ログイン成功
2025-03-13 19:35:15 検索条件入力完了: B8008932
2025-03-13 19:35:24 詳細ウィンドウが表示されました。
2025-03-13 19:35:24 ステータス: 再申請待ち
2025-03-13 19:35:24 実体【申請】ボタンをクリックしました。
2025-03-13 19:35:26 実体【申請】確認アラートのOKを押下しました。
2025-03-13 19:35:28 詳細ウィンドウを閉じました。
2025-03-13 19:35:28 検索画面に戻りました。
2025-03-13 19:35:30 処理完了: B8008932
2025-03-13 19:35:32 完了: B8008932
2025-03-13 19:35:34 検索条件入力完了: B8008933
2025-03-13 19:35:43 詳細ウィンドウが表示されました。
2025-03-13 19:35:43 ステータス: 承認（公開済み）
2025-03-13 19:35:43 コンテンツ実体の修正ボタンをクリックしました。
2025-03-13 19:35:45 コンテンツ実体修正後のアラートを承認しました。
2025-03-13 19:35:47 修正後のステータス: 再申請待ち
2025-03-13 19:35:47 実体【申請】ボタンをクリックしました。
2025-03-13 19:35:49 実体【申請】確認アラートのOKを押下しました。
2025-03-13 19:35:51 詳細ウィンドウを閉じました。
2025-03-13 19:35:51 検索画面に戻りました。
2025-03-13 19:35:53 処理完了: B8008933
2025-03-13 19:35:55 完了: B8008933
2025-03-13 19:35:57 全ての検索処理が完了しました。
