2025-03-13 18:23:26 スクリプト開始
2025-03-13 18:23:26 取得したコンテンツID: ['B8008932', 'B8008933']
2025-03-13 18:23:38 ログイン成功
2025-03-13 18:23:40 検索条件入力完了: B8008932
2025-03-13 18:23:49 詳細ウィンドウが表示されました。
2025-03-13 18:23:49 ステータス: 再申請待ち
2025-03-13 18:23:49 実体【申請】ボタンをクリックしました。
2025-03-13 18:23:51 実体【申請】確認アラートのOKを押下しました。
2025-03-13 18:23:53 詳細ウィンドウを閉じました。
2025-03-13 18:23:53 検索画面に戻りました。
2025-03-13 18:23:55 処理完了: B8008932
2025-03-13 18:23:57 完了: B8008932
2025-03-13 18:23:59 検索条件入力完了: B8008933
2025-03-13 18:24:07 詳細ウィンドウが表示されました。
2025-03-13 18:24:07 ステータス: 再申請待ち
2025-03-13 18:24:08 実体【申請】ボタンをクリックしました。
2025-03-13 18:24:10 実体【申請】確認アラートのOKを押下しました。
2025-03-13 18:24:12 詳細ウィンドウを閉じました。
2025-03-13 18:24:12 検索画面に戻りました。
2025-03-13 18:24:14 処理完了: B8008933
2025-03-13 18:24:16 完了: B8008933
2025-03-13 18:24:18 全ての検索処理が完了しました。
