2025-03-18 11:55:11 スクリプト開始
2025-03-18 11:55:11 取得したコンテンツID: ['A1010688', 'A1010689', 'A1010690', 'A1010691', 'A1010692', 'A1010693']
2025-03-18 11:55:27 ログイン成功
2025-03-18 11:55:29 検索条件入力完了: A1010688
2025-03-18 11:55:37 詳細ウィンドウが表示されました。
2025-03-18 11:55:37 初期ステータス: 未申請
2025-03-18 11:55:37 不明なステータス: 未申請
2025-03-18 11:55:37 詳細ウィンドウを閉じました。
2025-03-18 11:55:37 検索画面に戻りました。
2025-03-18 11:55:39 処理完了: A1010688
2025-03-18 11:55:41 完了: A1010688
2025-03-18 11:55:44 検索条件入力完了: A1010689
2025-03-18 11:55:52 詳細ウィンドウが表示されました。
2025-03-18 11:55:52 初期ステータス: 未申請
2025-03-18 11:55:52 不明なステータス: 未申請
2025-03-18 11:55:52 詳細ウィンドウを閉じました。
2025-03-18 11:55:52 検索画面に戻りました。
2025-03-18 11:55:54 処理完了: A1010689
2025-03-18 11:55:56 完了: A1010689
2025-03-18 11:55:58 検索条件入力完了: A1010690
2025-03-18 11:56:06 詳細ウィンドウが表示されました。
2025-03-18 11:56:06 初期ステータス: 未申請
2025-03-18 11:56:06 不明なステータス: 未申請
2025-03-18 11:56:06 詳細ウィンドウを閉じました。
2025-03-18 11:56:06 検索画面に戻りました。
2025-03-18 11:56:09 処理完了: A1010690
2025-03-18 11:56:11 完了: A1010690
2025-03-18 11:56:13 検索条件入力完了: A1010691
2025-03-18 11:56:21 詳細ウィンドウが表示されました。
2025-03-18 11:56:21 初期ステータス: 未申請
2025-03-18 11:56:21 不明なステータス: 未申請
2025-03-18 11:56:21 詳細ウィンドウを閉じました。
2025-03-18 11:56:21 検索画面に戻りました。
2025-03-18 11:56:23 処理完了: A1010691
2025-03-18 11:56:25 完了: A1010691
2025-03-18 11:56:27 検索条件入力完了: A1010692
2025-03-18 11:56:35 詳細ウィンドウが表示されました。
2025-03-18 11:56:35 初期ステータス: 未申請
2025-03-18 11:56:35 不明なステータス: 未申請
2025-03-18 11:56:35 詳細ウィンドウを閉じました。
2025-03-18 11:56:36 検索画面に戻りました。
2025-03-18 11:56:38 処理完了: A1010692
2025-03-18 11:56:40 完了: A1010692
2025-03-18 11:56:42 検索条件入力完了: A1010693
2025-03-18 11:56:50 詳細ウィンドウが表示されました。
2025-03-18 11:56:50 初期ステータス: 未申請
2025-03-18 11:56:50 不明なステータス: 未申請
2025-03-18 11:56:50 詳細ウィンドウを閉じました。
2025-03-18 11:56:50 検索画面に戻りました。
2025-03-18 11:56:52 処理完了: A1010693
2025-03-18 11:56:54 完了: A1010693
2025-03-18 11:56:56 全ての検索処理が完了しました。
