2025-03-18 12:00:48 スクリプト開始
2025-03-18 12:00:48 取得したコンテンツID: ['A1010688', 'A1010689', 'A1010690', 'A1010691', 'A1010692', 'A1010693']
2025-03-18 12:00:59 ログイン成功
2025-03-18 12:01:01 検索条件入力完了: A1010688
2025-03-18 12:01:10 詳細ウィンドウが表示されました。
2025-03-18 12:01:10 初期ステータス: 未申請
2025-03-18 12:01:10 コンテンツ実体の修正ボタンをクリックしました。
2025-03-18 12:01:12 コンテンツ実体修正後のアラートを承認しました。
2025-03-18 12:01:14 修正後のステータス: 未申請
2025-03-18 12:01:14 不明なステータス: 未申請
2025-03-18 12:01:14 詳細ウィンドウを閉じました。
2025-03-18 12:01:14 検索画面に戻りました。
2025-03-18 12:01:16 処理完了: A1010688
2025-03-18 12:01:18 完了: A1010688
2025-03-18 12:01:20 検索条件入力完了: A1010689
2025-03-18 12:01:29 詳細ウィンドウが表示されました。
2025-03-18 12:01:29 初期ステータス: 未申請
2025-03-18 12:01:29 コンテンツ実体の修正ボタンをクリックしました。
2025-03-18 12:01:31 コンテンツ実体修正後のアラートを承認しました。
2025-03-18 12:01:33 修正後のステータス: 未申請
2025-03-18 12:01:33 不明なステータス: 未申請
2025-03-18 12:01:33 詳細ウィンドウを閉じました。
2025-03-18 12:01:33 検索画面に戻りました。
2025-03-18 12:01:35 処理完了: A1010689
2025-03-18 12:01:37 完了: A1010689
2025-03-18 12:01:39 検索条件入力完了: A1010690
2025-03-18 12:01:47 詳細ウィンドウが表示されました。
2025-03-18 12:01:47 初期ステータス: 未申請
2025-03-18 12:01:48 コンテンツ実体の修正ボタンをクリックしました。
2025-03-18 12:01:50 コンテンツ実体修正後のアラートを承認しました。
2025-03-18 12:01:52 修正後のステータス: 未申請
2025-03-18 12:01:52 不明なステータス: 未申請
2025-03-18 12:01:52 詳細ウィンドウを閉じました。
2025-03-18 12:01:52 検索画面に戻りました。
2025-03-18 12:01:54 処理完了: A1010690
2025-03-18 12:01:56 完了: A1010690
2025-03-18 12:01:58 検索条件入力完了: A1010691
2025-03-18 12:02:07 詳細ウィンドウが表示されました。
2025-03-18 12:02:07 初期ステータス: 未申請
2025-03-18 12:02:07 コンテンツ実体の修正ボタンをクリックしました。
2025-03-18 12:02:09 コンテンツ実体修正後のアラートを承認しました。
2025-03-18 12:02:11 修正後のステータス: 未申請
2025-03-18 12:02:11 不明なステータス: 未申請
2025-03-18 12:02:11 詳細ウィンドウを閉じました。
2025-03-18 12:02:11 検索画面に戻りました。
2025-03-18 12:02:13 処理完了: A1010691
2025-03-18 12:02:15 完了: A1010691
2025-03-18 12:02:17 検索条件入力完了: A1010692
2025-03-18 12:02:26 詳細ウィンドウが表示されました。
2025-03-18 12:02:26 初期ステータス: 未申請
2025-03-18 12:02:26 コンテンツ実体の修正ボタンをクリックしました。
2025-03-18 12:02:28 コンテンツ実体修正後のアラートを承認しました。
2025-03-18 12:02:30 修正後のステータス: 未申請
2025-03-18 12:02:30 不明なステータス: 未申請
2025-03-18 12:02:30 詳細ウィンドウを閉じました。
2025-03-18 12:02:30 検索画面に戻りました。
2025-03-18 12:02:32 処理完了: A1010692
2025-03-18 12:02:34 完了: A1010692
2025-03-18 12:02:36 検索条件入力完了: A1010693
2025-03-18 12:02:45 詳細ウィンドウが表示されました。
2025-03-18 12:02:45 初期ステータス: 未申請
2025-03-18 12:02:45 コンテンツ実体の修正ボタンをクリックしました。
2025-03-18 12:02:47 コンテンツ実体修正後のアラートを承認しました。
2025-03-18 12:02:49 修正後のステータス: 未申請
2025-03-18 12:02:49 不明なステータス: 未申請
2025-03-18 12:02:49 詳細ウィンドウを閉じました。
2025-03-18 12:02:49 検索画面に戻りました。
2025-03-18 12:02:51 処理完了: A1010693
2025-03-18 12:02:53 完了: A1010693
2025-03-18 12:02:55 全ての検索処理が完了しました。
